{"C:\\Users\\HP-PC\\Desktop\\adc__v1\\banka\\api\\test\\admin-test-spec.js":{"path":"C:\\Users\\HP-PC\\Desktop\\adc__v1\\banka\\api\\test\\admin-test-spec.js","statementMap":{},"fnMap":{},"branchMap":{},"s":{},"f":{},"b":{},"_coverageSchema":"43e27e138ebf9cfc5966b082cf9a028302ed4184","hash":"3bda5408e2e5b32c4ea53c0e194e296d2884c141","contentHash":"5155344d5a18fe0cc238575cbf04b233517211f5786a06466372e9a4e3f9a289"},"C:\\Users\\HP-PC\\Desktop\\adc__v1\\banka\\api\\test\\cashier-test-spec.js":{"path":"C:\\Users\\HP-PC\\Desktop\\adc__v1\\banka\\api\\test\\cashier-test-spec.js","statementMap":{"0":{"start":{"line":3,"column":12},"end":{"line":3,"column":51}},"1":{"start":{"line":5,"column":16},"end":{"line":5,"column":60}},"2":{"start":{"line":7,"column":11},"end":{"line":7,"column":52}},"3":{"start":{"line":9,"column":39},"end":{"line":9,"column":95}},"4":{"start":{"line":11,"column":0},"end":{"line":11,"column":43}},"5":{"start":{"line":13,"column":0},"end":{"line":13,"column":26}},"6":{"start":{"line":15,"column":0},"end":{"line":405,"column":3}},"7":{"start":{"line":16,"column":2},"end":{"line":133,"column":5}},"8":{"start":{"line":17,"column":4},"end":{"line":31,"column":7}},"9":{"start":{"line":18,"column":18},"end":{"line":20,"column":7}},"10":{"start":{"line":22,"column":6},"end":{"line":30,"column":9}},"11":{"start":{"line":23,"column":8},"end":{"line":23,"column":35}},"12":{"start":{"line":24,"column":8},"end":{"line":24,"column":36}},"13":{"start":{"line":25,"column":8},"end":{"line":25,"column":48}},"14":{"start":{"line":26,"column":8},"end":{"line":26,"column":45}},"15":{"start":{"line":27,"column":8},"end":{"line":27,"column":43}},"16":{"start":{"line":28,"column":8},"end":{"line":28,"column":56}},"17":{"start":{"line":29,"column":8},"end":{"line":29,"column":15}},"18":{"start":{"line":32,"column":4},"end":{"line":47,"column":7}},"19":{"start":{"line":33,"column":18},"end":{"line":36,"column":7}},"20":{"start":{"line":38,"column":6},"end":{"line":46,"column":9}},"21":{"start":{"line":39,"column":8},"end":{"line":39,"column":35}},"22":{"start":{"line":40,"column":8},"end":{"line":40,"column":36}},"23":{"start":{"line":41,"column":8},"end":{"line":41,"column":48}},"24":{"start":{"line":42,"column":8},"end":{"line":42,"column":45}},"25":{"start":{"line":43,"column":8},"end":{"line":43,"column":43}},"26":{"start":{"line":44,"column":8},"end":{"line":44,"column":52}},"27":{"start":{"line":45,"column":8},"end":{"line":45,"column":15}},"28":{"start":{"line":48,"column":4},"end":{"line":62,"column":7}},"29":{"start":{"line":49,"column":18},"end":{"line":51,"column":7}},"30":{"start":{"line":53,"column":6},"end":{"line":61,"column":9}},"31":{"start":{"line":54,"column":8},"end":{"line":54,"column":35}},"32":{"start":{"line":55,"column":8},"end":{"line":55,"column":36}},"33":{"start":{"line":56,"column":8},"end":{"line":56,"column":48}},"34":{"start":{"line":57,"column":8},"end":{"line":57,"column":45}},"35":{"start":{"line":58,"column":8},"end":{"line":58,"column":43}},"36":{"start":{"line":59,"column":8},"end":{"line":59,"column":59}},"37":{"start":{"line":60,"column":8},"end":{"line":60,"column":15}},"38":{"start":{"line":63,"column":4},"end":{"line":80,"column":7}},"39":{"start":{"line":64,"column":18},"end":{"line":67,"column":7}},"40":{"start":{"line":69,"column":6},"end":{"line":79,"column":9}},"41":{"start":{"line":70,"column":8},"end":{"line":70,"column":35}},"42":{"start":{"line":71,"column":8},"end":{"line":71,"column":36}},"43":{"start":{"line":72,"column":8},"end":{"line":72,"column":48}},"44":{"start":{"line":73,"column":8},"end":{"line":73,"column":43}},"45":{"start":{"line":74,"column":8},"end":{"line":74,"column":45}},"46":{"start":{"line":75,"column":8},"end":{"line":75,"column":53}},"47":{"start":{"line":76,"column":8},"end":{"line":76,"column":46}},"48":{"start":{"line":77,"column":8},"end":{"line":77,"column":43}},"49":{"start":{"line":78,"column":8},"end":{"line":78,"column":15}},"50":{"start":{"line":81,"column":4},"end":{"line":98,"column":7}},"51":{"start":{"line":82,"column":18},"end":{"line":85,"column":7}},"52":{"start":{"line":87,"column":6},"end":{"line":97,"column":9}},"53":{"start":{"line":88,"column":8},"end":{"line":88,"column":35}},"54":{"start":{"line":89,"column":8},"end":{"line":89,"column":36}},"55":{"start":{"line":90,"column":8},"end":{"line":90,"column":48}},"56":{"start":{"line":91,"column":8},"end":{"line":91,"column":43}},"57":{"start":{"line":92,"column":8},"end":{"line":92,"column":45}},"58":{"start":{"line":93,"column":8},"end":{"line":93,"column":51}},"59":{"start":{"line":94,"column":8},"end":{"line":94,"column":46}},"60":{"start":{"line":95,"column":8},"end":{"line":95,"column":43}},"61":{"start":{"line":96,"column":8},"end":{"line":96,"column":15}},"62":{"start":{"line":99,"column":4},"end":{"line":116,"column":7}},"63":{"start":{"line":100,"column":18},"end":{"line":103,"column":7}},"64":{"start":{"line":105,"column":6},"end":{"line":115,"column":9}},"65":{"start":{"line":106,"column":8},"end":{"line":106,"column":36}},"66":{"start":{"line":107,"column":8},"end":{"line":107,"column":47}},"67":{"start":{"line":108,"column":8},"end":{"line":108,"column":48}},"68":{"start":{"line":109,"column":8},"end":{"line":109,"column":43}},"69":{"start":{"line":110,"column":8},"end":{"line":110,"column":46}},"70":{"start":{"line":111,"column":8},"end":{"line":111,"column":43}},"71":{"start":{"line":112,"column":8},"end":{"line":112,"column":45}},"72":{"start":{"line":113,"column":8},"end":{"line":113,"column":52}},"73":{"start":{"line":114,"column":8},"end":{"line":114,"column":15}},"74":{"start":{"line":117,"column":4},"end":{"line":132,"column":7}},"75":{"start":{"line":118,"column":18},"end":{"line":121,"column":7}},"76":{"start":{"line":123,"column":6},"end":{"line":131,"column":9}},"77":{"start":{"line":124,"column":8},"end":{"line":124,"column":36}},"78":{"start":{"line":125,"column":8},"end":{"line":125,"column":47}},"79":{"start":{"line":126,"column":8},"end":{"line":126,"column":46}},"80":{"start":{"line":127,"column":8},"end":{"line":127,"column":42}},"81":{"start":{"line":128,"column":8},"end":{"line":128,"column":45}},"82":{"start":{"line":129,"column":8},"end":{"line":129,"column":55}},"83":{"start":{"line":130,"column":8},"end":{"line":130,"column":15}},"84":{"start":{"line":134,"column":2},"end":{"line":200,"column":5}},"85":{"start":{"line":135,"column":24},"end":{"line":138,"column":5}},"86":{"start":{"line":140,"column":4},"end":{"line":145,"column":7}},"87":{"start":{"line":141,"column":6},"end":{"line":144,"column":9}},"88":{"start":{"line":142,"column":8},"end":{"line":142,"column":36}},"89":{"start":{"line":143,"column":8},"end":{"line":143,"column":15}},"90":{"start":{"line":146,"column":4},"end":{"line":161,"column":7}},"91":{"start":{"line":147,"column":26},"end":{"line":147,"column":38}},"92":{"start":{"line":148,"column":24},"end":{"line":151,"column":7}},"93":{"start":{"line":153,"column":6},"end":{"line":160,"column":9}},"94":{"start":{"line":154,"column":8},"end":{"line":154,"column":36}},"95":{"start":{"line":155,"column":8},"end":{"line":155,"column":48}},"96":{"start":{"line":156,"column":8},"end":{"line":156,"column":43}},"97":{"start":{"line":157,"column":8},"end":{"line":157,"column":45}},"98":{"start":{"line":158,"column":8},"end":{"line":158,"column":64}},"99":{"start":{"line":159,"column":8},"end":{"line":159,"column":15}},"100":{"start":{"line":162,"column":4},"end":{"line":180,"column":7}},"101":{"start":{"line":163,"column":24},"end":{"line":168,"column":7}},"102":{"start":{"line":170,"column":6},"end":{"line":179,"column":9}},"103":{"start":{"line":171,"column":8},"end":{"line":171,"column":36}},"104":{"start":{"line":172,"column":8},"end":{"line":172,"column":48}},"105":{"start":{"line":173,"column":8},"end":{"line":173,"column":43}},"106":{"start":{"line":174,"column":8},"end":{"line":174,"column":45}},"107":{"start":{"line":175,"column":8},"end":{"line":175,"column":47}},"108":{"start":{"line":176,"column":8},"end":{"line":176,"column":46}},"109":{"start":{"line":177,"column":8},"end":{"line":177,"column":43}},"110":{"start":{"line":178,"column":8},"end":{"line":178,"column":15}},"111":{"start":{"line":181,"column":4},"end":{"line":199,"column":7}},"112":{"start":{"line":182,"column":24},"end":{"line":187,"column":7}},"113":{"start":{"line":189,"column":6},"end":{"line":198,"column":9}},"114":{"start":{"line":190,"column":8},"end":{"line":190,"column":36}},"115":{"start":{"line":191,"column":8},"end":{"line":191,"column":48}},"116":{"start":{"line":192,"column":8},"end":{"line":192,"column":43}},"117":{"start":{"line":193,"column":8},"end":{"line":193,"column":45}},"118":{"start":{"line":194,"column":8},"end":{"line":194,"column":57}},"119":{"start":{"line":195,"column":8},"end":{"line":195,"column":46}},"120":{"start":{"line":196,"column":8},"end":{"line":196,"column":43}},"121":{"start":{"line":197,"column":8},"end":{"line":197,"column":15}},"122":{"start":{"line":201,"column":2},"end":{"line":242,"column":5}},"123":{"start":{"line":202,"column":24},"end":{"line":205,"column":5}},"124":{"start":{"line":207,"column":4},"end":{"line":212,"column":7}},"125":{"start":{"line":208,"column":6},"end":{"line":211,"column":9}},"126":{"start":{"line":209,"column":8},"end":{"line":209,"column":36}},"127":{"start":{"line":210,"column":8},"end":{"line":210,"column":15}},"128":{"start":{"line":213,"column":4},"end":{"line":222,"column":7}},"129":{"start":{"line":214,"column":6},"end":{"line":221,"column":9}},"130":{"start":{"line":215,"column":8},"end":{"line":215,"column":36}},"131":{"start":{"line":216,"column":8},"end":{"line":216,"column":48}},"132":{"start":{"line":217,"column":8},"end":{"line":217,"column":43}},"133":{"start":{"line":218,"column":8},"end":{"line":218,"column":45}},"134":{"start":{"line":219,"column":8},"end":{"line":219,"column":47}},"135":{"start":{"line":220,"column":8},"end":{"line":220,"column":15}},"136":{"start":{"line":223,"column":4},"end":{"line":232,"column":7}},"137":{"start":{"line":224,"column":6},"end":{"line":231,"column":9}},"138":{"start":{"line":225,"column":8},"end":{"line":225,"column":36}},"139":{"start":{"line":226,"column":8},"end":{"line":226,"column":48}},"140":{"start":{"line":227,"column":8},"end":{"line":227,"column":43}},"141":{"start":{"line":228,"column":8},"end":{"line":228,"column":45}},"142":{"start":{"line":229,"column":8},"end":{"line":229,"column":57}},"143":{"start":{"line":230,"column":8},"end":{"line":230,"column":15}},"144":{"start":{"line":233,"column":4},"end":{"line":241,"column":7}},"145":{"start":{"line":234,"column":6},"end":{"line":240,"column":9}},"146":{"start":{"line":235,"column":8},"end":{"line":235,"column":36}},"147":{"start":{"line":236,"column":8},"end":{"line":236,"column":48}},"148":{"start":{"line":237,"column":8},"end":{"line":237,"column":43}},"149":{"start":{"line":238,"column":8},"end":{"line":238,"column":46}},"150":{"start":{"line":239,"column":8},"end":{"line":239,"column":15}},"151":{"start":{"line":243,"column":2},"end":{"line":303,"column":5}},"152":{"start":{"line":244,"column":24},"end":{"line":247,"column":5}},"153":{"start":{"line":249,"column":4},"end":{"line":254,"column":7}},"154":{"start":{"line":250,"column":6},"end":{"line":253,"column":9}},"155":{"start":{"line":251,"column":8},"end":{"line":251,"column":36}},"156":{"start":{"line":252,"column":8},"end":{"line":252,"column":15}},"157":{"start":{"line":255,"column":4},"end":{"line":266,"column":7}},"158":{"start":{"line":256,"column":26},"end":{"line":256,"column":37}},"159":{"start":{"line":258,"column":6},"end":{"line":265,"column":9}},"160":{"start":{"line":259,"column":8},"end":{"line":259,"column":36}},"161":{"start":{"line":260,"column":8},"end":{"line":260,"column":48}},"162":{"start":{"line":261,"column":8},"end":{"line":261,"column":43}},"163":{"start":{"line":262,"column":8},"end":{"line":262,"column":45}},"164":{"start":{"line":263,"column":8},"end":{"line":263,"column":47}},"165":{"start":{"line":264,"column":8},"end":{"line":264,"column":15}},"166":{"start":{"line":267,"column":4},"end":{"line":278,"column":7}},"167":{"start":{"line":268,"column":26},"end":{"line":268,"column":38}},"168":{"start":{"line":270,"column":6},"end":{"line":277,"column":9}},"169":{"start":{"line":271,"column":8},"end":{"line":271,"column":36}},"170":{"start":{"line":272,"column":8},"end":{"line":272,"column":48}},"171":{"start":{"line":273,"column":8},"end":{"line":273,"column":43}},"172":{"start":{"line":274,"column":8},"end":{"line":274,"column":45}},"173":{"start":{"line":275,"column":8},"end":{"line":275,"column":57}},"174":{"start":{"line":276,"column":8},"end":{"line":276,"column":15}},"175":{"start":{"line":279,"column":4},"end":{"line":290,"column":7}},"176":{"start":{"line":280,"column":26},"end":{"line":280,"column":39}},"177":{"start":{"line":282,"column":6},"end":{"line":289,"column":9}},"178":{"start":{"line":283,"column":8},"end":{"line":283,"column":36}},"179":{"start":{"line":284,"column":8},"end":{"line":284,"column":48}},"180":{"start":{"line":285,"column":8},"end":{"line":285,"column":43}},"181":{"start":{"line":286,"column":8},"end":{"line":286,"column":45}},"182":{"start":{"line":287,"column":8},"end":{"line":287,"column":53}},"183":{"start":{"line":288,"column":8},"end":{"line":288,"column":15}},"184":{"start":{"line":291,"column":4},"end":{"line":302,"column":7}},"185":{"start":{"line":292,"column":26},"end":{"line":292,"column":38}},"186":{"start":{"line":294,"column":6},"end":{"line":301,"column":9}},"187":{"start":{"line":295,"column":8},"end":{"line":295,"column":36}},"188":{"start":{"line":296,"column":8},"end":{"line":296,"column":48}},"189":{"start":{"line":297,"column":8},"end":{"line":297,"column":43}},"190":{"start":{"line":298,"column":8},"end":{"line":298,"column":50}},"191":{"start":{"line":299,"column":8},"end":{"line":299,"column":57}},"192":{"start":{"line":300,"column":8},"end":{"line":300,"column":15}},"193":{"start":{"line":304,"column":2},"end":{"line":351,"column":5}},"194":{"start":{"line":305,"column":24},"end":{"line":308,"column":5}},"195":{"start":{"line":310,"column":4},"end":{"line":315,"column":7}},"196":{"start":{"line":311,"column":6},"end":{"line":314,"column":9}},"197":{"start":{"line":312,"column":8},"end":{"line":312,"column":36}},"198":{"start":{"line":313,"column":8},"end":{"line":313,"column":15}},"199":{"start":{"line":316,"column":4},"end":{"line":327,"column":7}},"200":{"start":{"line":317,"column":19},"end":{"line":317,"column":27}},"201":{"start":{"line":319,"column":6},"end":{"line":326,"column":9}},"202":{"start":{"line":320,"column":8},"end":{"line":320,"column":36}},"203":{"start":{"line":321,"column":8},"end":{"line":321,"column":48}},"204":{"start":{"line":322,"column":8},"end":{"line":322,"column":43}},"205":{"start":{"line":323,"column":8},"end":{"line":323,"column":45}},"206":{"start":{"line":324,"column":8},"end":{"line":324,"column":47}},"207":{"start":{"line":325,"column":8},"end":{"line":325,"column":15}},"208":{"start":{"line":328,"column":4},"end":{"line":339,"column":7}},"209":{"start":{"line":329,"column":19},"end":{"line":329,"column":28}},"210":{"start":{"line":331,"column":6},"end":{"line":338,"column":9}},"211":{"start":{"line":332,"column":8},"end":{"line":332,"column":36}},"212":{"start":{"line":333,"column":8},"end":{"line":333,"column":48}},"213":{"start":{"line":334,"column":8},"end":{"line":334,"column":43}},"214":{"start":{"line":335,"column":8},"end":{"line":335,"column":45}},"215":{"start":{"line":336,"column":8},"end":{"line":336,"column":57}},"216":{"start":{"line":337,"column":8},"end":{"line":337,"column":15}},"217":{"start":{"line":340,"column":4},"end":{"line":350,"column":7}},"218":{"start":{"line":341,"column":19},"end":{"line":341,"column":28}},"219":{"start":{"line":343,"column":6},"end":{"line":349,"column":9}},"220":{"start":{"line":344,"column":8},"end":{"line":344,"column":36}},"221":{"start":{"line":345,"column":8},"end":{"line":345,"column":48}},"222":{"start":{"line":346,"column":8},"end":{"line":346,"column":43}},"223":{"start":{"line":347,"column":8},"end":{"line":347,"column":46}},"224":{"start":{"line":348,"column":8},"end":{"line":348,"column":15}},"225":{"start":{"line":352,"column":2},"end":{"line":404,"column":5}},"226":{"start":{"line":353,"column":24},"end":{"line":356,"column":5}},"227":{"start":{"line":358,"column":4},"end":{"line":363,"column":7}},"228":{"start":{"line":359,"column":6},"end":{"line":362,"column":9}},"229":{"start":{"line":360,"column":8},"end":{"line":360,"column":36}},"230":{"start":{"line":361,"column":8},"end":{"line":361,"column":15}},"231":{"start":{"line":364,"column":4},"end":{"line":377,"column":7}},"232":{"start":{"line":365,"column":26},"end":{"line":365,"column":38}},"233":{"start":{"line":367,"column":6},"end":{"line":376,"column":9}},"234":{"start":{"line":368,"column":8},"end":{"line":368,"column":36}},"235":{"start":{"line":369,"column":8},"end":{"line":369,"column":48}},"236":{"start":{"line":370,"column":8},"end":{"line":370,"column":43}},"237":{"start":{"line":371,"column":8},"end":{"line":371,"column":45}},"238":{"start":{"line":372,"column":8},"end":{"line":372,"column":47}},"239":{"start":{"line":373,"column":8},"end":{"line":373,"column":46}},"240":{"start":{"line":374,"column":8},"end":{"line":374,"column":43}},"241":{"start":{"line":375,"column":8},"end":{"line":375,"column":15}},"242":{"start":{"line":378,"column":4},"end":{"line":391,"column":7}},"243":{"start":{"line":379,"column":26},"end":{"line":379,"column":38}},"244":{"start":{"line":381,"column":6},"end":{"line":390,"column":9}},"245":{"start":{"line":382,"column":8},"end":{"line":382,"column":36}},"246":{"start":{"line":383,"column":8},"end":{"line":383,"column":48}},"247":{"start":{"line":384,"column":8},"end":{"line":384,"column":43}},"248":{"start":{"line":385,"column":8},"end":{"line":385,"column":45}},"249":{"start":{"line":386,"column":8},"end":{"line":386,"column":57}},"250":{"start":{"line":387,"column":8},"end":{"line":387,"column":46}},"251":{"start":{"line":388,"column":8},"end":{"line":388,"column":43}},"252":{"start":{"line":389,"column":8},"end":{"line":389,"column":15}},"253":{"start":{"line":392,"column":4},"end":{"line":403,"column":7}},"254":{"start":{"line":393,"column":26},"end":{"line":393,"column":38}},"255":{"start":{"line":395,"column":6},"end":{"line":402,"column":9}},"256":{"start":{"line":396,"column":8},"end":{"line":396,"column":36}},"257":{"start":{"line":397,"column":8},"end":{"line":397,"column":48}},"258":{"start":{"line":398,"column":8},"end":{"line":398,"column":43}},"259":{"start":{"line":399,"column":8},"end":{"line":399,"column":45}},"260":{"start":{"line":400,"column":8},"end":{"line":400,"column":54}},"261":{"start":{"line":401,"column":8},"end":{"line":401,"column":15}}},"fnMap":{"0":{"name":"_interopRequireDefault","decl":{"start":{"line":9,"column":9},"end":{"line":9,"column":31}},"loc":{"start":{"line":9,"column":37},"end":{"line":9,"column":97}},"line":9},"1":{"name":"(anonymous_1)","decl":{"start":{"line":15,"column":20},"end":{"line":15,"column":21}},"loc":{"start":{"line":15,"column":32},"end":{"line":405,"column":1}},"line":15},"2":{"name":"(anonymous_2)","decl":{"start":{"line":16,"column":20},"end":{"line":16,"column":21}},"loc":{"start":{"line":16,"column":32},"end":{"line":133,"column":3}},"line":16},"3":{"name":"(anonymous_3)","decl":{"start":{"line":17,"column":49},"end":{"line":17,"column":50}},"loc":{"start":{"line":17,"column":65},"end":{"line":31,"column":5}},"line":17},"4":{"name":"(anonymous_4)","decl":{"start":{"line":22,"column":97},"end":{"line":22,"column":98}},"loc":{"start":{"line":22,"column":117},"end":{"line":30,"column":7}},"line":22},"5":{"name":"(anonymous_5)","decl":{"start":{"line":32,"column":64},"end":{"line":32,"column":65}},"loc":{"start":{"line":32,"column":80},"end":{"line":47,"column":5}},"line":32},"6":{"name":"(anonymous_6)","decl":{"start":{"line":38,"column":97},"end":{"line":38,"column":98}},"loc":{"start":{"line":38,"column":117},"end":{"line":46,"column":7}},"line":38},"7":{"name":"(anonymous_7)","decl":{"start":{"line":48,"column":52},"end":{"line":48,"column":53}},"loc":{"start":{"line":48,"column":68},"end":{"line":62,"column":5}},"line":48},"8":{"name":"(anonymous_8)","decl":{"start":{"line":53,"column":97},"end":{"line":53,"column":98}},"loc":{"start":{"line":53,"column":117},"end":{"line":61,"column":7}},"line":53},"9":{"name":"(anonymous_9)","decl":{"start":{"line":63,"column":66},"end":{"line":63,"column":67}},"loc":{"start":{"line":63,"column":82},"end":{"line":80,"column":5}},"line":63},"10":{"name":"(anonymous_10)","decl":{"start":{"line":69,"column":97},"end":{"line":69,"column":98}},"loc":{"start":{"line":69,"column":117},"end":{"line":79,"column":7}},"line":69},"11":{"name":"(anonymous_11)","decl":{"start":{"line":81,"column":65},"end":{"line":81,"column":66}},"loc":{"start":{"line":81,"column":81},"end":{"line":98,"column":5}},"line":81},"12":{"name":"(anonymous_12)","decl":{"start":{"line":87,"column":97},"end":{"line":87,"column":98}},"loc":{"start":{"line":87,"column":117},"end":{"line":97,"column":7}},"line":87},"13":{"name":"(anonymous_13)","decl":{"start":{"line":99,"column":65},"end":{"line":99,"column":66}},"loc":{"start":{"line":99,"column":81},"end":{"line":116,"column":5}},"line":99},"14":{"name":"(anonymous_14)","decl":{"start":{"line":105,"column":97},"end":{"line":105,"column":98}},"loc":{"start":{"line":105,"column":117},"end":{"line":115,"column":7}},"line":105},"15":{"name":"(anonymous_15)","decl":{"start":{"line":117,"column":58},"end":{"line":117,"column":59}},"loc":{"start":{"line":117,"column":74},"end":{"line":132,"column":5}},"line":117},"16":{"name":"(anonymous_16)","decl":{"start":{"line":123,"column":97},"end":{"line":123,"column":98}},"loc":{"start":{"line":123,"column":117},"end":{"line":131,"column":7}},"line":123},"17":{"name":"(anonymous_17)","decl":{"start":{"line":134,"column":52},"end":{"line":134,"column":53}},"loc":{"start":{"line":134,"column":64},"end":{"line":200,"column":3}},"line":134},"18":{"name":"(anonymous_18)","decl":{"start":{"line":140,"column":11},"end":{"line":140,"column":12}},"loc":{"start":{"line":140,"column":27},"end":{"line":145,"column":5}},"line":140},"19":{"name":"(anonymous_19)","decl":{"start":{"line":141,"column":105},"end":{"line":141,"column":106}},"loc":{"start":{"line":141,"column":125},"end":{"line":144,"column":7}},"line":141},"20":{"name":"(anonymous_20)","decl":{"start":{"line":146,"column":67},"end":{"line":146,"column":68}},"loc":{"start":{"line":146,"column":83},"end":{"line":161,"column":5}},"line":146},"21":{"name":"(anonymous_21)","decl":{"start":{"line":153,"column":122},"end":{"line":153,"column":123}},"loc":{"start":{"line":153,"column":142},"end":{"line":160,"column":7}},"line":153},"22":{"name":"(anonymous_22)","decl":{"start":{"line":162,"column":56},"end":{"line":162,"column":57}},"loc":{"start":{"line":162,"column":72},"end":{"line":180,"column":5}},"line":162},"23":{"name":"(anonymous_23)","decl":{"start":{"line":170,"column":160},"end":{"line":170,"column":161}},"loc":{"start":{"line":170,"column":180},"end":{"line":179,"column":7}},"line":170},"24":{"name":"(anonymous_24)","decl":{"start":{"line":181,"column":67},"end":{"line":181,"column":68}},"loc":{"start":{"line":181,"column":83},"end":{"line":199,"column":5}},"line":181},"25":{"name":"(anonymous_25)","decl":{"start":{"line":189,"column":194},"end":{"line":189,"column":195}},"loc":{"start":{"line":189,"column":214},"end":{"line":198,"column":7}},"line":189},"26":{"name":"(anonymous_26)","decl":{"start":{"line":201,"column":38},"end":{"line":201,"column":39}},"loc":{"start":{"line":201,"column":50},"end":{"line":242,"column":3}},"line":201},"27":{"name":"(anonymous_27)","decl":{"start":{"line":207,"column":11},"end":{"line":207,"column":12}},"loc":{"start":{"line":207,"column":27},"end":{"line":212,"column":5}},"line":207},"28":{"name":"(anonymous_28)","decl":{"start":{"line":208,"column":105},"end":{"line":208,"column":106}},"loc":{"start":{"line":208,"column":125},"end":{"line":211,"column":7}},"line":208},"29":{"name":"(anonymous_29)","decl":{"start":{"line":213,"column":54},"end":{"line":213,"column":55}},"loc":{"start":{"line":213,"column":70},"end":{"line":222,"column":5}},"line":213},"30":{"name":"(anonymous_30)","decl":{"start":{"line":214,"column":102},"end":{"line":214,"column":103}},"loc":{"start":{"line":214,"column":122},"end":{"line":221,"column":7}},"line":214},"31":{"name":"(anonymous_31)","decl":{"start":{"line":223,"column":67},"end":{"line":223,"column":68}},"loc":{"start":{"line":223,"column":83},"end":{"line":232,"column":5}},"line":223},"32":{"name":"(anonymous_32)","decl":{"start":{"line":224,"column":136},"end":{"line":224,"column":137}},"loc":{"start":{"line":224,"column":156},"end":{"line":231,"column":7}},"line":224},"33":{"name":"(anonymous_33)","decl":{"start":{"line":233,"column":39},"end":{"line":233,"column":40}},"loc":{"start":{"line":233,"column":55},"end":{"line":241,"column":5}},"line":233},"34":{"name":"(anonymous_34)","decl":{"start":{"line":234,"column":110},"end":{"line":234,"column":111}},"loc":{"start":{"line":234,"column":130},"end":{"line":240,"column":7}},"line":234},"35":{"name":"(anonymous_35)","decl":{"start":{"line":243,"column":33},"end":{"line":243,"column":34}},"loc":{"start":{"line":243,"column":45},"end":{"line":303,"column":3}},"line":243},"36":{"name":"(anonymous_36)","decl":{"start":{"line":249,"column":11},"end":{"line":249,"column":12}},"loc":{"start":{"line":249,"column":27},"end":{"line":254,"column":5}},"line":249},"37":{"name":"(anonymous_37)","decl":{"start":{"line":250,"column":105},"end":{"line":250,"column":106}},"loc":{"start":{"line":250,"column":125},"end":{"line":253,"column":7}},"line":250},"38":{"name":"(anonymous_38)","decl":{"start":{"line":255,"column":65},"end":{"line":255,"column":66}},"loc":{"start":{"line":255,"column":81},"end":{"line":266,"column":5}},"line":255},"39":{"name":"(anonymous_39)","decl":{"start":{"line":258,"column":116},"end":{"line":258,"column":117}},"loc":{"start":{"line":258,"column":136},"end":{"line":265,"column":7}},"line":258},"40":{"name":"(anonymous_40)","decl":{"start":{"line":267,"column":67},"end":{"line":267,"column":68}},"loc":{"start":{"line":267,"column":83},"end":{"line":278,"column":5}},"line":267},"41":{"name":"(anonymous_41)","decl":{"start":{"line":270,"column":150},"end":{"line":270,"column":151}},"loc":{"start":{"line":270,"column":170},"end":{"line":277,"column":7}},"line":270},"42":{"name":"(anonymous_42)","decl":{"start":{"line":279,"column":68},"end":{"line":279,"column":69}},"loc":{"start":{"line":279,"column":84},"end":{"line":290,"column":5}},"line":279},"43":{"name":"(anonymous_43)","decl":{"start":{"line":282,"column":124},"end":{"line":282,"column":125}},"loc":{"start":{"line":282,"column":144},"end":{"line":289,"column":7}},"line":282},"44":{"name":"(anonymous_44)","decl":{"start":{"line":291,"column":55},"end":{"line":291,"column":56}},"loc":{"start":{"line":291,"column":71},"end":{"line":302,"column":5}},"line":291},"45":{"name":"(anonymous_45)","decl":{"start":{"line":294,"column":124},"end":{"line":294,"column":125}},"loc":{"start":{"line":294,"column":144},"end":{"line":301,"column":7}},"line":294},"46":{"name":"(anonymous_46)","decl":{"start":{"line":304,"column":50},"end":{"line":304,"column":51}},"loc":{"start":{"line":304,"column":62},"end":{"line":351,"column":3}},"line":304},"47":{"name":"(anonymous_47)","decl":{"start":{"line":310,"column":11},"end":{"line":310,"column":12}},"loc":{"start":{"line":310,"column":27},"end":{"line":315,"column":5}},"line":310},"48":{"name":"(anonymous_48)","decl":{"start":{"line":311,"column":105},"end":{"line":311,"column":106}},"loc":{"start":{"line":311,"column":125},"end":{"line":314,"column":7}},"line":311},"49":{"name":"(anonymous_49)","decl":{"start":{"line":316,"column":66},"end":{"line":316,"column":67}},"loc":{"start":{"line":316,"column":82},"end":{"line":327,"column":5}},"line":316},"50":{"name":"(anonymous_50)","decl":{"start":{"line":319,"column":120},"end":{"line":319,"column":121}},"loc":{"start":{"line":319,"column":140},"end":{"line":326,"column":7}},"line":319},"51":{"name":"(anonymous_51)","decl":{"start":{"line":328,"column":78},"end":{"line":328,"column":79}},"loc":{"start":{"line":328,"column":94},"end":{"line":339,"column":5}},"line":328},"52":{"name":"(anonymous_52)","decl":{"start":{"line":331,"column":155},"end":{"line":331,"column":156}},"loc":{"start":{"line":331,"column":175},"end":{"line":338,"column":7}},"line":331},"53":{"name":"(anonymous_53)","decl":{"start":{"line":340,"column":50},"end":{"line":340,"column":51}},"loc":{"start":{"line":340,"column":66},"end":{"line":350,"column":5}},"line":340},"54":{"name":"(anonymous_54)","decl":{"start":{"line":343,"column":128},"end":{"line":343,"column":129}},"loc":{"start":{"line":343,"column":148},"end":{"line":349,"column":7}},"line":343},"55":{"name":"(anonymous_55)","decl":{"start":{"line":352,"column":39},"end":{"line":352,"column":40}},"loc":{"start":{"line":352,"column":51},"end":{"line":404,"column":3}},"line":352},"56":{"name":"(anonymous_56)","decl":{"start":{"line":358,"column":11},"end":{"line":358,"column":12}},"loc":{"start":{"line":358,"column":27},"end":{"line":363,"column":5}},"line":358},"57":{"name":"(anonymous_57)","decl":{"start":{"line":359,"column":105},"end":{"line":359,"column":106}},"loc":{"start":{"line":359,"column":125},"end":{"line":362,"column":7}},"line":359},"58":{"name":"(anonymous_58)","decl":{"start":{"line":364,"column":55},"end":{"line":364,"column":56}},"loc":{"start":{"line":364,"column":71},"end":{"line":377,"column":5}},"line":364},"59":{"name":"(anonymous_59)","decl":{"start":{"line":367,"column":131},"end":{"line":367,"column":132}},"loc":{"start":{"line":367,"column":151},"end":{"line":376,"column":7}},"line":367},"60":{"name":"(anonymous_60)","decl":{"start":{"line":378,"column":66},"end":{"line":378,"column":67}},"loc":{"start":{"line":378,"column":82},"end":{"line":391,"column":5}},"line":378},"61":{"name":"(anonymous_61)","decl":{"start":{"line":381,"column":164},"end":{"line":381,"column":165}},"loc":{"start":{"line":381,"column":184},"end":{"line":390,"column":7}},"line":381},"62":{"name":"(anonymous_62)","decl":{"start":{"line":392,"column":44},"end":{"line":392,"column":45}},"loc":{"start":{"line":392,"column":60},"end":{"line":403,"column":5}},"line":392},"63":{"name":"(anonymous_63)","decl":{"start":{"line":395,"column":139},"end":{"line":395,"column":140}},"loc":{"start":{"line":395,"column":159},"end":{"line":402,"column":7}},"line":395}},"branchMap":{"0":{"loc":{"start":{"line":9,"column":46},"end":{"line":9,"column":94}},"type":"cond-expr","locations":[{"start":{"line":9,"column":70},"end":{"line":9,"column":73}},{"start":{"line":9,"column":76},"end":{"line":9,"column":94}}],"line":9},"1":{"loc":{"start":{"line":9,"column":46},"end":{"line":9,"column":67}},"type":"binary-expr","locations":[{"start":{"line":9,"column":46},"end":{"line":9,"column":49}},{"start":{"line":9,"column":53},"end":{"line":9,"column":67}}],"line":9}},"s":{"0":1,"1":1,"2":1,"3":3,"4":1,"5":1,"6":1,"7":1,"8":1,"9":1,"10":1,"11":1,"12":1,"13":1,"14":1,"15":1,"16":1,"17":1,"18":1,"19":1,"20":1,"21":1,"22":1,"23":1,"24":1,"25":1,"26":1,"27":1,"28":1,"29":1,"30":1,"31":1,"32":1,"33":1,"34":1,"35":1,"36":1,"37":1,"38":1,"39":1,"40":1,"41":1,"42":1,"43":1,"44":1,"45":1,"46":1,"47":1,"48":1,"49":1,"50":1,"51":1,"52":1,"53":1,"54":1,"55":1,"56":1,"57":1,"58":1,"59":1,"60":1,"61":1,"62":1,"63":1,"64":1,"65":1,"66":1,"67":1,"68":1,"69":1,"70":1,"71":1,"72":1,"73":1,"74":1,"75":1,"76":1,"77":1,"78":1,"79":1,"80":1,"81":1,"82":1,"83":1,"84":1,"85":1,"86":1,"87":1,"88":1,"89":1,"90":1,"91":1,"92":1,"93":1,"94":1,"95":1,"96":1,"97":1,"98":1,"99":1,"100":1,"101":1,"102":1,"103":1,"104":1,"105":1,"106":1,"107":1,"108":1,"109":1,"110":1,"111":1,"112":1,"113":1,"114":1,"115":1,"116":1,"117":1,"118":1,"119":1,"120":1,"121":1,"122":1,"123":1,"124":1,"125":1,"126":1,"127":1,"128":1,"129":1,"130":1,"131":1,"132":1,"133":1,"134":1,"135":1,"136":1,"137":1,"138":1,"139":1,"140":1,"141":1,"142":1,"143":1,"144":1,"145":1,"146":1,"147":1,"148":1,"149":1,"150":1,"151":1,"152":1,"153":1,"154":1,"155":1,"156":1,"157":1,"158":1,"159":1,"160":1,"161":1,"162":1,"163":1,"164":1,"165":1,"166":1,"167":1,"168":1,"169":1,"170":1,"171":1,"172":1,"173":1,"174":1,"175":1,"176":1,"177":1,"178":1,"179":1,"180":1,"181":1,"182":1,"183":1,"184":1,"185":1,"186":1,"187":1,"188":1,"189":1,"190":1,"191":1,"192":1,"193":1,"194":1,"195":1,"196":1,"197":1,"198":1,"199":1,"200":1,"201":1,"202":1,"203":1,"204":1,"205":1,"206":1,"207":1,"208":1,"209":1,"210":1,"211":1,"212":1,"213":1,"214":1,"215":1,"216":1,"217":1,"218":1,"219":1,"220":1,"221":1,"222":1,"223":1,"224":1,"225":1,"226":1,"227":1,"228":1,"229":1,"230":1,"231":1,"232":1,"233":1,"234":1,"235":1,"236":1,"237":1,"238":1,"239":1,"240":1,"241":1,"242":1,"243":1,"244":1,"245":1,"246":1,"247":1,"248":1,"249":1,"250":1,"251":1,"252":1,"253":1,"254":1,"255":1,"256":1,"257":1,"258":1,"259":1,"260":1,"261":1},"f":{"0":3,"1":1,"2":1,"3":1,"4":1,"5":1,"6":1,"7":1,"8":1,"9":1,"10":1,"11":1,"12":1,"13":1,"14":1,"15":1,"16":1,"17":1,"18":1,"19":1,"20":1,"21":1,"22":1,"23":1,"24":1,"25":1,"26":1,"27":1,"28":1,"29":1,"30":1,"31":1,"32":1,"33":1,"34":1,"35":1,"36":1,"37":1,"38":1,"39":1,"40":1,"41":1,"42":1,"43":1,"44":1,"45":1,"46":1,"47":1,"48":1,"49":1,"50":1,"51":1,"52":1,"53":1,"54":1,"55":1,"56":1,"57":1,"58":1,"59":1,"60":1,"61":1,"62":1,"63":1},"b":{"0":[1,2],"1":[3,3]},"_coverageSchema":"43e27e138ebf9cfc5966b082cf9a028302ed4184","hash":"a34f5ff0a3f259c3b9d28119365ed83c474ec459","contentHash":"f6af998c61205472548f08df726e78cd17365d2a47332f508ccff7be803dd427"},"C:\\Users\\HP-PC\\Desktop\\adc__v1\\banka\\api\\app.js":{"path":"C:\\Users\\HP-PC\\Desktop\\adc__v1\\banka\\api\\app.js","statementMap":{"0":{"start":{"line":3,"column":0},"end":{"line":5,"column":3}},"1":{"start":{"line":6,"column":0},"end":{"line":6,"column":28}},"2":{"start":{"line":8,"column":15},"end":{"line":8,"column":57}},"3":{"start":{"line":10,"column":18},"end":{"line":10,"column":64}},"4":{"start":{"line":12,"column":12},"end":{"line":12,"column":51}},"5":{"start":{"line":14,"column":19},"end":{"line":14,"column":74}},"6":{"start":{"line":16,"column":39},"end":{"line":16,"column":95}},"7":{"start":{"line":18,"column":10},"end":{"line":18,"column":36}},"8":{"start":{"line":19,"column":0},"end":{"line":19,"column":39}},"9":{"start":{"line":20,"column":0},"end":{"line":22,"column":4}},"10":{"start":{"line":23,"column":0},"end":{"line":23,"column":38}},"11":{"start":{"line":24,"column":0},"end":{"line":24,"column":82}},"12":{"start":{"line":25,"column":11},"end":{"line":25,"column":35}},"13":{"start":{"line":26,"column":0},"end":{"line":30,"column":3}},"14":{"start":{"line":27,"column":2},"end":{"line":27,"column":21}},"15":{"start":{"line":27,"column":11},"end":{"line":27,"column":21}},"16":{"start":{"line":29,"column":2},"end":{"line":29,"column":55}},"17":{"start":{"line":31,"column":15},"end":{"line":31,"column":18}},"18":{"start":{"line":32,"column":0},"end":{"line":32,"column":30}}},"fnMap":{"0":{"name":"_interopRequireDefault","decl":{"start":{"line":16,"column":9},"end":{"line":16,"column":31}},"loc":{"start":{"line":16,"column":37},"end":{"line":16,"column":97}},"line":16},"1":{"name":"(anonymous_1)","decl":{"start":{"line":26,"column":17},"end":{"line":26,"column":18}},"loc":{"start":{"line":26,"column":32},"end":{"line":30,"column":1}},"line":26}},"branchMap":{"0":{"loc":{"start":{"line":16,"column":46},"end":{"line":16,"column":94}},"type":"cond-expr","locations":[{"start":{"line":16,"column":70},"end":{"line":16,"column":73}},{"start":{"line":16,"column":76},"end":{"line":16,"column":94}}],"line":16},"1":{"loc":{"start":{"line":16,"column":46},"end":{"line":16,"column":67}},"type":"binary-expr","locations":[{"start":{"line":16,"column":46},"end":{"line":16,"column":49}},{"start":{"line":16,"column":53},"end":{"line":16,"column":67}}],"line":16},"2":{"loc":{"start":{"line":25,"column":11},"end":{"line":25,"column":35}},"type":"binary-expr","locations":[{"start":{"line":25,"column":11},"end":{"line":25,"column":27}},{"start":{"line":25,"column":31},"end":{"line":25,"column":35}}],"line":25},"3":{"loc":{"start":{"line":27,"column":2},"end":{"line":27,"column":21}},"type":"if","locations":[{"start":{"line":27,"column":2},"end":{"line":27,"column":21}},{"start":{"line":27,"column":2},"end":{"line":27,"column":21}}],"line":27}},"s":{"0":1,"1":1,"2":1,"3":1,"4":1,"5":1,"6":4,"7":1,"8":1,"9":1,"10":1,"11":1,"12":1,"13":1,"14":1,"15":0,"16":1,"17":1,"18":1},"f":{"0":4,"1":1},"b":{"0":[1,3],"1":[4,4],"2":[1,1],"3":[0,1]},"_coverageSchema":"43e27e138ebf9cfc5966b082cf9a028302ed4184","hash":"7e3f2bc95937f7d292182be398ec970661f07ed1","contentHash":"503520e19ab5f62bfe88c0d4564aed937656faa6e0073fef03e31aa15d10e69b"},"C:\\Users\\HP-PC\\Desktop\\adc__v1\\banka\\api\\routes\\bankaroutes.js":{"path":"C:\\Users\\HP-PC\\Desktop\\adc__v1\\banka\\api\\routes\\bankaroutes.js","statementMap":{"0":{"start":{"line":3,"column":0},"end":{"line":5,"column":3}},"1":{"start":{"line":6,"column":0},"end":{"line":6,"column":28}},"2":{"start":{"line":8,"column":15},"end":{"line":8,"column":33}},"3":{"start":{"line":10,"column":23},"end":{"line":10,"column":89}},"4":{"start":{"line":12,"column":23},"end":{"line":12,"column":89}},"5":{"start":{"line":14,"column":23},"end":{"line":14,"column":89}},"6":{"start":{"line":16,"column":17},"end":{"line":16,"column":73}},"7":{"start":{"line":18,"column":39},"end":{"line":18,"column":95}},"8":{"start":{"line":20,"column":13},"end":{"line":20,"column":35}},"9":{"start":{"line":21,"column":0},"end":{"line":21,"column":51}},"10":{"start":{"line":22,"column":0},"end":{"line":22,"column":119}},"11":{"start":{"line":23,"column":0},"end":{"line":23,"column":110}},"12":{"start":{"line":24,"column":0},"end":{"line":24,"column":125}},"13":{"start":{"line":25,"column":0},"end":{"line":25,"column":128}},"14":{"start":{"line":26,"column":0},"end":{"line":26,"column":81}},"15":{"start":{"line":27,"column":0},"end":{"line":27,"column":130}},"16":{"start":{"line":28,"column":0},"end":{"line":28,"column":117}},"17":{"start":{"line":29,"column":0},"end":{"line":29,"column":133}},"18":{"start":{"line":30,"column":0},"end":{"line":30,"column":95}},"19":{"start":{"line":31,"column":0},"end":{"line":31,"column":76}},"20":{"start":{"line":33,"column":0},"end":{"line":33,"column":85}},"21":{"start":{"line":35,"column":0},"end":{"line":35,"column":89}},"22":{"start":{"line":37,"column":0},"end":{"line":37,"column":117}},"23":{"start":{"line":38,"column":0},"end":{"line":38,"column":148}},"24":{"start":{"line":39,"column":0},"end":{"line":39,"column":119}},"25":{"start":{"line":40,"column":0},"end":{"line":40,"column":133}},"26":{"start":{"line":41,"column":15},"end":{"line":41,"column":21}},"27":{"start":{"line":42,"column":0},"end":{"line":42,"column":30}}},"fnMap":{"0":{"name":"_interopRequireDefault","decl":{"start":{"line":18,"column":9},"end":{"line":18,"column":31}},"loc":{"start":{"line":18,"column":37},"end":{"line":18,"column":97}},"line":18}},"branchMap":{"0":{"loc":{"start":{"line":18,"column":46},"end":{"line":18,"column":94}},"type":"cond-expr","locations":[{"start":{"line":18,"column":70},"end":{"line":18,"column":73}},{"start":{"line":18,"column":76},"end":{"line":18,"column":94}}],"line":18},"1":{"loc":{"start":{"line":18,"column":46},"end":{"line":18,"column":67}},"type":"binary-expr","locations":[{"start":{"line":18,"column":46},"end":{"line":18,"column":49}},{"start":{"line":18,"column":53},"end":{"line":18,"column":67}}],"line":18}},"s":{"0":1,"1":1,"2":1,"3":1,"4":1,"5":1,"6":1,"7":4,"8":1,"9":1,"10":1,"11":1,"12":1,"13":1,"14":1,"15":1,"16":1,"17":1,"18":1,"19":1,"20":1,"21":1,"22":1,"23":1,"24":1,"25":1,"26":1,"27":1},"f":{"0":4},"b":{"0":[4,0],"1":[4,4]},"_coverageSchema":"43e27e138ebf9cfc5966b082cf9a028302ed4184","hash":"de69fbb24a5f6b97e4fab5a672d45e19e631765f","contentHash":"aade2735b68a0365a52f08363e9b7e6b0e45794adbbc9e1b7ebc92b91613cf9f"},"C:\\Users\\HP-PC\\Desktop\\adc__v1\\banka\\api\\controllers\\users-controller.js":{"path":"C:\\Users\\HP-PC\\Desktop\\adc__v1\\banka\\api\\controllers\\users-controller.js","statementMap":{"0":{"start":{"line":3,"column":0},"end":{"line":5,"column":3}},"1":{"start":{"line":6,"column":0},"end":{"line":6,"column":28}},"2":{"start":{"line":8,"column":20},"end":{"line":8,"column":67}},"3":{"start":{"line":10,"column":14},"end":{"line":10,"column":55}},"4":{"start":{"line":12,"column":10},"end":{"line":12,"column":23}},"5":{"start":{"line":14,"column":14},"end":{"line":14,"column":55}},"6":{"start":{"line":16,"column":14},"end":{"line":16,"column":61}},"7":{"start":{"line":18,"column":0},"end":{"line":18,"column":27}},"8":{"start":{"line":20,"column":39},"end":{"line":20,"column":95}},"9":{"start":{"line":22,"column":77},"end":{"line":22,"column":175}},"10":{"start":{"line":22,"column":94},"end":{"line":22,"column":107}},"11":{"start":{"line":22,"column":121},"end":{"line":22,"column":131}},"12":{"start":{"line":22,"column":151},"end":{"line":22,"column":165}},"13":{"start":{"line":22,"column":166},"end":{"line":22,"column":173}},"14":{"start":{"line":22,"column":176},"end":{"line":22,"column":263}},"15":{"start":{"line":22,"column":193},"end":{"line":22,"column":208}},"16":{"start":{"line":22,"column":218},"end":{"line":22,"column":261}},"17":{"start":{"line":24,"column":33},"end":{"line":24,"column":387}},"18":{"start":{"line":24,"column":65},"end":{"line":24,"column":69}},"19":{"start":{"line":24,"column":78},"end":{"line":24,"column":87}},"20":{"start":{"line":24,"column":89},"end":{"line":24,"column":384}},"21":{"start":{"line":24,"column":147},"end":{"line":24,"column":167}},"22":{"start":{"line":24,"column":193},"end":{"line":24,"column":264}},"23":{"start":{"line":24,"column":290},"end":{"line":24,"column":360}},"24":{"start":{"line":24,"column":363},"end":{"line":24,"column":380}},"25":{"start":{"line":26,"column":50},"end":{"line":26,"column":151}},"26":{"start":{"line":26,"column":92},"end":{"line":26,"column":149}},"27":{"start":{"line":28,"column":44},"end":{"line":28,"column":315}},"28":{"start":{"line":28,"column":57},"end":{"line":28,"column":58}},"29":{"start":{"line":28,"column":102},"end":{"line":28,"column":110}},"30":{"start":{"line":28,"column":112},"end":{"line":28,"column":167}},"31":{"start":{"line":28,"column":168},"end":{"line":28,"column":199}},"32":{"start":{"line":28,"column":200},"end":{"line":28,"column":254}},"33":{"start":{"line":28,"column":227},"end":{"line":28,"column":254}},"34":{"start":{"line":28,"column":255},"end":{"line":28,"column":313}},"35":{"start":{"line":30,"column":62},"end":{"line":30,"column":131}},"36":{"start":{"line":30,"column":78},"end":{"line":30,"column":131}},"37":{"start":{"line":30,"column":132},"end":{"line":30,"column":193}},"38":{"start":{"line":30,"column":149},"end":{"line":30,"column":193}},"39":{"start":{"line":30,"column":194},"end":{"line":30,"column":213}},"40":{"start":{"line":32,"column":0},"end":{"line":32,"column":28}},"41":{"start":{"line":34,"column":11},"end":{"line":36,"column":2}},"42":{"start":{"line":40,"column":0},"end":{"line":326,"column":3}},"43":{"start":{"line":42,"column":4},"end":{"line":42,"column":42}},"44":{"start":{"line":45,"column":2},"end":{"line":323,"column":6}},"45":{"start":{"line":48,"column":6},"end":{"line":48,"column":35}},"46":{"start":{"line":53,"column":22},"end":{"line":53,"column":30}},"47":{"start":{"line":54,"column":18},"end":{"line":54,"column":33}},"48":{"start":{"line":55,"column":21},"end":{"line":55,"column":39}},"49":{"start":{"line":57,"column":27},"end":{"line":57,"column":67}},"50":{"start":{"line":59,"column":27},"end":{"line":59,"column":69}},"51":{"start":{"line":60,"column":6},"end":{"line":86,"column":9}},"52":{"start":{"line":61,"column":8},"end":{"line":61,"column":27}},"53":{"start":{"line":61,"column":17},"end":{"line":61,"column":27}},"54":{"start":{"line":63,"column":8},"end":{"line":68,"column":9}},"55":{"start":{"line":64,"column":10},"end":{"line":67,"column":13}},"56":{"start":{"line":70,"column":26},"end":{"line":70,"column":108}},"57":{"start":{"line":71,"column":8},"end":{"line":85,"column":11}},"58":{"start":{"line":72,"column":10},"end":{"line":72,"column":33}},"59":{"start":{"line":72,"column":21},"end":{"line":72,"column":33}},"60":{"start":{"line":74,"column":22},"end":{"line":78,"column":12}},"61":{"start":{"line":80,"column":10},"end":{"line":84,"column":13}},"62":{"start":{"line":91,"column":23},"end":{"line":91,"column":31}},"63":{"start":{"line":92,"column":18},"end":{"line":92,"column":34}},"64":{"start":{"line":93,"column":21},"end":{"line":93,"column":40}},"65":{"start":{"line":94,"column":27},"end":{"line":94,"column":123}},"66":{"start":{"line":95,"column":6},"end":{"line":129,"column":9}},"67":{"start":{"line":96,"column":8},"end":{"line":96,"column":34}},"68":{"start":{"line":96,"column":17},"end":{"line":96,"column":34}},"69":{"start":{"line":98,"column":8},"end":{"line":105,"column":9}},"70":{"start":{"line":99,"column":10},"end":{"line":104,"column":13}},"71":{"start":{"line":107,"column":26},"end":{"line":107,"column":91}},"72":{"start":{"line":109,"column":8},"end":{"line":116,"column":9}},"73":{"start":{"line":110,"column":10},"end":{"line":115,"column":13}},"74":{"start":{"line":118,"column":20},"end":{"line":122,"column":10}},"75":{"start":{"line":124,"column":8},"end":{"line":128,"column":11}},"76":{"start":{"line":134,"column":18},"end":{"line":134,"column":47}},"77":{"start":{"line":135,"column":6},"end":{"line":139,"column":9}},"78":{"start":{"line":135,"column":18},"end":{"line":139,"column":9}},"79":{"start":{"line":141,"column":6},"end":{"line":213,"column":9}},"80":{"start":{"line":142,"column":8},"end":{"line":146,"column":11}},"81":{"start":{"line":142,"column":17},"end":{"line":146,"column":11}},"82":{"start":{"line":147,"column":25},"end":{"line":147,"column":33}},"83":{"start":{"line":148,"column":24},"end":{"line":148,"column":44}},"84":{"start":{"line":149,"column":23},"end":{"line":149,"column":42}},"85":{"start":{"line":150,"column":22},"end":{"line":150,"column":40}},"86":{"start":{"line":151,"column":20},"end":{"line":151,"column":36}},"87":{"start":{"line":152,"column":19},"end":{"line":152,"column":34}},"88":{"start":{"line":153,"column":25},"end":{"line":153,"column":46}},"89":{"start":{"line":154,"column":21},"end":{"line":154,"column":38}},"90":{"start":{"line":155,"column":22},"end":{"line":155,"column":40}},"91":{"start":{"line":156,"column":17},"end":{"line":156,"column":27}},"92":{"start":{"line":157,"column":24},"end":{"line":157,"column":78}},"93":{"start":{"line":158,"column":8},"end":{"line":212,"column":13}},"94":{"start":{"line":161,"column":21},"end":{"line":207,"column":13}},"95":{"start":{"line":165,"column":12},"end":{"line":206,"column":24}},"96":{"start":{"line":166,"column":14},"end":{"line":205,"column":15}},"97":{"start":{"line":167,"column":16},"end":{"line":204,"column":17}},"98":{"start":{"line":169,"column":20},"end":{"line":172,"column":21}},"99":{"start":{"line":170,"column":22},"end":{"line":170,"column":40}},"100":{"start":{"line":171,"column":22},"end":{"line":171,"column":28}},"101":{"start":{"line":174,"column":20},"end":{"line":177,"column":24}},"102":{"start":{"line":180,"column":20},"end":{"line":183,"column":21}},"103":{"start":{"line":181,"column":22},"end":{"line":181,"column":40}},"104":{"start":{"line":182,"column":22},"end":{"line":182,"column":28}},"105":{"start":{"line":185,"column":20},"end":{"line":185,"column":38}},"106":{"start":{"line":186,"column":20},"end":{"line":189,"column":23}},"107":{"start":{"line":192,"column":20},"end":{"line":192,"column":45}},"108":{"start":{"line":193,"column":20},"end":{"line":193,"column":204}},"109":{"start":{"line":194,"column":20},"end":{"line":199,"column":23}},"110":{"start":{"line":195,"column":22},"end":{"line":198,"column":25}},"111":{"start":{"line":203,"column":20},"end":{"line":203,"column":43}},"112":{"start":{"line":209,"column":10},"end":{"line":211,"column":12}},"113":{"start":{"line":210,"column":12},"end":{"line":210,"column":47}},"114":{"start":{"line":218,"column":18},"end":{"line":218,"column":47}},"115":{"start":{"line":219,"column":6},"end":{"line":223,"column":9}},"116":{"start":{"line":219,"column":18},"end":{"line":223,"column":9}},"117":{"start":{"line":225,"column":6},"end":{"line":255,"column":9}},"118":{"start":{"line":226,"column":8},"end":{"line":230,"column":11}},"119":{"start":{"line":226,"column":17},"end":{"line":230,"column":11}},"120":{"start":{"line":231,"column":17},"end":{"line":231,"column":27}},"121":{"start":{"line":232,"column":22},"end":{"line":232,"column":67}},"122":{"start":{"line":233,"column":8},"end":{"line":254,"column":11}},"123":{"start":{"line":234,"column":10},"end":{"line":236,"column":11}},"124":{"start":{"line":235,"column":12},"end":{"line":235,"column":31}},"125":{"start":{"line":238,"column":10},"end":{"line":241,"column":13}},"126":{"start":{"line":238,"column":38},"end":{"line":241,"column":13}},"127":{"start":{"line":242,"column":27},"end":{"line":242,"column":35}},"128":{"start":{"line":243,"column":20},"end":{"line":243,"column":34}},"129":{"start":{"line":244,"column":28},"end":{"line":244,"column":50}},"130":{"start":{"line":245,"column":24},"end":{"line":245,"column":48}},"131":{"start":{"line":246,"column":28},"end":{"line":246,"column":111}},"132":{"start":{"line":247,"column":10},"end":{"line":253,"column":13}},"133":{"start":{"line":248,"column":12},"end":{"line":248,"column":33}},"134":{"start":{"line":248,"column":23},"end":{"line":248,"column":33}},"135":{"start":{"line":249,"column":12},"end":{"line":252,"column":15}},"136":{"start":{"line":260,"column":6},"end":{"line":263,"column":9}},"137":{"start":{"line":260,"column":27},"end":{"line":263,"column":9}},"138":{"start":{"line":264,"column":17},"end":{"line":264,"column":31}},"139":{"start":{"line":265,"column":20},"end":{"line":267,"column":8}},"140":{"start":{"line":266,"column":8},"end":{"line":266,"column":37}},"141":{"start":{"line":268,"column":6},"end":{"line":271,"column":9}},"142":{"start":{"line":268,"column":20},"end":{"line":271,"column":9}},"143":{"start":{"line":272,"column":6},"end":{"line":275,"column":9}},"144":{"start":{"line":280,"column":18},"end":{"line":280,"column":47}},"145":{"start":{"line":281,"column":6},"end":{"line":285,"column":9}},"146":{"start":{"line":281,"column":18},"end":{"line":285,"column":9}},"147":{"start":{"line":287,"column":6},"end":{"line":321,"column":9}},"148":{"start":{"line":288,"column":8},"end":{"line":292,"column":11}},"149":{"start":{"line":288,"column":17},"end":{"line":292,"column":11}},"150":{"start":{"line":293,"column":17},"end":{"line":293,"column":27}},"151":{"start":{"line":294,"column":24},"end":{"line":294,"column":89}},"152":{"start":{"line":295,"column":8},"end":{"line":320,"column":11}},"153":{"start":{"line":296,"column":10},"end":{"line":299,"column":13}},"154":{"start":{"line":296,"column":39},"end":{"line":299,"column":13}},"155":{"start":{"line":300,"column":27},"end":{"line":300,"column":35}},"156":{"start":{"line":301,"column":28},"end":{"line":301,"column":50}},"157":{"start":{"line":302,"column":28},"end":{"line":302,"column":50}},"158":{"start":{"line":304,"column":35},"end":{"line":304,"column":103}},"159":{"start":{"line":306,"column":10},"end":{"line":309,"column":13}},"160":{"start":{"line":306,"column":35},"end":{"line":309,"column":13}},"161":{"start":{"line":311,"column":31},"end":{"line":311,"column":74}},"162":{"start":{"line":313,"column":30},"end":{"line":313,"column":76}},"163":{"start":{"line":314,"column":10},"end":{"line":319,"column":13}},"164":{"start":{"line":315,"column":12},"end":{"line":318,"column":15}},"165":{"start":{"line":325,"column":2},"end":{"line":325,"column":24}},"166":{"start":{"line":328,"column":15},"end":{"line":328,"column":29}},"167":{"start":{"line":329,"column":0},"end":{"line":329,"column":30}}},"fnMap":{"0":{"name":"_interopRequireDefault","decl":{"start":{"line":20,"column":9},"end":{"line":20,"column":31}},"loc":{"start":{"line":20,"column":37},"end":{"line":20,"column":97}},"line":20},"1":{"name":"asyncGeneratorStep","decl":{"start":{"line":22,"column":9},"end":{"line":22,"column":27}},"loc":{"start":{"line":22,"column":75},"end":{"line":22,"column":265}},"line":22},"2":{"name":"_asyncToGenerator","decl":{"start":{"line":24,"column":9},"end":{"line":24,"column":26}},"loc":{"start":{"line":24,"column":31},"end":{"line":24,"column":389}},"line":24},"3":{"name":"(anonymous_3)","decl":{"start":{"line":24,"column":40},"end":{"line":24,"column":41}},"loc":{"start":{"line":24,"column":52},"end":{"line":24,"column":386}},"line":24},"4":{"name":"(anonymous_4)","decl":{"start":{"line":24,"column":108},"end":{"line":24,"column":109}},"loc":{"start":{"line":24,"column":135},"end":{"line":24,"column":382}},"line":24},"5":{"name":"_next","decl":{"start":{"line":24,"column":178},"end":{"line":24,"column":183}},"loc":{"start":{"line":24,"column":191},"end":{"line":24,"column":266}},"line":24},"6":{"name":"_throw","decl":{"start":{"line":24,"column":276},"end":{"line":24,"column":282}},"loc":{"start":{"line":24,"column":288},"end":{"line":24,"column":362}},"line":24},"7":{"name":"_classCallCheck","decl":{"start":{"line":26,"column":9},"end":{"line":26,"column":24}},"loc":{"start":{"line":26,"column":48},"end":{"line":26,"column":153}},"line":26},"8":{"name":"_defineProperties","decl":{"start":{"line":28,"column":9},"end":{"line":28,"column":26}},"loc":{"start":{"line":28,"column":42},"end":{"line":28,"column":317}},"line":28},"9":{"name":"_createClass","decl":{"start":{"line":30,"column":9},"end":{"line":30,"column":21}},"loc":{"start":{"line":30,"column":60},"end":{"line":30,"column":215}},"line":30},"10":{"name":"(anonymous_10)","decl":{"start":{"line":40,"column":0},"end":{"line":40,"column":1}},"loc":{"start":{"line":40,"column":12},"end":{"line":326,"column":1}},"line":40},"11":{"name":"userController","decl":{"start":{"line":41,"column":11},"end":{"line":41,"column":25}},"loc":{"start":{"line":41,"column":28},"end":{"line":43,"column":3}},"line":41},"12":{"name":"index","decl":{"start":{"line":47,"column":20},"end":{"line":47,"column":25}},"loc":{"start":{"line":47,"column":36},"end":{"line":49,"column":5}},"line":47},"13":{"name":"userSignUp","decl":{"start":{"line":52,"column":20},"end":{"line":52,"column":30}},"loc":{"start":{"line":52,"column":41},"end":{"line":87,"column":5}},"line":52},"14":{"name":"(anonymous_14)","decl":{"start":{"line":60,"column":42},"end":{"line":60,"column":43}},"loc":{"start":{"line":60,"column":65},"end":{"line":86,"column":7}},"line":60},"15":{"name":"(anonymous_15)","decl":{"start":{"line":71,"column":74},"end":{"line":71,"column":75}},"loc":{"start":{"line":71,"column":91},"end":{"line":85,"column":9}},"line":71},"16":{"name":"userLogin","decl":{"start":{"line":90,"column":20},"end":{"line":90,"column":29}},"loc":{"start":{"line":90,"column":46},"end":{"line":130,"column":5}},"line":90},"17":{"name":"(anonymous_17)","decl":{"start":{"line":95,"column":52},"end":{"line":95,"column":53}},"loc":{"start":{"line":95,"column":75},"end":{"line":129,"column":7}},"line":95},"18":{"name":"updateProfile","decl":{"start":{"line":133,"column":20},"end":{"line":133,"column":33}},"loc":{"start":{"line":133,"column":44},"end":{"line":214,"column":5}},"line":133},"19":{"name":"(anonymous_19)","decl":{"start":{"line":141,"column":72},"end":{"line":141,"column":73}},"loc":{"start":{"line":141,"column":96},"end":{"line":213,"column":7}},"line":141},"20":{"name":"(anonymous_20)","decl":{"start":{"line":160,"column":8},"end":{"line":160,"column":9}},"loc":{"start":{"line":160,"column":20},"end":{"line":212,"column":9}},"line":160},"21":{"name":"_callee","decl":{"start":{"line":163,"column":43},"end":{"line":163,"column":50}},"loc":{"start":{"line":163,"column":66},"end":{"line":207,"column":11}},"line":163},"22":{"name":"_callee$","decl":{"start":{"line":165,"column":52},"end":{"line":165,"column":60}},"loc":{"start":{"line":165,"column":71},"end":{"line":206,"column":13}},"line":165},"23":{"name":"(anonymous_23)","decl":{"start":{"line":194,"column":140},"end":{"line":194,"column":141}},"loc":{"start":{"line":194,"column":152},"end":{"line":199,"column":21}},"line":194},"24":{"name":"(anonymous_24)","decl":{"start":{"line":209,"column":17},"end":{"line":209,"column":18}},"loc":{"start":{"line":209,"column":36},"end":{"line":211,"column":11}},"line":209},"25":{"name":"createBankAccount","decl":{"start":{"line":217,"column":20},"end":{"line":217,"column":37}},"loc":{"start":{"line":217,"column":54},"end":{"line":256,"column":5}},"line":217},"26":{"name":"(anonymous_26)","decl":{"start":{"line":225,"column":72},"end":{"line":225,"column":73}},"loc":{"start":{"line":225,"column":96},"end":{"line":255,"column":7}},"line":225},"27":{"name":"(anonymous_27)","decl":{"start":{"line":233,"column":34},"end":{"line":233,"column":35}},"loc":{"start":{"line":233,"column":59},"end":{"line":254,"column":9}},"line":233},"28":{"name":"(anonymous_28)","decl":{"start":{"line":247,"column":67},"end":{"line":247,"column":68}},"loc":{"start":{"line":247,"column":82},"end":{"line":253,"column":11}},"line":247},"29":{"name":"resetPassword","decl":{"start":{"line":259,"column":20},"end":{"line":259,"column":33}},"loc":{"start":{"line":259,"column":44},"end":{"line":276,"column":5}},"line":259},"30":{"name":"(anonymous_30)","decl":{"start":{"line":265,"column":31},"end":{"line":265,"column":32}},"loc":{"start":{"line":265,"column":49},"end":{"line":267,"column":7}},"line":265},"31":{"name":"changePassword","decl":{"start":{"line":279,"column":20},"end":{"line":279,"column":34}},"loc":{"start":{"line":279,"column":45},"end":{"line":322,"column":5}},"line":279},"32":{"name":"(anonymous_32)","decl":{"start":{"line":287,"column":72},"end":{"line":287,"column":73}},"loc":{"start":{"line":287,"column":96},"end":{"line":321,"column":7}},"line":287},"33":{"name":"(anonymous_33)","decl":{"start":{"line":295,"column":46},"end":{"line":295,"column":47}},"loc":{"start":{"line":295,"column":69},"end":{"line":320,"column":9}},"line":295},"34":{"name":"(anonymous_34)","decl":{"start":{"line":314,"column":58},"end":{"line":314,"column":59}},"loc":{"start":{"line":314,"column":70},"end":{"line":319,"column":11}},"line":314}},"branchMap":{"0":{"loc":{"start":{"line":20,"column":46},"end":{"line":20,"column":94}},"type":"cond-expr","locations":[{"start":{"line":20,"column":70},"end":{"line":20,"column":73}},{"start":{"line":20,"column":76},"end":{"line":20,"column":94}}],"line":20},"1":{"loc":{"start":{"line":20,"column":46},"end":{"line":20,"column":67}},"type":"binary-expr","locations":[{"start":{"line":20,"column":46},"end":{"line":20,"column":49}},{"start":{"line":20,"column":53},"end":{"line":20,"column":67}}],"line":20},"2":{"loc":{"start":{"line":22,"column":176},"end":{"line":22,"column":263}},"type":"if","locations":[{"start":{"line":22,"column":176},"end":{"line":22,"column":263}},{"start":{"line":22,"column":176},"end":{"line":22,"column":263}}],"line":22},"3":{"loc":{"start":{"line":26,"column":50},"end":{"line":26,"column":151}},"type":"if","locations":[{"start":{"line":26,"column":50},"end":{"line":26,"column":151}},{"start":{"line":26,"column":50},"end":{"line":26,"column":151}}],"line":26},"4":{"loc":{"start":{"line":28,"column":136},"end":{"line":28,"column":166}},"type":"binary-expr","locations":[{"start":{"line":28,"column":136},"end":{"line":28,"column":157}},{"start":{"line":28,"column":161},"end":{"line":28,"column":166}}],"line":28},"5":{"loc":{"start":{"line":28,"column":200},"end":{"line":28,"column":254}},"type":"if","locations":[{"start":{"line":28,"column":200},"end":{"line":28,"column":254}},{"start":{"line":28,"column":200},"end":{"line":28,"column":254}}],"line":28},"6":{"loc":{"start":{"line":30,"column":62},"end":{"line":30,"column":131}},"type":"if","locations":[{"start":{"line":30,"column":62},"end":{"line":30,"column":131}},{"start":{"line":30,"column":62},"end":{"line":30,"column":131}}],"line":30},"7":{"loc":{"start":{"line":30,"column":132},"end":{"line":30,"column":193}},"type":"if","locations":[{"start":{"line":30,"column":132},"end":{"line":30,"column":193}},{"start":{"line":30,"column":132},"end":{"line":30,"column":193}}],"line":30},"8":{"loc":{"start":{"line":61,"column":8},"end":{"line":61,"column":27}},"type":"if","locations":[{"start":{"line":61,"column":8},"end":{"line":61,"column":27}},{"start":{"line":61,"column":8},"end":{"line":61,"column":27}}],"line":61},"9":{"loc":{"start":{"line":63,"column":8},"end":{"line":68,"column":9}},"type":"if","locations":[{"start":{"line":63,"column":8},"end":{"line":68,"column":9}},{"start":{"line":63,"column":8},"end":{"line":68,"column":9}}],"line":63},"10":{"loc":{"start":{"line":72,"column":10},"end":{"line":72,"column":33}},"type":"if","locations":[{"start":{"line":72,"column":10},"end":{"line":72,"column":33}},{"start":{"line":72,"column":10},"end":{"line":72,"column":33}}],"line":72},"11":{"loc":{"start":{"line":96,"column":8},"end":{"line":96,"column":34}},"type":"if","locations":[{"start":{"line":96,"column":8},"end":{"line":96,"column":34}},{"start":{"line":96,"column":8},"end":{"line":96,"column":34}}],"line":96},"12":{"loc":{"start":{"line":98,"column":8},"end":{"line":105,"column":9}},"type":"if","locations":[{"start":{"line":98,"column":8},"end":{"line":105,"column":9}},{"start":{"line":98,"column":8},"end":{"line":105,"column":9}}],"line":98},"13":{"loc":{"start":{"line":109,"column":8},"end":{"line":116,"column":9}},"type":"if","locations":[{"start":{"line":109,"column":8},"end":{"line":116,"column":9}},{"start":{"line":109,"column":8},"end":{"line":116,"column":9}}],"line":109},"14":{"loc":{"start":{"line":135,"column":6},"end":{"line":139,"column":9}},"type":"if","locations":[{"start":{"line":135,"column":6},"end":{"line":139,"column":9}},{"start":{"line":135,"column":6},"end":{"line":139,"column":9}}],"line":135},"15":{"loc":{"start":{"line":142,"column":8},"end":{"line":146,"column":11}},"type":"if","locations":[{"start":{"line":142,"column":8},"end":{"line":146,"column":11}},{"start":{"line":142,"column":8},"end":{"line":146,"column":11}}],"line":142},"16":{"loc":{"start":{"line":167,"column":16},"end":{"line":204,"column":17}},"type":"switch","locations":[{"start":{"line":168,"column":18},"end":{"line":177,"column":24}},{"start":{"line":179,"column":18},"end":{"line":189,"column":23}},{"start":{"line":191,"column":18},"end":{"line":199,"column":23}},{"start":{"line":201,"column":18},"end":{"line":201,"column":25}},{"start":{"line":202,"column":18},"end":{"line":203,"column":43}}],"line":167},"17":{"loc":{"start":{"line":169,"column":20},"end":{"line":172,"column":21}},"type":"if","locations":[{"start":{"line":169,"column":20},"end":{"line":172,"column":21}},{"start":{"line":169,"column":20},"end":{"line":172,"column":21}}],"line":169},"18":{"loc":{"start":{"line":180,"column":20},"end":{"line":183,"column":21}},"type":"if","locations":[{"start":{"line":180,"column":20},"end":{"line":183,"column":21}},{"start":{"line":180,"column":20},"end":{"line":183,"column":21}}],"line":180},"19":{"loc":{"start":{"line":219,"column":6},"end":{"line":223,"column":9}},"type":"if","locations":[{"start":{"line":219,"column":6},"end":{"line":223,"column":9}},{"start":{"line":219,"column":6},"end":{"line":223,"column":9}}],"line":219},"20":{"loc":{"start":{"line":226,"column":8},"end":{"line":230,"column":11}},"type":"if","locations":[{"start":{"line":226,"column":8},"end":{"line":230,"column":11}},{"start":{"line":226,"column":8},"end":{"line":230,"column":11}}],"line":226},"21":{"loc":{"start":{"line":234,"column":10},"end":{"line":236,"column":11}},"type":"if","locations":[{"start":{"line":234,"column":10},"end":{"line":236,"column":11}},{"start":{"line":234,"column":10},"end":{"line":236,"column":11}}],"line":234},"22":{"loc":{"start":{"line":238,"column":10},"end":{"line":241,"column":13}},"type":"if","locations":[{"start":{"line":238,"column":10},"end":{"line":241,"column":13}},{"start":{"line":238,"column":10},"end":{"line":241,"column":13}}],"line":238},"23":{"loc":{"start":{"line":248,"column":12},"end":{"line":248,"column":33}},"type":"if","locations":[{"start":{"line":248,"column":12},"end":{"line":248,"column":33}},{"start":{"line":248,"column":12},"end":{"line":248,"column":33}}],"line":248},"24":{"loc":{"start":{"line":260,"column":6},"end":{"line":263,"column":9}},"type":"if","locations":[{"start":{"line":260,"column":6},"end":{"line":263,"column":9}},{"start":{"line":260,"column":6},"end":{"line":263,"column":9}}],"line":260},"25":{"loc":{"start":{"line":268,"column":6},"end":{"line":271,"column":9}},"type":"if","locations":[{"start":{"line":268,"column":6},"end":{"line":271,"column":9}},{"start":{"line":268,"column":6},"end":{"line":271,"column":9}}],"line":268},"26":{"loc":{"start":{"line":281,"column":6},"end":{"line":285,"column":9}},"type":"if","locations":[{"start":{"line":281,"column":6},"end":{"line":285,"column":9}},{"start":{"line":281,"column":6},"end":{"line":285,"column":9}}],"line":281},"27":{"loc":{"start":{"line":288,"column":8},"end":{"line":292,"column":11}},"type":"if","locations":[{"start":{"line":288,"column":8},"end":{"line":292,"column":11}},{"start":{"line":288,"column":8},"end":{"line":292,"column":11}}],"line":288},"28":{"loc":{"start":{"line":296,"column":10},"end":{"line":299,"column":13}},"type":"if","locations":[{"start":{"line":296,"column":10},"end":{"line":299,"column":13}},{"start":{"line":296,"column":10},"end":{"line":299,"column":13}}],"line":296},"29":{"loc":{"start":{"line":306,"column":10},"end":{"line":309,"column":13}},"type":"if","locations":[{"start":{"line":306,"column":10},"end":{"line":309,"column":13}},{"start":{"line":306,"column":10},"end":{"line":309,"column":13}}],"line":306}},"s":{"0":1,"1":1,"2":1,"3":1,"4":1,"5":1,"6":1,"7":1,"8":4,"9":1,"10":1,"11":1,"12":0,"13":0,"14":1,"15":1,"16":0,"17":1,"18":1,"19":1,"20":1,"21":1,"22":1,"23":0,"24":1,"25":0,"26":0,"27":1,"28":1,"29":7,"30":7,"31":7,"32":7,"33":7,"34":7,"35":1,"36":0,"37":1,"38":1,"39":1,"40":1,"41":1,"42":1,"43":0,"44":1,"45":0,"46":2,"47":2,"48":2,"49":2,"50":2,"51":2,"52":2,"53":0,"54":2,"55":1,"56":1,"57":1,"58":1,"59":0,"60":1,"61":1,"62":5,"63":5,"64":5,"65":5,"66":5,"67":5,"68":0,"69":5,"70":1,"71":4,"72":4,"73":1,"74":3,"75":3,"76":2,"77":2,"78":0,"79":2,"80":2,"81":1,"82":1,"83":1,"84":1,"85":1,"86":1,"87":1,"88":1,"89":1,"90":1,"91":1,"92":1,"93":1,"94":1,"95":1,"96":1,"97":3,"98":1,"99":1,"100":1,"101":0,"102":1,"103":1,"104":1,"105":0,"106":0,"107":1,"108":1,"109":1,"110":1,"111":1,"112":1,"113":1,"114":2,"115":2,"116":0,"117":2,"118":2,"119":1,"120":1,"121":1,"122":1,"123":1,"124":0,"125":1,"126":0,"127":1,"128":1,"129":1,"130":1,"131":1,"132":1,"133":1,"134":0,"135":1,"136":0,"137":0,"138":0,"139":0,"140":0,"141":0,"142":0,"143":0,"144":0,"145":0,"146":0,"147":0,"148":0,"149":0,"150":0,"151":0,"152":0,"153":0,"154":0,"155":0,"156":0,"157":0,"158":0,"159":0,"160":0,"161":0,"162":0,"163":0,"164":0,"165":1,"166":1,"167":1},"f":{"0":4,"1":1,"2":1,"3":1,"4":1,"5":1,"6":0,"7":0,"8":1,"9":1,"10":1,"11":0,"12":0,"13":2,"14":2,"15":1,"16":5,"17":5,"18":2,"19":2,"20":1,"21":1,"22":1,"23":1,"24":1,"25":2,"26":2,"27":1,"28":1,"29":0,"30":0,"31":0,"32":0,"33":0,"34":0},"b":{"0":[1,3],"1":[4,4],"2":[1,0],"3":[0,0],"4":[7,7],"5":[7,0],"6":[0,1],"7":[1,0],"8":[0,2],"9":[1,1],"10":[0,1],"11":[0,5],"12":[1,4],"13":[1,3],"14":[0,2],"15":[1,1],"16":[1,1,1,1,1],"17":[1,0],"18":[1,0],"19":[0,2],"20":[1,1],"21":[0,1],"22":[0,1],"23":[0,1],"24":[0,0],"25":[0,0],"26":[0,0],"27":[0,0],"28":[0,0],"29":[0,0]},"_coverageSchema":"43e27e138ebf9cfc5966b082cf9a028302ed4184","hash":"c9591a5c4e71fb1769e1e022b656df247baf60cb","contentHash":"b94c686f9c882ed3cf856881d64d049b8e5fee237d041f67103e95ffc4d19cd0"},"C:\\Users\\HP-PC\\Desktop\\adc__v1\\banka\\config.js":{"path":"C:\\Users\\HP-PC\\Desktop\\adc__v1\\banka\\config.js","statementMap":{"0":{"start":{"line":3,"column":0},"end":{"line":5,"column":3}},"1":{"start":{"line":6,"column":0},"end":{"line":6,"column":28}},"2":{"start":{"line":7,"column":13},"end":{"line":9,"column":1}},"3":{"start":{"line":10,"column":15},"end":{"line":10,"column":21}},"4":{"start":{"line":11,"column":0},"end":{"line":11,"column":30}}},"fnMap":{},"branchMap":{},"s":{"0":1,"1":1,"2":1,"3":1,"4":1},"f":{},"b":{},"_coverageSchema":"43e27e138ebf9cfc5966b082cf9a028302ed4184","hash":"254200ddc7e323b12cf40ec40206604527aa4971","contentHash":"109aedc28c8527bebc7c5139e119f246a6cc388abc0bb0b30a447c1064b76002"},"C:\\Users\\HP-PC\\Desktop\\adc__v1\\banka\\api\\controllers\\staff-controller.js":{"path":"C:\\Users\\HP-PC\\Desktop\\adc__v1\\banka\\api\\controllers\\staff-controller.js","statementMap":{"0":{"start":{"line":3,"column":0},"end":{"line":5,"column":3}},"1":{"start":{"line":6,"column":0},"end":{"line":6,"column":28}},"2":{"start":{"line":8,"column":20},"end":{"line":8,"column":67}},"3":{"start":{"line":10,"column":14},"end":{"line":10,"column":55}},"4":{"start":{"line":12,"column":10},"end":{"line":12,"column":23}},"5":{"start":{"line":14,"column":14},"end":{"line":14,"column":55}},"6":{"start":{"line":16,"column":14},"end":{"line":16,"column":61}},"7":{"start":{"line":18,"column":0},"end":{"line":18,"column":27}},"8":{"start":{"line":20,"column":39},"end":{"line":20,"column":95}},"9":{"start":{"line":22,"column":77},"end":{"line":22,"column":175}},"10":{"start":{"line":22,"column":94},"end":{"line":22,"column":107}},"11":{"start":{"line":22,"column":121},"end":{"line":22,"column":131}},"12":{"start":{"line":22,"column":151},"end":{"line":22,"column":165}},"13":{"start":{"line":22,"column":166},"end":{"line":22,"column":173}},"14":{"start":{"line":22,"column":176},"end":{"line":22,"column":263}},"15":{"start":{"line":22,"column":193},"end":{"line":22,"column":208}},"16":{"start":{"line":22,"column":218},"end":{"line":22,"column":261}},"17":{"start":{"line":24,"column":33},"end":{"line":24,"column":387}},"18":{"start":{"line":24,"column":65},"end":{"line":24,"column":69}},"19":{"start":{"line":24,"column":78},"end":{"line":24,"column":87}},"20":{"start":{"line":24,"column":89},"end":{"line":24,"column":384}},"21":{"start":{"line":24,"column":147},"end":{"line":24,"column":167}},"22":{"start":{"line":24,"column":193},"end":{"line":24,"column":264}},"23":{"start":{"line":24,"column":290},"end":{"line":24,"column":360}},"24":{"start":{"line":24,"column":363},"end":{"line":24,"column":380}},"25":{"start":{"line":26,"column":50},"end":{"line":26,"column":151}},"26":{"start":{"line":26,"column":92},"end":{"line":26,"column":149}},"27":{"start":{"line":28,"column":44},"end":{"line":28,"column":315}},"28":{"start":{"line":28,"column":57},"end":{"line":28,"column":58}},"29":{"start":{"line":28,"column":102},"end":{"line":28,"column":110}},"30":{"start":{"line":28,"column":112},"end":{"line":28,"column":167}},"31":{"start":{"line":28,"column":168},"end":{"line":28,"column":199}},"32":{"start":{"line":28,"column":200},"end":{"line":28,"column":254}},"33":{"start":{"line":28,"column":227},"end":{"line":28,"column":254}},"34":{"start":{"line":28,"column":255},"end":{"line":28,"column":313}},"35":{"start":{"line":30,"column":62},"end":{"line":30,"column":131}},"36":{"start":{"line":30,"column":78},"end":{"line":30,"column":131}},"37":{"start":{"line":30,"column":132},"end":{"line":30,"column":193}},"38":{"start":{"line":30,"column":149},"end":{"line":30,"column":193}},"39":{"start":{"line":30,"column":194},"end":{"line":30,"column":213}},"40":{"start":{"line":32,"column":0},"end":{"line":32,"column":28}},"41":{"start":{"line":34,"column":11},"end":{"line":36,"column":2}},"42":{"start":{"line":38,"column":22},"end":{"line":50,"column":1}},"43":{"start":{"line":41,"column":2},"end":{"line":43,"column":3}},"44":{"start":{"line":42,"column":4},"end":{"line":42,"column":53}},"45":{"start":{"line":45,"column":2},"end":{"line":47,"column":3}},"46":{"start":{"line":46,"column":4},"end":{"line":46,"column":53}},"47":{"start":{"line":49,"column":2},"end":{"line":49,"column":20}},"48":{"start":{"line":54,"column":0},"end":{"line":472,"column":3}},"49":{"start":{"line":56,"column":4},"end":{"line":56,"column":43}},"50":{"start":{"line":59,"column":2},"end":{"line":469,"column":6}},"51":{"start":{"line":62,"column":22},"end":{"line":62,"column":30}},"52":{"start":{"line":63,"column":18},"end":{"line":63,"column":33}},"53":{"start":{"line":64,"column":21},"end":{"line":64,"column":39}},"54":{"start":{"line":65,"column":27},"end":{"line":65,"column":105}},"55":{"start":{"line":66,"column":6},"end":{"line":109,"column":9}},"56":{"start":{"line":67,"column":8},"end":{"line":67,"column":34}},"57":{"start":{"line":67,"column":17},"end":{"line":67,"column":34}},"58":{"start":{"line":69,"column":8},"end":{"line":76,"column":9}},"59":{"start":{"line":70,"column":10},"end":{"line":75,"column":13}},"60":{"start":{"line":78,"column":27},"end":{"line":78,"column":51}},"61":{"start":{"line":79,"column":23},"end":{"line":79,"column":54}},"62":{"start":{"line":80,"column":8},"end":{"line":84,"column":11}},"63":{"start":{"line":80,"column":34},"end":{"line":84,"column":11}},"64":{"start":{"line":86,"column":26},"end":{"line":86,"column":91}},"65":{"start":{"line":88,"column":8},"end":{"line":95,"column":9}},"66":{"start":{"line":89,"column":10},"end":{"line":94,"column":13}},"67":{"start":{"line":97,"column":20},"end":{"line":101,"column":10}},"68":{"start":{"line":103,"column":8},"end":{"line":108,"column":11}},"69":{"start":{"line":114,"column":18},"end":{"line":114,"column":47}},"70":{"start":{"line":115,"column":6},"end":{"line":119,"column":9}},"71":{"start":{"line":115,"column":18},"end":{"line":119,"column":9}},"72":{"start":{"line":121,"column":6},"end":{"line":198,"column":9}},"73":{"start":{"line":122,"column":8},"end":{"line":126,"column":11}},"74":{"start":{"line":122,"column":17},"end":{"line":126,"column":11}},"75":{"start":{"line":127,"column":25},"end":{"line":127,"column":33}},"76":{"start":{"line":128,"column":28},"end":{"line":128,"column":52}},"77":{"start":{"line":129,"column":21},"end":{"line":129,"column":38}},"78":{"start":{"line":130,"column":30},"end":{"line":130,"column":56}},"79":{"start":{"line":131,"column":27},"end":{"line":131,"column":50}},"80":{"start":{"line":132,"column":33},"end":{"line":132,"column":144}},"81":{"start":{"line":133,"column":8},"end":{"line":139,"column":11}},"82":{"start":{"line":134,"column":10},"end":{"line":134,"column":40}},"83":{"start":{"line":134,"column":21},"end":{"line":134,"column":40}},"84":{"start":{"line":135,"column":10},"end":{"line":138,"column":13}},"85":{"start":{"line":135,"column":39},"end":{"line":138,"column":13}},"86":{"start":{"line":142,"column":24},"end":{"line":142,"column":34}},"87":{"start":{"line":143,"column":26},"end":{"line":143,"column":80}},"88":{"start":{"line":144,"column":8},"end":{"line":197,"column":11}},"89":{"start":{"line":145,"column":10},"end":{"line":145,"column":36}},"90":{"start":{"line":145,"column":19},"end":{"line":145,"column":36}},"91":{"start":{"line":147,"column":10},"end":{"line":196,"column":11}},"92":{"start":{"line":148,"column":36},"end":{"line":148,"column":86}},"93":{"start":{"line":149,"column":12},"end":{"line":169,"column":15}},"94":{"start":{"line":150,"column":14},"end":{"line":150,"column":40}},"95":{"start":{"line":150,"column":23},"end":{"line":150,"column":40}},"96":{"start":{"line":152,"column":14},"end":{"line":157,"column":15}},"97":{"start":{"line":153,"column":16},"end":{"line":156,"column":19}},"98":{"start":{"line":159,"column":14},"end":{"line":159,"column":97}},"99":{"start":{"line":160,"column":14},"end":{"line":160,"column":55}},"100":{"start":{"line":161,"column":37},"end":{"line":161,"column":189}},"101":{"start":{"line":162,"column":14},"end":{"line":168,"column":17}},"102":{"start":{"line":163,"column":16},"end":{"line":163,"column":42}},"103":{"start":{"line":163,"column":25},"end":{"line":163,"column":42}},"104":{"start":{"line":164,"column":16},"end":{"line":167,"column":19}},"105":{"start":{"line":173,"column":36},"end":{"line":173,"column":48}},"106":{"start":{"line":174,"column":12},"end":{"line":177,"column":15}},"107":{"start":{"line":175,"column":14},"end":{"line":175,"column":49}},"108":{"start":{"line":176,"column":14},"end":{"line":176,"column":39}},"109":{"start":{"line":178,"column":12},"end":{"line":178,"column":96}},"110":{"start":{"line":179,"column":12},"end":{"line":179,"column":54}},"111":{"start":{"line":181,"column":12},"end":{"line":186,"column":13}},"112":{"start":{"line":182,"column":14},"end":{"line":185,"column":17}},"113":{"start":{"line":188,"column":35},"end":{"line":188,"column":187}},"114":{"start":{"line":189,"column":12},"end":{"line":195,"column":15}},"115":{"start":{"line":190,"column":14},"end":{"line":190,"column":40}},"116":{"start":{"line":190,"column":23},"end":{"line":190,"column":40}},"117":{"start":{"line":191,"column":14},"end":{"line":194,"column":17}},"118":{"start":{"line":203,"column":18},"end":{"line":203,"column":47}},"119":{"start":{"line":204,"column":6},"end":{"line":208,"column":9}},"120":{"start":{"line":204,"column":18},"end":{"line":208,"column":9}},"121":{"start":{"line":210,"column":6},"end":{"line":266,"column":9}},"122":{"start":{"line":212,"column":8},"end":{"line":216,"column":11}},"123":{"start":{"line":212,"column":17},"end":{"line":216,"column":11}},"124":{"start":{"line":217,"column":24},"end":{"line":217,"column":123}},"125":{"start":{"line":218,"column":8},"end":{"line":224,"column":11}},"126":{"start":{"line":219,"column":10},"end":{"line":219,"column":36}},"127":{"start":{"line":219,"column":19},"end":{"line":219,"column":36}},"128":{"start":{"line":220,"column":10},"end":{"line":223,"column":13}},"129":{"start":{"line":220,"column":40},"end":{"line":223,"column":13}},"130":{"start":{"line":225,"column":28},"end":{"line":225,"column":52}},"131":{"start":{"line":226,"column":33},"end":{"line":226,"column":97}},"132":{"start":{"line":227,"column":8},"end":{"line":265,"column":11}},"133":{"start":{"line":228,"column":10},"end":{"line":231,"column":13}},"134":{"start":{"line":228,"column":19},"end":{"line":231,"column":13}},"135":{"start":{"line":232,"column":10},"end":{"line":235,"column":13}},"136":{"start":{"line":232,"column":39},"end":{"line":235,"column":13}},"137":{"start":{"line":236,"column":28},"end":{"line":236,"column":76}},"138":{"start":{"line":237,"column":10},"end":{"line":264,"column":15}},"139":{"start":{"line":240,"column":23},"end":{"line":259,"column":15}},"140":{"start":{"line":243,"column":14},"end":{"line":258,"column":26}},"141":{"start":{"line":244,"column":16},"end":{"line":257,"column":17}},"142":{"start":{"line":245,"column":18},"end":{"line":256,"column":19}},"143":{"start":{"line":247,"column":22},"end":{"line":247,"column":40}},"144":{"start":{"line":248,"column":22},"end":{"line":251,"column":25}},"145":{"start":{"line":255,"column":22},"end":{"line":255,"column":45}},"146":{"start":{"line":261,"column":12},"end":{"line":263,"column":14}},"147":{"start":{"line":262,"column":14},"end":{"line":262,"column":49}},"148":{"start":{"line":271,"column":18},"end":{"line":271,"column":47}},"149":{"start":{"line":272,"column":6},"end":{"line":275,"column":9}},"150":{"start":{"line":272,"column":18},"end":{"line":275,"column":9}},"151":{"start":{"line":277,"column":6},"end":{"line":328,"column":9}},"152":{"start":{"line":278,"
[...]
olumn":8},"end":{"line":217,"column":61}},"134":{"start":{"line":218,"column":8},"end":{"line":218,"column":15}},"135":{"start":{"line":221,"column":4},"end":{"line":239,"column":7}},"136":{"start":{"line":222,"column":15},"end":{"line":222,"column":16}},"137":{"start":{"line":223,"column":17},"end":{"line":228,"column":7}},"138":{"start":{"line":230,"column":6},"end":{"line":238,"column":9}},"139":{"start":{"line":231,"column":8},"end":{"line":231,"column":34}},"140":{"start":{"line":232,"column":8},"end":{"line":232,"column":36}},"141":{"start":{"line":233,"column":8},"end":{"line":233,"column":48}},"142":{"start":{"line":234,"column":8},"end":{"line":234,"column":43}},"143":{"start":{"line":235,"column":8},"end":{"line":235,"column":45}},"144":{"start":{"line":236,"column":8},"end":{"line":236,"column":60}},"145":{"start":{"line":237,"column":8},"end":{"line":237,"column":15}},"146":{"start":{"line":240,"column":4},"end":{"line":258,"column":7}},"147":{"start":{"line":241,"column":15},"end":{"line":241,"column":16}},"148":{"start":{"line":242,"column":17},"end":{"line":247,"column":7}},"149":{"start":{"line":249,"column":6},"end":{"line":257,"column":9}},"150":{"start":{"line":250,"column":8},"end":{"line":250,"column":34}},"151":{"start":{"line":251,"column":8},"end":{"line":251,"column":36}},"152":{"start":{"line":252,"column":8},"end":{"line":252,"column":48}},"153":{"start":{"line":253,"column":8},"end":{"line":253,"column":43}},"154":{"start":{"line":254,"column":8},"end":{"line":254,"column":45}},"155":{"start":{"line":255,"column":8},"end":{"line":255,"column":63}},"156":{"start":{"line":256,"column":8},"end":{"line":256,"column":15}},"157":{"start":{"line":259,"column":4},"end":{"line":280,"column":7}},"158":{"start":{"line":260,"column":15},"end":{"line":260,"column":16}},"159":{"start":{"line":261,"column":17},"end":{"line":267,"column":7}},"160":{"start":{"line":269,"column":6},"end":{"line":279,"column":9}},"161":{"start":{"line":270,"column":8},"end":{"line":270,"column":34}},"162":{"start":{"line":271,"column":8},"end":{"line":271,"column":36}},"163":{"start":{"line":272,"column":8},"end":{"line":272,"column":48}},"164":{"start":{"line":273,"column":8},"end":{"line":273,"column":43}},"165":{"start":{"line":274,"column":8},"end":{"line":274,"column":45}},"166":{"start":{"line":275,"column":8},"end":{"line":275,"column":67}},"167":{"start":{"line":276,"column":8},"end":{"line":276,"column":46}},"168":{"start":{"line":277,"column":8},"end":{"line":277,"column":43}},"169":{"start":{"line":278,"column":8},"end":{"line":278,"column":15}},"170":{"start":{"line":281,"column":4},"end":{"line":300,"column":7}},"171":{"start":{"line":282,"column":15},"end":{"line":282,"column":16}},"172":{"start":{"line":283,"column":17},"end":{"line":289,"column":7}},"173":{"start":{"line":291,"column":6},"end":{"line":299,"column":9}},"174":{"start":{"line":292,"column":8},"end":{"line":292,"column":34}},"175":{"start":{"line":293,"column":8},"end":{"line":293,"column":36}},"176":{"start":{"line":294,"column":8},"end":{"line":294,"column":48}},"177":{"start":{"line":295,"column":8},"end":{"line":295,"column":43}},"178":{"start":{"line":296,"column":8},"end":{"line":296,"column":45}},"179":{"start":{"line":297,"column":8},"end":{"line":297,"column":54}},"180":{"start":{"line":298,"column":8},"end":{"line":298,"column":15}},"181":{"start":{"line":302,"column":2},"end":{"line":402,"column":5}},"182":{"start":{"line":303,"column":23},"end":{"line":306,"column":5}},"183":{"start":{"line":308,"column":4},"end":{"line":313,"column":7}},"184":{"start":{"line":309,"column":6},"end":{"line":312,"column":9}},"185":{"start":{"line":310,"column":8},"end":{"line":310,"column":35}},"186":{"start":{"line":311,"column":8},"end":{"line":311,"column":15}},"187":{"start":{"line":314,"column":4},"end":{"line":332,"column":7}},"188":{"start":{"line":315,"column":15},"end":{"line":315,"column":16}},"189":{"start":{"line":316,"column":24},"end":{"line":320,"column":7}},"190":{"start":{"line":322,"column":6},"end":{"line":331,"column":9}},"191":{"start":{"line":323,"column":8},"end":{"line":323,"column":36}},"192":{"start":{"line":324,"column":8},"end":{"line":324,"column":48}},"193":{"start":{"line":325,"column":8},"end":{"line":325,"column":43}},"194":{"start":{"line":326,"column":8},"end":{"line":326,"column":45}},"195":{"start":{"line":327,"column":8},"end":{"line":327,"column":52}},"196":{"start":{"line":328,"column":8},"end":{"line":328,"column":46}},"197":{"start":{"line":329,"column":8},"end":{"line":329,"column":43}},"198":{"start":{"line":330,"column":8},"end":{"line":330,"column":15}},"199":{"start":{"line":333,"column":4},"end":{"line":348,"column":7}},"200":{"start":{"line":334,"column":15},"end":{"line":334,"column":16}},"201":{"start":{"line":335,"column":24},"end":{"line":338,"column":7}},"202":{"start":{"line":340,"column":6},"end":{"line":347,"column":9}},"203":{"start":{"line":341,"column":8},"end":{"line":341,"column":36}},"204":{"start":{"line":342,"column":8},"end":{"line":342,"column":48}},"205":{"start":{"line":343,"column":8},"end":{"line":343,"column":43}},"206":{"start":{"line":344,"column":8},"end":{"line":344,"column":45}},"207":{"start":{"line":345,"column":8},"end":{"line":345,"column":64}},"208":{"start":{"line":346,"column":8},"end":{"line":346,"column":15}},"209":{"start":{"line":349,"column":4},"end":{"line":364,"column":7}},"210":{"start":{"line":350,"column":15},"end":{"line":350,"column":16}},"211":{"start":{"line":351,"column":24},"end":{"line":354,"column":7}},"212":{"start":{"line":356,"column":6},"end":{"line":363,"column":9}},"213":{"start":{"line":357,"column":8},"end":{"line":357,"column":36}},"214":{"start":{"line":358,"column":8},"end":{"line":358,"column":48}},"215":{"start":{"line":359,"column":8},"end":{"line":359,"column":43}},"216":{"start":{"line":360,"column":8},"end":{"line":360,"column":45}},"217":{"start":{"line":361,"column":8},"end":{"line":361,"column":63}},"218":{"start":{"line":362,"column":8},"end":{"line":362,"column":15}},"219":{"start":{"line":365,"column":4},"end":{"line":380,"column":7}},"220":{"start":{"line":366,"column":15},"end":{"line":366,"column":16}},"221":{"start":{"line":367,"column":24},"end":{"line":370,"column":7}},"222":{"start":{"line":372,"column":6},"end":{"line":379,"column":9}},"223":{"start":{"line":373,"column":8},"end":{"line":373,"column":36}},"224":{"start":{"line":374,"column":8},"end":{"line":374,"column":48}},"225":{"start":{"line":375,"column":8},"end":{"line":375,"column":43}},"226":{"start":{"line":376,"column":8},"end":{"line":376,"column":45}},"227":{"start":{"line":377,"column":8},"end":{"line":377,"column":66}},"228":{"start":{"line":378,"column":8},"end":{"line":378,"column":15}},"229":{"start":{"line":381,"column":4},"end":{"line":401,"column":7}},"230":{"start":{"line":382,"column":15},"end":{"line":382,"column":16}},"231":{"start":{"line":383,"column":24},"end":{"line":391,"column":7}},"232":{"start":{"line":393,"column":6},"end":{"line":400,"column":9}},"233":{"start":{"line":394,"column":8},"end":{"line":394,"column":36}},"234":{"start":{"line":395,"column":8},"end":{"line":395,"column":48}},"235":{"start":{"line":396,"column":8},"end":{"line":396,"column":45}},"236":{"start":{"line":397,"column":8},"end":{"line":397,"column":43}},"237":{"start":{"line":398,"column":8},"end":{"line":398,"column":54}},"238":{"start":{"line":399,"column":8},"end":{"line":399,"column":15}}},"fnMap":{"0":{"name":"_interopRequireDefault","decl":{"start":{"line":9,"column":9},"end":{"line":9,"column":31}},"loc":{"start":{"line":9,"column":37},"end":{"line":9,"column":97}},"line":9},"1":{"name":"(anonymous_1)","decl":{"start":{"line":15,"column":20},"end":{"line":15,"column":21}},"loc":{"start":{"line":15,"column":32},"end":{"line":403,"column":1}},"line":15},"2":{"name":"(anonymous_2)","decl":{"start":{"line":16,"column":23},"end":{"line":16,"column":24}},"loc":{"start":{"line":16,"column":35},"end":{"line":93,"column":3}},"line":16},"3":{"name":"(anonymous_3)","decl":{"start":{"line":17,"column":51},"end":{"line":17,"column":52}},"loc":{"start":{"line":17,"column":67},"end":{"line":31,"column":5}},"line":17},"4":{"name":"(anonymous_4)","decl":{"start":{"line":22,"column":93},"end":{"line":22,"column":94}},"loc":{"start":{"line":22,"column":113},"end":{"line":30,"column":7}},"line":22},"5":{"name":"(anonymous_5)","decl":{"start":{"line":32,"column":63},"end":{"line":32,"column":64}},"loc":{"start":{"line":32,"column":79},"end":{"line":46,"column":5}},"line":32},"6":{"name":"(anonymous_6)","decl":{"start":{"line":37,"column":93},"end":{"line":37,"column":94}},"loc":{"start":{"line":37,"column":113},"end":{"line":45,"column":7}},"line":37},"7":{"name":"(anonymous_7)","decl":{"start":{"line":47,"column":54},"end":{"line":47,"column":55}},"loc":{"start":{"line":47,"column":70},"end":{"line":59,"column":5}},"line":47},"8":{"name":"(anonymous_8)","decl":{"start":{"line":52,"column":93},"end":{"line":52,"column":94}},"loc":{"start":{"line":52,"column":113},"end":{"line":58,"column":7}},"line":52},"9":{"name":"(anonymous_9)","decl":{"start":{"line":60,"column":56},"end":{"line":60,"column":57}},"loc":{"start":{"line":60,"column":72},"end":{"line":75,"column":5}},"line":60},"10":{"name":"(anonymous_10)","decl":{"start":{"line":66,"column":93},"end":{"line":66,"column":94}},"loc":{"start":{"line":66,"column":113},"end":{"line":74,"column":7}},"line":66},"11":{"name":"(anonymous_11)","decl":{"start":{"line":76,"column":67},"end":{"line":76,"column":68}},"loc":{"start":{"line":76,"column":83},"end":{"line":92,"column":5}},"line":76},"12":{"name":"(anonymous_12)","decl":{"start":{"line":82,"column":93},"end":{"line":82,"column":94}},"loc":{"start":{"line":82,"column":113},"end":{"line":91,"column":7}},"line":82},"13":{"name":"(anonymous_13)","decl":{"start":{"line":94,"column":20},"end":{"line":94,"column":21}},"loc":{"start":{"line":94,"column":32},"end":{"line":189,"column":3}},"line":94},"14":{"name":"(anonymous_14)","decl":{"start":{"line":95,"column":51},"end":{"line":95,"column":52}},"loc":{"start":{"line":95,"column":67},"end":{"line":109,"column":5}},"line":95},"15":{"name":"(anonymous_15)","decl":{"start":{"line":100,"column":90},"end":{"line":100,"column":91}},"loc":{"start":{"line":100,"column":110},"end":{"line":108,"column":7}},"line":100},"16":{"name":"(anonymous_16)","decl":{"start":{"line":110,"column":63},"end":{"line":110,"column":64}},"loc":{"start":{"line":110,"column":79},"end":{"line":125,"column":5}},"line":110},"17":{"name":"(anonymous_17)","decl":{"start":{"line":116,"column":90},"end":{"line":116,"column":91}},"loc":{"start":{"line":116,"column":110},"end":{"line":124,"column":7}},"line":116},"18":{"name":"(anonymous_18)","decl":{"start":{"line":126,"column":53},"end":{"line":126,"column":54}},"loc":{"start":{"line":126,"column":69},"end":{"line":140,"column":5}},"line":126},"19":{"name":"(anonymous_19)","decl":{"start":{"line":131,"column":90},"end":{"line":131,"column":91}},"loc":{"start":{"line":131,"column":110},"end":{"line":139,"column":7}},"line":131},"20":{"name":"(anonymous_20)","decl":{"start":{"line":141,"column":69},"end":{"line":141,"column":70}},"loc":{"start":{"line":141,"column":85},"end":{"line":157,"column":5}},"line":141},"21":{"name":"(anonymous_21)","decl":{"start":{"line":147,"column":90},"end":{"line":147,"column":91}},"loc":{"start":{"line":147,"column":110},"end":{"line":156,"column":7}},"line":147},"22":{"name":"(anonymous_22)","decl":{"start":{"line":158,"column":56},"end":{"line":158,"column":57}},"loc":{"start":{"line":158,"column":72},"end":{"line":174,"column":5}},"line":158},"23":{"name":"(anonymous_23)","decl":{"start":{"line":164,"column":90},"end":{"line":164,"column":91}},"loc":{"start":{"line":164,"column":110},"end":{"line":173,"column":7}},"line":164},"24":{"name":"(anonymous_24)","decl":{"start":{"line":175,"column":30},"end":{"line":175,"column":31}},"loc":{"start":{"line":175,"column":46},"end":{"line":188,"column":5}},"line":175},"25":{"name":"(anonymous_25)","decl":{"start":{"line":181,"column":90},"end":{"line":181,"column":91}},"loc":{"start":{"line":181,"column":110},"end":{"line":187,"column":7}},"line":181},"26":{"name":"(anonymous_26)","decl":{"start":{"line":190,"column":29},"end":{"line":190,"column":30}},"loc":{"start":{"line":190,"column":41},"end":{"line":301,"column":3}},"line":190},"27":{"name":"(anonymous_27)","decl":{"start":{"line":196,"column":11},"end":{"line":196,"column":12}},"loc":{"start":{"line":196,"column":27},"end":{"line":201,"column":5}},"line":196},"28":{"name":"(anonymous_28)","decl":{"start":{"line":197,"column":98},"end":{"line":197,"column":99}},"loc":{"start":{"line":197,"column":118},"end":{"line":200,"column":7}},"line":197},"29":{"name":"(anonymous_29)","decl":{"start":{"line":202,"column":60},"end":{"line":202,"column":61}},"loc":{"start":{"line":202,"column":76},"end":{"line":220,"column":5}},"line":202},"30":{"name":"(anonymous_30)","decl":{"start":{"line":211,"column":93},"end":{"line":211,"column":94}},"loc":{"start":{"line":211,"column":113},"end":{"line":219,"column":7}},"line":211},"31":{"name":"(anonymous_31)","decl":{"start":{"line":221,"column":59},"end":{"line":221,"column":60}},"loc":{"start":{"line":221,"column":75},"end":{"line":239,"column":5}},"line":221},"32":{"name":"(anonymous_32)","decl":{"start":{"line":230,"column":93},"end":{"line":230,"column":94}},"loc":{"start":{"line":230,"column":113},"end":{"line":238,"column":7}},"line":230},"33":{"name":"(anonymous_33)","decl":{"start":{"line":240,"column":63},"end":{"line":240,"column":64}},"loc":{"start":{"line":240,"column":79},"end":{"line":258,"column":5}},"line":240},"34":{"name":"(anonymous_34)","decl":{"start":{"line":249,"column":93},"end":{"line":249,"column":94}},"loc":{"start":{"line":249,"column":113},"end":{"line":257,"column":7}},"line":249},"35":{"name":"(anonymous_35)","decl":{"start":{"line":259,"column":75},"end":{"line":259,"column":76}},"loc":{"start":{"line":259,"column":91},"end":{"line":280,"column":5}},"line":259},"36":{"name":"(anonymous_36)","decl":{"start":{"line":269,"column":147},"end":{"line":269,"column":148}},"loc":{"start":{"line":269,"column":167},"end":{"line":279,"column":7}},"line":269},"37":{"name":"(anonymous_37)","decl":{"start":{"line":281,"column":37},"end":{"line":281,"column":38}},"loc":{"start":{"line":281,"column":53},"end":{"line":300,"column":5}},"line":281},"38":{"name":"(anonymous_38)","decl":{"start":{"line":291,"column":126},"end":{"line":291,"column":127}},"loc":{"start":{"line":291,"column":146},"end":{"line":299,"column":7}},"line":291},"39":{"name":"(anonymous_39)","decl":{"start":{"line":302,"column":34},"end":{"line":302,"column":35}},"loc":{"start":{"line":302,"column":46},"end":{"line":402,"column":3}},"line":302},"40":{"name":"(anonymous_40)","decl":{"start":{"line":308,"column":11},"end":{"line":308,"column":12}},"loc":{"start":{"line":308,"column":27},"end":{"line":313,"column":5}},"line":308},"41":{"name":"(anonymous_41)","decl":{"start":{"line":309,"column":98},"end":{"line":309,"column":99}},"loc":{"start":{"line":309,"column":118},"end":{"line":312,"column":7}},"line":309},"42":{"name":"(anonymous_42)","decl":{"start":{"line":314,"column":70},"end":{"line":314,"column":71}},"loc":{"start":{"line":314,"column":86},"end":{"line":332,"column":5}},"line":314},"43":{"name":"(anonymous_43)","decl":{"start":{"line":322,"column":149},"end":{"line":322,"column":150}},"loc":{"start":{"line":322,"column":169},"end":{"line":331,"column":7}},"line":322},"44":{"name":"(anonymous_44)","decl":{"start":{"line":333,"column":67},"end":{"line":333,"column":68}},"loc":{"start":{"line":333,"column":83},"end":{"line":348,"column":5}},"line":333},"45":{"name":"(anonymous_45)","decl":{"start":{"line":340,"column":139},"end":{"line":340,"column":140}},"loc":{"start":{"line":340,"column":159},"end":{"line":347,"column":7}},"line":340},"46":{"name":"(anonymous_46)","decl":{"start":{"line":349,"column":66},"end":{"line":349,"column":67}},"loc":{"start":{"line":349,"column":82},"end":{"line":364,"column":5}},"line":349},"47":{"name":"(anonymous_47)","decl":{"start":{"line":356,"column":139},"end":{"line":356,"column":140}},"loc":{"start":{"line":356,"column":159},"end":{"line":363,"column":7}},"line":356},"48":{"name":"(anonymous_48)","decl":{"start":{"line":365,"column":69},"end":{"line":365,"column":70}},"loc":{"start":{"line":365,"column":85},"end":{"line":380,"column":5}},"line":365},"49":{"name":"(anonymous_49)","decl":{"start":{"line":372,"column":139},"end":{"line":372,"column":140}},"loc":{"start":{"line":372,"column":159},"end":{"line":379,"column":7}},"line":372},"50":{"name":"(anonymous_50)","decl":{"start":{"line":381,"column":52},"end":{"line":381,"column":53}},"loc":{"start":{"line":381,"column":68},"end":{"line":401,"column":5}},"line":381},"51":{"name":"(anonymous_51)","decl":{"start":{"line":393,"column":139},"end":{"line":393,"column":140}},"loc":{"start":{"line":393,"column":159},"end":{"line":400,"column":7}},"line":393}},"branchMap":{"0":{"loc":{"start":{"line":9,"column":46},"end":{"line":9,"column":94}},"type":"cond-expr","locations":[{"start":{"line":9,"column":70},"end":{"line":9,"column":73}},{"start":{"line":9,"column":76},"end":{"line":9,"column":94}}],"line":9},"1":{"loc":{"start":{"line":9,"column":46},"end":{"line":9,"column":67}},"type":"binary-expr","locations":[{"start":{"line":9,"column":46},"end":{"line":9,"column":49}},{"start":{"line":9,"column":53},"end":{"line":9,"column":67}}],"line":9}},"s":{"0":1,"1":1,"2":1,"3":3,"4":1,"5":1,"6":1,"7":1,"8":1,"9":1,"10":1,"11":1,"12":1,"13":1,"14":1,"15":1,"16":1,"17":1,"18":1,"19":1,"20":1,"21":1,"22":1,"23":1,"24":1,"25":1,"26":1,"27":1,"28":1,"29":1,"30":1,"31":1,"32":1,"33":1,"34":1,"35":1,"36":1,"37":1,"38":1,"39":1,"40":1,"41":1,"42":1,"43":1,"44":1,"45":1,"46":1,"47":1,"48":1,"49":1,"50":1,"51":1,"52":1,"53":1,"54":1,"55":1,"56":1,"57":1,"58":1,"59":1,"60":1,"61":1,"62":1,"63":1,"64":1,"65":1,"66":1,"67":1,"68":1,"69":1,"70":1,"71":1,"72":1,"73":1,"74":1,"75":1,"76":1,"77":1,"78":1,"79":1,"80":1,"81":1,"82":1,"83":1,"84":1,"85":1,"86":1,"87":1,"88":1,"89":1,"90":1,"91":1,"92":1,"93":1,"94":1,"95":1,"96":1,"97":1,"98":1,"99":1,"100":1,"101":1,"102":1,"103":1,"104":1,"105":1,"106":1,"107":1,"108":1,"109":1,"110":1,"111":1,"112":1,"113":1,"114":1,"115":1,"116":1,"117":1,"118":1,"119":1,"120":1,"121":1,"122":1,"123":1,"124":1,"125":1,"126":1,"127":1,"128":1,"129":1,"130":1,"131":1,"132":1,"133":1,"134":1,"135":1,"136":1,"137":1,"138":1,"139":1,"140":1,"141":1,"142":1,"143":1,"144":1,"145":1,"146":1,"147":1,"148":1,"149":1,"150":1,"151":1,"152":1,"153":1,"154":1,"155":1,"156":1,"157":1,"158":1,"159":1,"160":1,"161":1,"162":1,"163":1,"164":1,"165":1,"166":1,"167":1,"168":1,"169":1,"170":1,"171":1,"172":1,"173":1,"174":1,"175":1,"176":1,"177":1,"178":1,"179":1,"180":1,"181":1,"182":1,"183":1,"184":1,"185":1,"186":1,"187":1,"188":1,"189":1,"190":1,"191":1,"192":1,"193":1,"194":1,"195":1,"196":1,"197":1,"198":1,"199":1,"200":1,"201":1,"202":1,"203":1,"204":1,"205":1,"206":1,"207":1,"208":1,"209":1,"210":1,"211":1,"212":1,"213":1,"214":1,"215":1,"216":1,"217":1,"218":1,"219":1,"220":1,"221":1,"222":1,"223":1,"224":1,"225":1,"226":1,"227":1,"228":1,"229":1,"230":1,"231":1,"232":1,"233":1,"234":1,"235":1,"236":1,"237":1,"238":1},"f":{"0":3,"1":1,"2":1,"3":1,"4":1,"5":1,"6":1,"7":1,"8":1,"9":1,"10":1,"11":1,"12":1,"13":1,"14":1,"15":1,"16":1,"17":1,"18":1,"19":1,"20":1,"21":1,"22":1,"23":1,"24":1,"25":1,"26":1,"27":1,"28":1,"29":1,"30":1,"31":1,"32":1,"33":1,"34":1,"35":1,"36":1,"37":1,"38":1,"39":1,"40":1,"41":1,"42":1,"43":1,"44":1,"45":1,"46":1,"47":1,"48":1,"49":1,"50":1,"51":1},"b":{"0":[1,2],"1":[3,3]},"_coverageSchema":"43e27e138ebf9cfc5966b082cf9a028302ed4184","hash":"ef62edfa0803e42dcfeb69b4a954064a6a298cb8","contentHash":"a0dc0b90576c73562e4fa60dcfb32c05bc2e1f6a1d751aaccfbb049b839f51df"}}