{"C:\\Users\\HP-PC\\Desktop\\adc__v1\\banka\\api\\test\\admin-test-spec.js":{"path":"C:\\Users\\HP-PC\\Desktop\\adc__v1\\banka\\api\\test\\admin-test-spec.js","statementMap":{"0":{"start":{"line":3,"column":12},"end":{"line":3,"column":51}},"1":{"start":{"line":5,"column":16},"end":{"line":5,"column":60}},"2":{"start":{"line":7,"column":11},"end":{"line":7,"column":52}},"3":{"start":{"line":9,"column":39},"end":{"line":9,"column":95}},"4":{"start":{"line":13,"column":0},"end":{"line":13,"column":43}},"5":{"start":{"line":15,"column":0},"end":{"line":15,"column":26}},"6":{"start":{"line":17,"column":0},"end":{"line":378,"column":3}},"7":{"start":{"line":18,"column":2},"end":{"line":135,"column":5}},"8":{"start":{"line":19,"column":4},"end":{"line":33,"column":7}},"9":{"start":{"line":20,"column":18},"end":{"line":22,"column":7}},"10":{"start":{"line":24,"column":6},"end":{"line":32,"column":9}},"11":{"start":{"line":25,"column":8},"end":{"line":25,"column":35}},"12":{"start":{"line":26,"column":8},"end":{"line":26,"column":36}},"13":{"start":{"line":27,"column":8},"end":{"line":27,"column":48}},"14":{"start":{"line":28,"column":8},"end":{"line":28,"column":45}},"15":{"start":{"line":29,"column":8},"end":{"line":29,"column":43}},"16":{"start":{"line":30,"column":8},"end":{"line":30,"column":56}},"17":{"start":{"line":31,"column":8},"end":{"line":31,"column":15}},"18":{"start":{"line":34,"column":4},"end":{"line":49,"column":7}},"19":{"start":{"line":35,"column":18},"end":{"line":38,"column":7}},"20":{"start":{"line":40,"column":6},"end":{"line":48,"column":9}},"21":{"start":{"line":41,"column":8},"end":{"line":41,"column":35}},"22":{"start":{"line":42,"column":8},"end":{"line":42,"column":36}},"23":{"start":{"line":43,"column":8},"end":{"line":43,"column":48}},"24":{"start":{"line":44,"column":8},"end":{"line":44,"column":45}},"25":{"start":{"line":45,"column":8},"end":{"line":45,"column":43}},"26":{"start":{"line":46,"column":8},"end":{"line":46,"column":52}},"27":{"start":{"line":47,"column":8},"end":{"line":47,"column":15}},"28":{"start":{"line":50,"column":4},"end":{"line":64,"column":7}},"29":{"start":{"line":51,"column":18},"end":{"line":53,"column":7}},"30":{"start":{"line":55,"column":6},"end":{"line":63,"column":9}},"31":{"start":{"line":56,"column":8},"end":{"line":56,"column":35}},"32":{"start":{"line":57,"column":8},"end":{"line":57,"column":36}},"33":{"start":{"line":58,"column":8},"end":{"line":58,"column":48}},"34":{"start":{"line":59,"column":8},"end":{"line":59,"column":45}},"35":{"start":{"line":60,"column":8},"end":{"line":60,"column":43}},"36":{"start":{"line":61,"column":8},"end":{"line":61,"column":59}},"37":{"start":{"line":62,"column":8},"end":{"line":62,"column":15}},"38":{"start":{"line":65,"column":4},"end":{"line":82,"column":7}},"39":{"start":{"line":66,"column":18},"end":{"line":69,"column":7}},"40":{"start":{"line":71,"column":6},"end":{"line":81,"column":9}},"41":{"start":{"line":72,"column":8},"end":{"line":72,"column":35}},"42":{"start":{"line":73,"column":8},"end":{"line":73,"column":36}},"43":{"start":{"line":74,"column":8},"end":{"line":74,"column":48}},"44":{"start":{"line":75,"column":8},"end":{"line":75,"column":43}},"45":{"start":{"line":76,"column":8},"end":{"line":76,"column":45}},"46":{"start":{"line":77,"column":8},"end":{"line":77,"column":52}},"47":{"start":{"line":78,"column":8},"end":{"line":78,"column":46}},"48":{"start":{"line":79,"column":8},"end":{"line":79,"column":43}},"49":{"start":{"line":80,"column":8},"end":{"line":80,"column":15}},"50":{"start":{"line":83,"column":4},"end":{"line":100,"column":7}},"51":{"start":{"line":84,"column":18},"end":{"line":87,"column":7}},"52":{"start":{"line":89,"column":6},"end":{"line":99,"column":9}},"53":{"start":{"line":90,"column":8},"end":{"line":90,"column":35}},"54":{"start":{"line":91,"column":8},"end":{"line":91,"column":36}},"55":{"start":{"line":92,"column":8},"end":{"line":92,"column":48}},"56":{"start":{"line":93,"column":8},"end":{"line":93,"column":43}},"57":{"start":{"line":94,"column":8},"end":{"line":94,"column":45}},"58":{"start":{"line":95,"column":8},"end":{"line":95,"column":51}},"59":{"start":{"line":96,"column":8},"end":{"line":96,"column":46}},"60":{"start":{"line":97,"column":8},"end":{"line":97,"column":43}},"61":{"start":{"line":98,"column":8},"end":{"line":98,"column":15}},"62":{"start":{"line":101,"column":4},"end":{"line":118,"column":7}},"63":{"start":{"line":102,"column":18},"end":{"line":105,"column":7}},"64":{"start":{"line":107,"column":6},"end":{"line":117,"column":9}},"65":{"start":{"line":108,"column":8},"end":{"line":108,"column":36}},"66":{"start":{"line":109,"column":8},"end":{"line":109,"column":47}},"67":{"start":{"line":110,"column":8},"end":{"line":110,"column":48}},"68":{"start":{"line":111,"column":8},"end":{"line":111,"column":43}},"69":{"start":{"line":112,"column":8},"end":{"line":112,"column":46}},"70":{"start":{"line":113,"column":8},"end":{"line":113,"column":43}},"71":{"start":{"line":114,"column":8},"end":{"line":114,"column":45}},"72":{"start":{"line":115,"column":8},"end":{"line":115,"column":52}},"73":{"start":{"line":116,"column":8},"end":{"line":116,"column":15}},"74":{"start":{"line":119,"column":4},"end":{"line":134,"column":7}},"75":{"start":{"line":120,"column":18},"end":{"line":123,"column":7}},"76":{"start":{"line":125,"column":6},"end":{"line":133,"column":9}},"77":{"start":{"line":126,"column":8},"end":{"line":126,"column":36}},"78":{"start":{"line":127,"column":8},"end":{"line":127,"column":47}},"79":{"start":{"line":128,"column":8},"end":{"line":128,"column":46}},"80":{"start":{"line":129,"column":8},"end":{"line":129,"column":42}},"81":{"start":{"line":130,"column":8},"end":{"line":130,"column":45}},"82":{"start":{"line":131,"column":8},"end":{"line":131,"column":55}},"83":{"start":{"line":132,"column":8},"end":{"line":132,"column":15}},"84":{"start":{"line":136,"column":2},"end":{"line":236,"column":5}},"85":{"start":{"line":137,"column":24},"end":{"line":140,"column":5}},"86":{"start":{"line":142,"column":4},"end":{"line":147,"column":7}},"87":{"start":{"line":143,"column":6},"end":{"line":146,"column":9}},"88":{"start":{"line":144,"column":8},"end":{"line":144,"column":36}},"89":{"start":{"line":145,"column":8},"end":{"line":145,"column":15}},"90":{"start":{"line":148,"column":4},"end":{"line":162,"column":7}},"91":{"start":{"line":149,"column":28},"end":{"line":152,"column":7}},"92":{"start":{"line":154,"column":6},"end":{"line":161,"column":9}},"93":{"start":{"line":155,"column":8},"end":{"line":155,"column":36}},"94":{"start":{"line":156,"column":8},"end":{"line":156,"column":48}},"95":{"start":{"line":157,"column":8},"end":{"line":157,"column":43}},"96":{"start":{"line":158,"column":8},"end":{"line":158,"column":45}},"97":{"start":{"line":159,"column":8},"end":{"line":159,"column":47}},"98":{"start":{"line":160,"column":8},"end":{"line":160,"column":15}},"99":{"start":{"line":163,"column":4},"end":{"line":177,"column":7}},"100":{"start":{"line":164,"column":28},"end":{"line":167,"column":7}},"101":{"start":{"line":169,"column":6},"end":{"line":176,"column":9}},"102":{"start":{"line":170,"column":8},"end":{"line":170,"column":36}},"103":{"start":{"line":171,"column":8},"end":{"line":171,"column":48}},"104":{"start":{"line":172,"column":8},"end":{"line":172,"column":43}},"105":{"start":{"line":173,"column":8},"end":{"line":173,"column":45}},"106":{"start":{"line":174,"column":8},"end":{"line":174,"column":57}},"107":{"start":{"line":175,"column":8},"end":{"line":175,"column":15}},"108":{"start":{"line":178,"column":4},"end":{"line":191,"column":7}},"109":{"start":{"line":179,"column":26},"end":{"line":181,"column":7}},"110":{"start":{"line":183,"column":6},"end":{"line":190,"column":9}},"111":{"start":{"line":184,"column":8},"end":{"line":184,"column":35}},"112":{"start":{"line":185,"column":8},"end":{"line":185,"column":48}},"113":{"start":{"line":186,"column":8},"end":{"line":186,"column":45}},"114":{"start":{"line":187,"column":8},"end":{"line":187,"column":43}},"115":{"start":{"line":188,"column":8},"end":{"line":188,"column":64}},"116":{"start":{"line":189,"column":8},"end":{"line":189,"column":15}},"117":{"start":{"line":192,"column":4},"end":{"line":205,"column":7}},"118":{"start":{"line":193,"column":26},"end":{"line":195,"column":7}},"119":{"start":{"line":197,"column":6},"end":{"line":204,"column":9}},"120":{"start":{"line":198,"column":8},"end":{"line":198,"column":35}},"121":{"start":{"line":199,"column":8},"end":{"line":199,"column":48}},"122":{"start":{"line":200,"column":8},"end":{"line":200,"column":45}},"123":{"start":{"line":201,"column":8},"end":{"line":201,"column":43}},"124":{"start":{"line":202,"column":8},"end":{"line":202,"column":65}},"125":{"start":{"line":203,"column":8},"end":{"line":203,"column":15}},"126":{"start":{"line":206,"column":4},"end":{"line":219,"column":7}},"127":{"start":{"line":207,"column":26},"end":{"line":210,"column":7}},"128":{"start":{"line":212,"column":6},"end":{"line":218,"column":9}},"129":{"start":{"line":213,"column":8},"end":{"line":213,"column":35}},"130":{"start":{"line":214,"column":8},"end":{"line":214,"column":48}},"131":{"start":{"line":215,"column":8},"end":{"line":215,"column":43}},"132":{"start":{"line":216,"column":8},"end":{"line":216,"column":45}},"133":{"start":{"line":217,"column":8},"end":{"line":217,"column":15}},"134":{"start":{"line":220,"column":4},"end":{"line":235,"column":7}},"135":{"start":{"line":221,"column":26},"end":{"line":224,"column":7}},"136":{"start":{"line":226,"column":6},"end":{"line":234,"column":9}},"137":{"start":{"line":227,"column":8},"end":{"line":227,"column":35}},"138":{"start":{"line":228,"column":8},"end":{"line":228,"column":40}},"139":{"start":{"line":229,"column":8},"end":{"line":229,"column":48}},"140":{"start":{"line":230,"column":8},"end":{"line":230,"column":45}},"141":{"start":{"line":231,"column":8},"end":{"line":231,"column":43}},"142":{"start":{"line":232,"column":8},"end":{"line":232,"column":62}},"143":{"start":{"line":233,"column":8},"end":{"line":233,"column":15}},"144":{"start":{"line":237,"column":2},"end":{"line":288,"column":5}},"145":{"start":{"line":238,"column":24},"end":{"line":241,"column":5}},"146":{"start":{"line":243,"column":4},"end":{"line":248,"column":7}},"147":{"start":{"line":244,"column":6},"end":{"line":247,"column":9}},"148":{"start":{"line":245,"column":8},"end":{"line":245,"column":36}},"149":{"start":{"line":246,"column":8},"end":{"line":246,"column":15}},"150":{"start":{"line":249,"column":4},"end":{"line":261,"column":7}},"151":{"start":{"line":250,"column":20},"end":{"line":250,"column":21}},"152":{"start":{"line":251,"column":19},"end":{"line":251,"column":27}},"153":{"start":{"line":253,"column":6},"end":{"line":260,"column":9}},"154":{"start":{"line":254,"column":8},"end":{"line":254,"column":36}},"155":{"start":{"line":255,"column":8},"end":{"line":255,"column":48}},"156":{"start":{"line":256,"column":8},"end":{"line":256,"column":43}},"157":{"start":{"line":257,"column":8},"end":{"line":257,"column":45}},"158":{"start":{"line":258,"column":8},"end":{"line":258,"column":47}},"159":{"start":{"line":259,"column":8},"end":{"line":259,"column":15}},"160":{"start":{"line":262,"column":4},"end":{"line":274,"column":7}},"161":{"start":{"line":263,"column":20},"end":{"line":263,"column":21}},"162":{"start":{"line":264,"column":19},"end":{"line":264,"column":27}},"163":{"start":{"line":266,"column":6},"end":{"line":273,"column":9}},"164":{"start":{"line":267,"column":8},"end":{"line":267,"column":36}},"165":{"start":{"line":268,"column":8},"end":{"line":268,"column":48}},"166":{"start":{"line":269,"column":8},"end":{"line":269,"column":43}},"167":{"start":{"line":270,"column":8},"end":{"line":270,"column":45}},"168":{"start":{"line":271,"column":8},"end":{"line":271,"column":57}},"169":{"start":{"line":272,"column":8},"end":{"line":272,"column":15}},"170":{"start":{"line":275,"column":4},"end":{"line":287,"column":7}},"171":{"start":{"line":276,"column":20},"end":{"line":276,"column":21}},"172":{"start":{"line":277,"column":19},"end":{"line":277,"column":27}},"173":{"start":{"line":279,"column":6},"end":{"line":286,"column":9}},"174":{"start":{"line":280,"column":8},"end":{"line":280,"column":35}},"175":{"start":{"line":281,"column":8},"end":{"line":281,"column":48}},"176":{"start":{"line":282,"column":8},"end":{"line":282,"column":43}},"177":{"start":{"line":283,"column":8},"end":{"line":283,"column":45}},"178":{"start":{"line":284,"column":8},"end":{"line":284,"column":61}},"179":{"start":{"line":285,"column":8},"end":{"line":285,"column":15}},"180":{"start":{"line":289,"column":2},"end":{"line":377,"column":5}},"181":{"start":{"line":290,"column":24},"end":{"line":293,"column":5}},"182":{"start":{"line":295,"column":4},"end":{"line":300,"column":7}},"183":{"start":{"line":296,"column":6},"end":{"line":299,"column":9}},"184":{"start":{"line":297,"column":8},"end":{"line":297,"column":36}},"185":{"start":{"line":298,"column":8},"end":{"line":298,"column":15}},"186":{"start":{"line":301,"column":4},"end":{"line":319,"column":7}},"187":{"start":{"line":302,"column":32},"end":{"line":308,"column":7}},"188":{"start":{"line":310,"column":6},"end":{"line":318,"column":9}},"189":{"start":{"line":311,"column":8},"end":{"line":311,"column":36}},"190":{"start":{"line":312,"column":8},"end":{"line":312,"column":39}},"191":{"start":{"line":313,"column":8},"end":{"line":313,"column":48}},"192":{"start":{"line":314,"column":8},"end":{"line":314,"column":43}},"193":{"start":{"line":315,"column":8},"end":{"line":315,"column":45}},"194":{"start":{"line":316,"column":8},"end":{"line":316,"column":47}},"195":{"start":{"line":317,"column":8},"end":{"line":317,"column":15}},"196":{"start":{"line":320,"column":4},"end":{"line":338,"column":7}},"197":{"start":{"line":321,"column":32},"end":{"line":327,"column":7}},"198":{"start":{"line":329,"column":6},"end":{"line":337,"column":9}},"199":{"start":{"line":330,"column":8},"end":{"line":330,"column":36}},"200":{"start":{"line":331,"column":8},"end":{"line":331,"column":39}},"201":{"start":{"line":332,"column":8},"end":{"line":332,"column":48}},"202":{"start":{"line":333,"column":8},"end":{"line":333,"column":43}},"203":{"start":{"line":334,"column":8},"end":{"line":334,"column":45}},"204":{"start":{"line":335,"column":8},"end":{"line":335,"column":57}},"205":{"start":{"line":336,"column":8},"end":{"line":336,"column":15}},"206":{"start":{"line":339,"column":4},"end":{"line":357,"column":7}},"207":{"start":{"line":340,"column":32},"end":{"line":346,"column":7}},"208":{"start":{"line":348,"column":6},"end":{"line":356,"column":9}},"209":{"start":{"line":349,"column":8},"end":{"line":349,"column":36}},"210":{"start":{"line":350,"column":8},"end":{"line":350,"column":39}},"211":{"start":{"line":351,"column":8},"end":{"line":351,"column":48}},"212":{"start":{"line":352,"column":8},"end":{"line":352,"column":43}},"213":{"start":{"line":353,"column":8},"end":{"line":353,"column":45}},"214":{"start":{"line":354,"column":8},"end":{"line":354,"column":52}},"215":{"start":{"line":355,"column":8},"end":{"line":355,"column":15}},"216":{"start":{"line":358,"column":4},"end":{"line":376,"column":7}},"217":{"start":{"line":359,"column":32},"end":{"line":365,"column":7}},"218":{"start":{"line":367,"column":6},"end":{"line":375,"column":9}},"219":{"start":{"line":368,"column":8},"end":{"line":368,"column":36}},"220":{"start":{"line":369,"column":8},"end":{"line":369,"column":39}},"221":{"start":{"line":370,"column":8},"end":{"line":370,"column":48}},"222":{"start":{"line":371,"column":8},"end":{"line":371,"column":43}},"223":{"start":{"line":372,"column":8},"end":{"line":372,"column":45}},"224":{"start":{"line":373,"column":8},"end":{"line":373,"column":62}},"225":{"start":{"line":374,"column":8},"end":{"line":374,"column":15}}},"fnMap":{"0":{"name":"_interopRequireDefault","decl":{"start":{"line":9,"column":9},"end":{"line":9,"column":31}},"loc":{"start":{"line":9,"column":37},"end":{"line":9,"column":97}},"line":9},"1":{"name":"(anonymous_1)","decl":{"start":{"line":17,"column":20},"end":{"line":17,"column":21}},"loc":{"start":{"line":17,"column":32},"end":{"line":378,"column":1}},"line":17},"2":{"name":"(anonymous_2)","decl":{"start":{"line":18,"column":20},"end":{"line":18,"column":21}},"loc":{"start":{"line":18,"column":32},"end":{"line":135,"column":3}},"line":18},"3":{"name":"(anonymous_3)","decl":{"start":{"line":19,"column":50},"end":{"line":19,"column":51}},"loc":{"start":{"line":19,"column":66},"end":{"line":33,"column":5}},"line":19},"4":{"name":"(anonymous_4)","decl":{"start":{"line":24,"column":97},"end":{"line":24,"column":98}},"loc":{"start":{"line":24,"column":117},"end":{"line":32,"column":7}},"line":24},"5":{"name":"(anonymous_5)","decl":{"start":{"line":34,"column":65},"end":{"line":34,"column":66}},"loc":{"start":{"line":34,"column":81},"end":{"line":49,"column":5}},"line":34},"6":{"name":"(anonymous_6)","decl":{"start":{"line":40,"column":97},"end":{"line":40,"column":98}},"loc":{"start":{"line":40,"column":117},"end":{"line":48,"column":7}},"line":40},"7":{"name":"(anonymous_7)","decl":{"start":{"line":50,"column":54},"end":{"line":50,"column":55}},"loc":{"start":{"line":50,"column":70},"end":{"line":64,"column":5}},"line":50},"8":{"name":"(anonymous_8)","decl":{"start":{"line":55,"column":97},"end":{"line":55,"column":98}},"loc":{"start":{"line":55,"column":117},"end":{"line":63,"column":7}},"line":55},"9":{"name":"(anonymous_9)","decl":{"start":{"line":65,"column":67},"end":{"line":65,"column":68}},"loc":{"start":{"line":65,"column":83},"end":{"line":82,"column":5}},"line":65},"10":{"name":"(anonymous_10)","decl":{"start":{"line":71,"column":97},"end":{"line":71,"column":98}},"loc":{"start":{"line":71,"column":117},"end":{"line":81,"column":7}},"line":71},"11":{"name":"(anonymous_11)","decl":{"start":{"line":83,"column":66},"end":{"line":83,"column":67}},"loc":{"start":{"line":83,"column":82},"end":{"line":100,"column":5}},"line":83},"12":{"name":"(anonymous_12)","decl":{"start":{"line":89,"column":97},"end":{"line":89,"column":98}},"loc":{"start":{"line":89,"column":117},"end":{"line":99,"column":7}},"line":89},"13":{"name":"(anonymous_13)","decl":{"start":{"line":101,"column":65},"end":{"line":101,"column":66}},"loc":{"start":{"line":101,"column":81},"end":{"line":118,"column":5}},"line":101},"14":{"name":"(anonymous_14)","decl":{"start":{"line":107,"column":97},"end":{"line":107,"column":98}},"loc":{"start":{"line":107,"column":117},"end":{"line":117,"column":7}},"line":107},"15":{"name":"(anonymous_15)","decl":{"start":{"line":119,"column":60},"end":{"line":119,"column":61}},"loc":{"start":{"line":119,"column":76},"end":{"line":134,"column":5}},"line":119},"16":{"name":"(anonymous_16)","decl":{"start":{"line":125,"column":97},"end":{"line":125,"column":98}},"loc":{"start":{"line":125,"column":117},"end":{"line":133,"column":7}},"line":125},"17":{"name":"(anonymous_17)","decl":{"start":{"line":136,"column":36},"end":{"line":136,"column":37}},"loc":{"start":{"line":136,"column":48},"end":{"line":236,"column":3}},"line":136},"18":{"name":"(anonymous_18)","decl":{"start":{"line":142,"column":11},"end":{"line":142,"column":12}},"loc":{"start":{"line":142,"column":27},"end":{"line":147,"column":5}},"line":142},"19":{"name":"(anonymous_19)","decl":{"start":{"line":143,"column":105},"end":{"line":143,"column":106}},"loc":{"start":{"line":143,"column":125},"end":{"line":146,"column":7}},"line":143},"20":{"name":"(anonymous_20)","decl":{"start":{"line":148,"column":55},"end":{"line":148,"column":56}},"loc":{"start":{"line":148,"column":71},"end":{"line":162,"column":5}},"line":148},"21":{"name":"(anonymous_21)","decl":{"start":{"line":154,"column":140},"end":{"line":154,"column":141}},"loc":{"start":{"line":154,"column":160},"end":{"line":161,"column":7}},"line":154},"22":{"name":"(anonymous_22)","decl":{"start":{"line":163,"column":68},"end":{"line":163,"column":69}},"loc":{"start":{"line":163,"column":84},"end":{"line":177,"column":5}},"line":163},"23":{"name":"(anonymous_23)","decl":{"start":{"line":169,"column":174},"end":{"line":169,"column":175}},"loc":{"start":{"line":169,"column":194},"end":{"line":176,"column":7}},"line":169},"24":{"name":"(anonymous_24)","decl":{"start":{"line":178,"column":79},"end":{"line":178,"column":80}},"loc":{"start":{"line":178,"column":95},"end":{"line":191,"column":5}},"line":178},"25":{"name":"(anonymous_25)","decl":{"start":{"line":183,"column":146},"end":{"line":183,"column":147}},"loc":{"start":{"line":183,"column":166},"end":{"line":190,"column":7}},"line":183},"26":{"name":"(anonymous_26)","decl":{"start":{"line":192,"column":62},"end":{"line":192,"column":63}},"loc":{"start":{"line":192,"column":78},"end":{"line":205,"column":5}},"line":192},"27":{"name":"(anonymous_27)","decl":{"start":{"line":197,"column":146},"end":{"line":197,"column":147}},"loc":{"start":{"line":197,"column":166},"end":{"line":204,"column":7}},"line":197},"28":{"name":"(anonymous_28)","decl":{"start":{"line":206,"column":66},"end":{"line":206,"column":67}},"loc":{"start":{"line":206,"column":82},"end":{"line":219,"column":5}},"line":206},"29":{"name":"(anonymous_29)","decl":{"start":{"line":212,"column":146},"end":{"line":212,"column":147}},"loc":{"start":{"line":212,"column":166},"end":{"line":218,"column":7}},"line":212},"30":{"name":"(anonymous_30)","decl":{"start":{"line":220,"column":39},"end":{"line":220,"column":40}},"loc":{"start":{"line":220,"column":55},"end":{"line":235,"column":5}},"line":220},"31":{"name":"(anonymous_31)","decl":{"start":{"line":226,"column":146},"end":{"line":226,"column":147}},"loc":{"start":{"line":226,"column":166},"end":{"line":234,"column":7}},"line":226},"32":{"name":"(anonymous_32)","decl":{"start":{"line":237,"column":36},"end":{"line":237,"column":37}},"loc":{"start":{"line":237,"column":48},"end":{"line":288,"column":3}},"line":237},"33":{"name":"(anonymous_33)","decl":{"start":{"line":243,"column":11},"end":{"line":243,"column":12}},"loc":{"start":{"line":243,"column":27},"end":{"line":248,"column":5}},"line":243},"34":{"name":"(anonymous_34)","decl":{"start":{"line":244,"column":105},"end":{"line":244,"column":106}},"loc":{"start":{"line":244,"column":125},"end":{"line":247,"column":7}},"line":244},"35":{"name":"(anonymous_35)","decl":{"start":{"line":249,"column":55},"end":{"line":249,"column":56}},"loc":{"start":{"line":249,"column":71},"end":{"line":261,"column":5}},"line":249},"36":{"name":"(anonymous_36)","decl":{"start":{"line":253,"column":167},"end":{"line":253,"column":168}},"loc":{"start":{"line":253,"column":187},"end":{"line":260,"column":7}},"line":253},"37":{"name":"(anonymous_37)","decl":{"start":{"line":262,"column":68},"end":{"line":262,"column":69}},"loc":{"start":{"line":262,"column":84},"end":{"line":274,"column":5}},"line":262},"38":{"name":"(anonymous_38)","decl":{"start":{"line":266,"column":201},"end":{"line":266,"column":202}},"loc":{"start":{"line":266,"column":221},"end":{"line":273,"column":7}},"line":266},"39":{"name":"(anonymous_39)","decl":{"start":{"line":275,"column":39},"end":{"line":275,"column":40}},"loc":{"start":{"line":275,"column":55},"end":{"line":287,"column":5}},"line":275},"40":{"name":"(anonymous_40)","decl":{"start":{"line":279,"column":175},"end":{"line":279,"column":176}},"loc":{"start":{"line":279,"column":195},"end":{"line":286,"column":7}},"line":279},"41":{"name":"(anonymous_41)","decl":{"start":{"line":289,"column":35},"end":{"line":289,"column":36}},"loc":{"start":{"line":289,"column":47},"end":{"line":377,"column":3}},"line":289},"42":{"name":"(anonymous_42)","decl":{"start":{"line":295,"column":11},"end":{"line":295,"column":12}},"loc":{"start":{"line":295,"column":27},"end":{"line":300,"column":5}},"line":295},"43":{"name":"(anonymous_43)","decl":{"start":{"line":296,"column":105},"end":{"line":296,"column":106}},"loc":{"start":{"line":296,"column":125},"end":{"line":299,"column":7}},"line":296},"44":{"name":"(anonymous_44)","decl":{"start":{"line":301,"column":74},"end":{"line":301,"column":75}},"loc":{"start":{"line":301,"column":90},"end":{"line":319,"column":5}},"line":301},"45":{"name":"(anonymous_45)","decl":{"start":{"line":310,"column":143},"end":{"line":310,"column":144}},"loc":{"start":{"line":310,"column":163},"end":{"line":318,"column":7}},"line":310},"46":{"name":"(anonymous_46)","decl":{"start":{"line":320,"column":67},"end":{"line":320,"column":68}},"loc":{"start":{"line":320,"column":83},"end":{"line":338,"column":5}},"line":320},"47":{"name":"(anonymous_47)","decl":{"start":{"line":329,"column":176},"end":{"line":329,"column":177}},"loc":{"start":{"line":329,"column":196},"end":{"line":337,"column":7}},"line":329},"48":{"name":"(anonymous_48)","decl":{"start":{"line":339,"column":90},"end":{"line":339,"column":91}},"loc":{"start":{"line":339,"column":106},"end":{"line":357,"column":5}},"line":339},"49":{"name":"(anonymous_49)","decl":{"start":{"line":348,"column":151},"end":{"line":348,"column":152}},"loc":{"start":{"line":348,"column":171},"end":{"line":356,"column":7}},"line":348},"50":{"name":"(anonymous_50)","decl":{"start":{"line":358,"column":90},"end":{"line":358,"column":91}},"loc":{"start":{"line":358,"column":106},"end":{"line":376,"column":5}},"line":358},"51":{"name":"(anonymous_51)","decl":{"start":{"line":367,"column":151},"end":{"line":367,"column":152}},"loc":{"start":{"line":367,"column":171},"end":{"line":375,"column":7}},"line":367}},"branchMap":{"0":{"loc":{"start":{"line":9,"column":46},"end":{"line":9,"column":94}},"type":"cond-expr","locations":[{"start":{"line":9,"column":70},"end":{"line":9,"column":73}},{"start":{"line":9,"column":76},"end":{"line":9,"column":94}}],"line":9},"1":{"loc":{"start":{"line":9,"column":46},"end":{"line":9,"column":67}},"type":"binary-expr","locations":[{"start":{"line":9,"column":46},"end":{"line":9,"column":49}},{"start":{"line":9,"column":53},"end":{"line":9,"column":67}}],"line":9}},"s":{"0":1,"1":1,"2":1,"3":3,"4":1,"5":1,"6":1,"7":1,"8":1,"9":1,"10":1,"11":1,"12":1,"13":1,"14":1,"15":1,"16":1,"17":1,"18":1,"19":1,"20":1,"21":1,"22":1,"23":1,"24":1,"25":1,"26":1,"27":1,"28":1,"29":1,"30":1,"31":1,"32":1,"33":1,"34":1,"35":1,"36":1,"37":1,"38":1,"39":1,"40":1,"41":1,"42":1,"43":1,"44":1,"45":1,"46":1,"47":1,"48":1,"49":1,"50":1,"51":1,"52":1,"53":1,"54":1,"55":1,"56":1,"57":1,"58":1,"59":1,"60":1,"61":1,"62":1,"63":1,"64":1,"65":1,"66":1,"67":1,"68":1,"69":1,"70":1,"71":1,"72":1,"73":1,"74":1,"75":1,"76":1,"77":1,"78":1,"79":1,"80":1,"81":1,"82":1,"83":1,"84":1,"85":1,"86":1,"87":1,"88":1,"89":1,"90":1,"91":1,"92":1,"93":1,"94":1,"95":1,"96":1,"97":1,"98":1,"99":1,"100":1,"101":1,"102":1,"103":1,"104":1,"105":1,"106":1,"107":1,"108":1,"109":1,"110":1,"111":1,"112":1,"113":1,"114":1,"115":1,"116":1,"117":1,"118":1,"119":1,"120":1,"121":1,"122":1,"123":1,"124":1,"125":1,"126":1,"127":1,"128":1,"129":1,"130":1,"131":1,"132":1,"133":1,"134":1,"135":1,"136":1,"137":1,"138":1,"139":1,"140":1,"141":1,"142":1,"143":1,"144":1,"145":1,"146":1,"147":1,"148":1,"149":1,"150":1,"151":1,"152":1,"153":1,"154":1,"155":1,"156":1,"157":1,"158":1,"159":1,"160":1,"161":1,"162":1,"163":1,"164":1,"165":1,"166":1,"167":1,"168":1,"169":1,"170":1,"171":1,"172":1,"173":1,"174":1,"175":1,"176":1,"177":1,"178":1,"179":1,"180":1,"181":1,"182":1,"183":1,"184":1,"185":1,"186":1,"187":1,"188":1,"189":1,"190":1,"191":1,"192":1,"193":1,"194":1,"195":1,"196":1,"197":1,"198":1,"199":1,"200":1,"201":1,"202":1,"203":1,"204":1,"205":1,"206":1,"207":1,"208":1,"209":1,"210":1,"211":1,"212":1,"213":1,"214":1,"215":1,"216":1,"217":1,"218":1,"219":1,"220":1,"221":1,"222":1,"223":1,"224":1,"225":1},"f":{"0":3,"1":1,"2":1,"3":1,"4":1,"5":1,"6":1,"7":1,"8":1,"9":1,"10":1,"11":1,"12":1,"13":1,"14":1,"15":1,"16":1,"17":1,"18":1,"19":1,"20":1,"21":1,"22":1,"23":1,"24":1,"25":1,"26":1,"27":1,"28":1,"29":1,"30":1,"31":1,"32":1,"33":1,"34":1,"35":1,"36":1,"37":1,"38":1,"39":1,"40":1,"41":1,"42":1,"43":1,"44":1,"45":1,"46":1,"47":1,"48":1,"49":1,"50":1,"51":1},"b":{"0":[1,2],"1":[3,3]},"_coverageSchema":"43e27e138ebf9cfc5966b082cf9a028302ed4184","hash":"a9c70a16275ce10dd990e836b440de89cebdacd9","contentHash":"03e10e184f0af0e5250f3b8cc5abb0113fab3e09bf1a4b16e8f64476f47e9df3"},"C:\\Users\\HP-PC\\Desktop\\adc__v1\\banka\\api\\app.js":{"path":"C:\\Users\\HP-PC\\Desktop\\adc__v1\\banka\\api\\app.js","statementMap":{"0":{"start":{"line":3,"column":0},"end":{"line":5,"column":3}},"1":{"start":{"line":6,"column":0},"end":{"line":6,"column":28}},"2":{"start":{"line":8,"column":15},"end":{"line":8,"column":57}},"3":{"start":{"line":10,"column":18},"end":{"line":10,"column":64}},"4":{"start":{"line":12,"column":12},"end":{"line":12,"column":51}},"5":{"start":{"line":14,"column":19},"end":{"line":14,"column":74}},"6":{"start":{"line":16,"column":39},"end":{"line":16,"column":95}},"7":{"start":{"line":18,"column":10},"end":{"line":18,"column":36}},"8":{"start":{"line":19,"column":0},"end":{"line":19,"column":33}},"9":{"start":{"line":20,"column":0},"end":{"line":20,"column":39}},"10":{"start":{"line":21,"column":0},"end":{"line":23,"column":4}},"11":{"start":{"line":24,"column":0},"end":{"line":24,"column":38}},"12":{"start":{"line":25,"column":0},"end":{"line":30,"column":3}},"13":{"start":{"line":26,"column":2},"end":{"line":29,"column":5}},"14":{"start":{"line":31,"column":11},"end":{"line":31,"column":35}},"15":{"start":{"line":32,"column":0},"end":{"line":36,"column":3}},"16":{"start":{"line":33,"column":2},"end":{"line":33,"column":21}},"17":{"start":{"line":33,"column":11},"end":{"line":33,"column":21}},"18":{"start":{"line":35,"column":2},"end":{"line":35,"column":55}},"19":{"start":{"line":37,"column":15},"end":{"line":37,"column":18}},"20":{"start":{"line":38,"column":0},"end":{"line":38,"column":30}}},"fnMap":{"0":{"name":"_interopRequireDefault","decl":{"start":{"line":16,"column":9},"end":{"line":16,"column":31}},"loc":{"start":{"line":16,"column":37},"end":{"line":16,"column":97}},"line":16},"1":{"name":"(anonymous_1)","decl":{"start":{"line":25,"column":13},"end":{"line":25,"column":14}},"loc":{"start":{"line":25,"column":33},"end":{"line":30,"column":1}},"line":25},"2":{"name":"(anonymous_2)","decl":{"start":{"line":32,"column":17},"end":{"line":32,"column":18}},"loc":{"start":{"line":32,"column":32},"end":{"line":36,"column":1}},"line":32}},"branchMap":{"0":{"loc":{"start":{"line":16,"column":46},"end":{"line":16,"column":94}},"type":"cond-expr","locations":[{"start":{"line":16,"column":70},"end":{"line":16,"column":73}},{"start":{"line":16,"column":76},"end":{"line":16,"column":94}}],"line":16},"1":{"loc":{"start":{"line":16,"column":46},"end":{"line":16,"column":67}},"type":"binary-expr","locations":[{"start":{"line":16,"column":46},"end":{"line":16,"column":49}},{"start":{"line":16,"column":53},"end":{"line":16,"column":67}}],"line":16},"2":{"loc":{"start":{"line":31,"column":11},"end":{"line":31,"column":35}},"type":"binary-expr","locations":[{"start":{"line":31,"column":11},"end":{"line":31,"column":27}},{"start":{"line":31,"column":31},"end":{"line":31,"column":35}}],"line":31},"3":{"loc":{"start":{"line":33,"column":2},"end":{"line":33,"column":21}},"type":"if","locations":[{"start":{"line":33,"column":2},"end":{"line":33,"column":21}},{"start":{"line":33,"column":2},"end":{"line":33,"column":21}}],"line":33}},"s":{"0":1,"1":1,"2":1,"3":1,"4":1,"5":1,"6":4,"7":1,"8":1,"9":1,"10":1,"11":1,"12":1,"13":0,"14":1,"15":1,"16":1,"17":0,"18":1,"19":1,"20":1},"f":{"0":4,"1":0,"2":1},"b":{"0":[1,3],"1":[4,4],"2":[1,1],"3":[0,1]},"_coverageSchema":"43e27e138ebf9cfc5966b082cf9a028302ed4184","hash":"f7889fe24620ac6a1fe765596cfdc4c3e7e30347","contentHash":"db61e56f23cd72ce29fc3e0f6e4132dbaca3bafe132a5f8c29c8c697a9b87df9"},"C:\\Users\\HP-PC\\Desktop\\adc__v1\\banka\\api\\routes\\bankaroutes.js":{"path":"C:\\Users\\HP-PC\\Desktop\\adc__v1\\banka\\api\\routes\\bankaroutes.js","statementMap":{"0":{"start":{"line":3,"column":0},"end":{"line":5,"column":3}},"1":{"start":{"line":6,"column":0},"end":{"line":6,"column":28}},"2":{"start":{"line":8,"column":15},"end":{"line":8,"column":33}},"3":{"start":{"line":10,"column":23},"end":{"line":10,"column":89}},"4":{"start":{"line":12,"column":23},"end":{"line":12,"column":89}},"5":{"start":{"line":14,"column":23},"end":{"line":14,"column":89}},"6":{"start":{"line":16,"column":17},"end":{"line":16,"column":73}},"7":{"start":{"line":18,"column":12},"end":{"line":18,"column":63}},"8":{"start":{"line":20,"column":39},"end":{"line":20,"column":95}},"9":{"start":{"line":22,"column":13},"end":{"line":22,"column":35}},"10":{"start":{"line":23,"column":0},"end":{"line":23,"column":51}},"11":{"start":{"line":24,"column":0},"end":{"line":24,"column":119}},"12":{"start":{"line":25,"column":0},"end":{"line":25,"column":110}},"13":{"start":{"line":26,"column":0},"end":{"line":26,"column":151}},"14":{"start":{"line":27,"column":0},"end":{"line":27,"column":128}},"15":{"start":{"line":28,"column":0},"end":{"line":28,"column":134}},"16":{"start":{"line":29,"column":0},"end":{"line":29,"column":154}},"17":{"start":{"line":30,"column":0},"end":{"line":30,"column":81}},"18":{"start":{"line":31,"column":0},"end":{"line":31,"column":156}},"19":{"start":{"line":32,"column":0},"end":{"line":32,"column":117}},"20":{"start":{"line":33,"column":0},"end":{"line":33,"column":159}},"21":{"start":{"line":34,"column":0},"end":{"line":34,"column":121}},"22":{"start":{"line":35,"column":0},"end":{"line":35,"column":102}},"23":{"start":{"line":36,"column":0},"end":{"line":36,"column":111}},"24":{"start":{"line":37,"column":0},"end":{"line":37,"column":122}},"25":{"start":{"line":38,"column":0},"end":{"line":38,"column":117}},"26":{"start":{"line":39,"column":0},"end":{"line":39,"column":174}},"27":{"start":{"line":40,"column":0},"end":{"line":40,"column":152}},"28":{"start":{"line":41,"column":0},"end":{"line":41,"column":159}},"29":{"start":{"line":42,"column":15},"end":{"line":42,"column":21}},"30":{"start":{"line":43,"column":0},"end":{"line":43,"column":30}}},"fnMap":{"0":{"name":"_interopRequireDefault","decl":{"start":{"line":20,"column":9},"end":{"line":20,"column":31}},"loc":{"start":{"line":20,"column":37},"end":{"line":20,"column":97}},"line":20}},"branchMap":{"0":{"loc":{"start":{"line":20,"column":46},"end":{"line":20,"column":94}},"type":"cond-expr","locations":[{"start":{"line":20,"column":70},"end":{"line":20,"column":73}},{"start":{"line":20,"column":76},"end":{"line":20,"column":94}}],"line":20},"1":{"loc":{"start":{"line":20,"column":46},"end":{"line":20,"column":67}},"type":"binary-expr","locations":[{"start":{"line":20,"column":46},"end":{"line":20,"column":49}},{"start":{"line":20,"column":53},"end":{"line":20,"column":67}}],"line":20}},"s":{"0":1,"1":1,"2":1,"3":1,"4":1,"5":1,"6":1,"7":1,"8":5,"9":1,"10":1,"11":1,"12":1,"13":1,"14":1,"15":1,"16":1,"17":1,"18":1,"19":1,"20":1,"21":1,"22":1,"23":1,"24":1,"25":1,"26":1,"27":1,"28":1,"29":1,"30":1},"f":{"0":5},"b":{"0":[5,0],"1":[5,5]},"_coverageSchema":"43e27e138ebf9cfc5966b082cf9a028302ed4184","hash":"a2c8903df51b7aa53ce7e3e2d58a686d096e47f8","contentHash":"4a3418d3f5406ec239c6f6a00770c130f0625c328ec4c53405130727f7e55c30"},"C:\\Users\\HP-PC\\Desktop\\adc__v1\\banka\\api\\controllers\\users-controller.js":{"path":"C:\\Users\\HP-PC\\Desktop\\adc__v1\\banka\\api\\controllers\\users-controller.js","statementMap":{"0":{"start":{"line":3,"column":0},"end":{"line":5,"column":3}},"1":{"start":{"line":6,"column":0},"end":{"line":6,"column":28}},"2":{"start":{"line":8,"column":20},"end":{"line":8,"column":67}},"3":{"start":{"line":10,"column":14},"end":{"line":10,"column":55}},"4":{"start":{"line":12,"column":10},"end":{"line":12,"column":23}},"5":{"start":{"line":14,"column":14},"end":{"line":14,"column":55}},"6":{"start":{"line":16,"column":14},"end":{"line":16,"column":61}},"7":{"start":{"line":18,"column":0},"end":{"line":18,"column":27}},"8":{"start":{"line":20,"column":39},"end":{"line":20,"column":95}},"9":{"start":{"line":22,"column":77},"end":{"line":22,"column":175}},"10":{"start":{"line":22,"column":94},"end":{"line":22,"column":107}},"11":{"start":{"line":22,"column":121},"end":{"line":22,"column":131}},"12":{"start":{"line":22,"column":151},"end":{"line":22,"column":165}},"13":{"start":{"line":22,"column":166},"end":{"line":22,"column":173}},"14":{"start":{"line":22,"column":176},"end":{"line":22,"column":263}},"15":{"start":{"line":22,"column":193},"end":{"line":22,"column":208}},"16":{"start":{"line":22,"column":218},"end":{"line":22,"column":261}},"17":{"start":{"line":24,"column":33},"end":{"line":24,"column":387}},"18":{"start":{"line":24,"column":65},"end":{"line":24,"column":69}},"19":{"start":{"line":24,"column":78},"end":{"line":24,"column":87}},"20":{"start":{"line":24,"column":89},"end":{"line":24,"column":384}},"21":{"start":{"line":24,"column":147},"end":{"line":24,"column":167}},"22":{"start":{"line":24,"column":193},"end":{"line":24,"column":264}},"23":{"start":{"line":24,"column":290},"end":{"line":24,"column":360}},"24":{"start":{"line":24,"column":363},"end":{"line":24,"column":380}},"25":{"start":{"line":26,"column":50},"end":{"line":26,"column":151}},"26":{"start":{"line":26,"column":92},"end":{"line":26,"column":149}},"27":{"start":{"line":28,"column":44},"end":{"line":28,"column":315}},"28":{"start":{"line":28,"column":57},"end":{"line":28,"column":58}},"29":{"start":{"line":28,"column":102},"end":{"line":28,"column":110}},"30":{"start":{"line":28,"column":112},"end":{"line":28,"column":167}},"31":{"start":{"line":28,"column":168},"end":{"line":28,"column":199}},"32":{"start":{"line":28,"column":200},"end":{"line":28,"column":254}},"33":{"start":{"line":28,"column":227},"end":{"line":28,"column":254}},"34":{"start":{"line":28,"column":255},"end":{"line":28,"column":313}},"35":{"start":{"line":30,"column":62},"end":{"line":30,"column":131}},"36":{"start":{"line":30,"column":78},"end":{"line":30,"column":131}},"37":{"start":{"line":30,"column":132},"end":{"line":30,"column":193}},"38":{"start":{"line":30,"column":149},"end":{"line":30,"column":193}},"39":{"start":{"line":30,"column":194},"end":{"line":30,"column":213}},"40":{"start":{"line":32,"column":0},"end":{"line":32,"column":28}},"41":{"start":{"line":34,"column":11},"end":{"line":36,"column":2}},"42":{"start":{"line":40,"column":0},"end":{"line":401,"column":3}},"43":{"start":{"line":42,"column":4},"end":{"line":42,"column":42}},"44":{"start":{"line":45,"column":2},"end":{"line":398,"column":6}},"45":{"start":{"line":48,"column":6},"end":{"line":48,"column":35}},"46":{"start":{"line":53,"column":22},"end":{"line":53,"column":30}},"47":{"start":{"line":54,"column":18},"end":{"line":54,"column":33}},"48":{"start":{"line":55,"column":21},"end":{"line":55,"column":39}},"49":{"start":{"line":57,"column":27},"end":{"line":57,"column":67}},"50":{"start":{"line":59,"column":27},"end":{"line":59,"column":69}},"51":{"start":{"line":60,"column":6},"end":{"line":86,"column":9}},"52":{"start":{"line":61,"column":8},"end":{"line":61,"column":27}},"53":{"start":{"line":61,"column":17},"end":{"line":61,"column":27}},"54":{"start":{"line":63,"column":8},"end":{"line":68,"column":9}},"55":{"start":{"line":64,"column":10},"end":{"line":67,"column":13}},"56":{"start":{"line":70,"column":26},"end":{"line":70,"column":108}},"57":{"start":{"line":71,"column":8},"end":{"line":85,"column":11}},"58":{"start":{"line":72,"column":10},"end":{"line":72,"column":33}},"59":{"start":{"line":72,"column":21},"end":{"line":72,"column":33}},"60":{"start":{"line":74,"column":22},"end":{"line":78,"column":12}},"61":{"start":{"line":80,"column":10},"end":{"line":84,"column":13}},"62":{"start":{"line":91,"column":23},"end":{"line":91,"column":31}},"63":{"start":{"line":92,"column":18},"end":{"line":92,"column":34}},"64":{"start":{"line":93,"column":21},"end":{"line":93,"column":40}},"65":{"start":{"line":94,"column":27},"end":{"line":94,"column":123}},"66":{"start":{"line":95,"column":6},"end":{"line":129,"column":9}},"67":{"start":{"line":96,"column":8},"end":{"line":96,"column":34}},"68":{"start":{"line":96,"column":17},"end":{"line":96,"column":34}},"69":{"start":{"line":98,"column":8},"end":{"line":105,"column":9}},"70":{"start":{"line":99,"column":10},"end":{"line":104,"column":13}},"71":{"start":{"line":107,"column":26},"end":{"line":107,"column":91}},"72":{"start":{"line":109,"column":8},"end":{"line":116,"column":9}},"73":{"start":{"line":110,"column":10},"end":{"line":115,"column":13}},"74":{"start":{"line":118,"column":20},"end":{"line":122,"column":10}},"75":{"start":{"line":124,"column":8},"end":{"line":128,"column":11}},"76":{"start":{"line":134,"column":18},"end":{"line":134,"column":43}},"77":{"start":{"line":136,"column":6},"end":{"line":172,"column":9}},"78":{"start":{"line":137,"column":8},"end":{"line":143,"column":9}},"79":{"start":{"line":138,"column":10},"end":{"line":142,"column":13}},"80":{"start":{"line":145,"column":28},"end":{"line":145,"column":52}},"81":{"start":{"line":146,"column":25},"end":{"line":146,"column":90}},"82":{"start":{"line":147,"column":8},"end":{"line":171,"column":11}},"83":{"start":{"line":148,"column":10},"end":{"line":153,"column":11}},"84":{"start":{"line":149,"column":12},"end":{"line":152,"column":15}},"85":{"start":{"line":155,"column":27},"end":{"line":155,"column":105}},"86":{"start":{"line":156,"column":10},"end":{"line":170,"column":13}},"87":{"start":{"line":157,"column":12},"end":{"line":157,"column":74}},"88":{"start":{"line":157,"column":21},"end":{"line":157,"column":74}},"89":{"start":{"line":159,"column":12},"end":{"line":164,"column":13}},"90":{"start":{"line":160,"column":14},"end":{"line":163,"column":17}},"91":{"start":{"line":166,"column":12},"end":{"line":169,"column":15}},"92":{"start":{"line":177,"column":18},"end":{"line":177,"column":43}},"93":{"start":{"line":179,"column":6},"end":{"line":205,"column":9}},"94":{"start":{"line":180,"column":8},"end":{"line":184,"column":11}},"95":{"start":{"line":180,"column":17},"end":{"line":184,"column":11}},"96":{"start":{"line":185,"column":28},"end":{"line":185,"column":52}},"97":{"start":{"line":186,"column":17},"end":{"line":186,"column":27}},"98":{"start":{"line":187,"column":33},"end":{"line":187,"column":74}},"99":{"start":{"line":188,"column":8},"end":{"line":204,"column":11}},"100":{"start":{"line":189,"column":10},"end":{"line":191,"column":13}},"101":{"start":{"line":189,"column":19},"end":{"line":191,"column":13}},"102":{"start":{"line":192,"column":30},"end":{"line":192,"column":59}},"103":{"start":{"line":193,"column":32},"end":{"line":193,"column":235}},"104":{"start":{"line":194,"column":10},"end":{"line":203,"column":13}},"105":{"start":{"line":195,"column":12},"end":{"line":198,"column":15}},"106":{"start":{"line":195,"column":23},"end":{"line":198,"column":15}},"107":{"start":{"line":199,"column":12},"end":{"line":202,"column":15}},"108":{"start":{"line":210,"column":18},"end":{"line":210,"column":43}},"109":{"start":{"line":212,"column":6},"end":{"line":284,"column":9}},"110":{"start":{"line":213,"column":8},"end":{"line":217,"column":11}},"111":{"start":{"line":213,"column":17},"end":{"line":217,"column":11}},"112":{"start":{"line":218,"column":25},"end":{"line":218,"column":33}},"113":{"start":{"line":219,"column":24},"end":{"line":219,"column":44}},"114":{"start":{"line":220,"column":23},"end":{"line":220,"column":42}},"115":{"start":{"line":221,"column":22},"end":{"line":221,"column":40}},"116":{"start":{"line":222,"column":20},"end":{"line":222,"column":36}},"117":{"start":{"line":223,"column":19},"end":{"line":223,"column":34}},"118":{"start":{"line":224,"column":25},"end":{"line":224,"column":46}},"119":{"start":{"line":225,"column":21},"end":{"line":225,"column":38}},"120":{"start":{"line":226,"column":22},"end":{"line":226,"column":40}},"121":{"start":{"line":227,"column":17},"end":{"line":227,"column":27}},"122":{"start":{"line":228,"column":24},"end":{"line":228,"column":78}},"123":{"start":{"line":229,"column":8},"end":{"line":283,"column":13}},"124":{"start":{"line":232,"column":21},"end":{"line":278,"column":13}},"125":{"start":{"line":236,"column":12},"end":{"line":277,"column":24}},"126":{"start":{"line":237,"column":14},"end":{"line":276,"column":15}},"127":{"start":{"line":238,"column":16},"end":{"line":275,"column":17}},"128":{"start":{"line":240,"column":20},"end":{"line":243,"column":21}},"129":{"start":{"line":241,"column":22},"end":{"line":241,"column":40}},"130":{"start":{"line":242,"column":22},"end":{"line":242,"column":28}},"131":{"start":{"line":245,"column":20},"end":{"line":248,"column":24}},"132":{"start":{"line":251,"column":20},"end":{"line":254,"column":21}},"133":{"start":{"line":252,"column":22},"end":{"line":252,"column":40}},"134":{"start":{"line":253,"column":22},"end":{"line":253,"column":28}},"135":{"start":{"line":256,"column":20},"end":{"line":256,"column":38}},"136":{"start":{"line":257,"column":20},"end":{"line":260,"column":23}},"137":{"start":{"line":263,"column":20},"end":{"line":263,"column":45}},"138":{"start":{"line":264,"column":20},"end":{"line":264,"column":204}},"139":{"start":{"line":265,"column":20},"end":{"line":270,"column":23}},"140":{"start":{"line":266,"column":22},"end":{"line":269,"column":25}},"141":{"start":{"line":274,"column":20},"end":{"line":274,"column":43}},"142":{"start":{"line":280,"column":10},"end":{"line":282,"column":12}},"143":{"start":{"line":281,"column":12},"end":{"line":281,"column":47}},"144":{"start":{"line":289,"column":18},"end":{"line":289,"column":43}},"145":{"start":{"line":291,"column":6},"end":{"line":327,"column":9}},"146":{"start":{"line":292,"column":8},"end":{"line":298,"column":9}},"147":{"start":{"line":293,"column":10},"end":{"line":297,"column":13}},"148":{"start":{"line":300,"column":17},"end":{"line":300,"column":27}},"149":{"start":{"line":301,"column":25},"end":{"line":301,"column":33}},"150":{"start":{"line":302,"column":18},"end":{"line":302,"column":32}},"151":{"start":{"line":303,"column":26},"end":{"line":303,"column":48}},"152":{"start":{"line":304,"column":22},"end":{"line":304,"column":46}},"153":{"start":{"line":305,"column":22},"end":{"line":305,"column":67}},"154":{"start":{"line":306,"column":8},"end":{"line":326,"column":11}},"155":{"start":{"line":307,"column":10},"end":{"line":309,"column":11}},"156":{"start":{"line":308,"column":12},"end":{"line":308,"column":31}},"157":{"start":{"line":311,"column":10},"end":{"line":316,"column":11}},"158":{"start":{"line":312,"column":12},"end":{"line":315,"column":15}},"159":{"start":{"line":318,"column":28},"end":{"line":318,"column":111}},"160":{"start":{"line":319,"column":10},"end":{"line":325,"column":13}},"161":{"start":{"line":320,"column":12},"end":{"line":320,"column":33}},"162":{"start":{"line":320,"column":23},"end":{"line":320,"column":33}},"163":{"start":{"line":321,"column":12},"end":{"line":324,"column":15}},"164":{"start":{"line":332,"column":6},"end":{"line":335,"column":9}},"165":{"start":{"line":332,"column":27},"end":{"line":335,"column":9}},"166":{"start":{"line":336,"column":17},"end":{"line":336,"column":31}},"167":{"start":{"line":337,"column":20},"end":{"line":339,"column":8}},"168":{"start":{"line":338,"column":8},"end":{"line":338,"column":37}},"169":{"start":{"line":340,"column":6},"end":{"line":343,"column":9}},"170":{"start":{"line":340,"column":20},"end":{"line":343,"column":9}},"171":{"start":{"line":344,"column":6},"end":{"line":347,"column":9}},"172":{"start":{"line":352,"column":18},"end":{"line":352,"column":43}},"173":{"start":{"line":354,"column":6},"end":{"line":396,"column":9}},"174":{"start":{"line":355,"column":8},"end":{"line":361,"column":9}},"175":{"start":{"line":356,"column":10},"end":{"line":360,"column":13}},"176":{"start":{"line":363,"column":17},"end":{"line":363,"column":27}},"177":{"start":{"line":364,"column":24},"end":{"line":364,"column":89}},"178":{"start":{"line":365,"column":8},"end":{"line":395,"column":11}},"179":{"start":{"line":366,"column":10},"end":{"line":371,"column":11}},"180":{"start":{"line":367,"column":12},"end":{"line":370,"column":15}},"181":{"start":{"line":373,"column":27},"end":{"line":373,"column":35}},"182":{"start":{"line":374,"column":28},"end":{"line":374,"column":50}},"183":{"start":{"line":375,"column":28},"end":{"line":375,"column":50}},"184":{"start":{"line":377,"column":35},"end":{"line":377,"column":103}},"185":{"start":{"line":379,"column":10},"end":{"line":384,"column":11}},"186":{"start":{"line":380,"column":12},"end":{"line":383,"column":15}},"187":{"start":{"line":386,"column":31},"end":{"line":386,"column":74}},"188":{"start":{"line":388,"column":30},"end":{"line":388,"column":76}},"189":{"start":{"line":389,"column":10},"end":{"line":394,"column":13}},"190":{"start":{"line":390,"column":12},"end":{"line":393,"column":15}},"191":{"start":{"line":400,"column":2},"end":{"line":400,"column":24}},"192":{"start":{"line":403,"column":15},"end":{"line":403,"column":29}},"193":{"start":{"line":404,"column":0},"end":{"line":404,"column":30}}},"fnMap":{"0":{"name":"_interopRequireDefault","decl":{"start":{"line":20,"column":9},"end":{"line":20,"column":31}},"loc":{"start":{"line":20,"column":37},"end":{"line":20,"column":97}},"line":20},"1":{"name":"asyncGeneratorStep","decl":{"start":{"line":22,"column":9},"end":{"line":22,"column":27}},"loc":{"start":{"line":22,"column":75},"end":{"line":22,"column":265}},"line":22},"2":{"name":"_asyncToGenerator","decl":{"start":{"line":24,"column":9},"end":{"line":24,"column":26}},"loc":{"start":{"line":24,"column":31},"end":{"line":24,"column":389}},"line":24},"3":{"name":"(anonymous_3)","decl":{"start":{"line":24,"column":40},"end":{"line":24,"column":41}},"loc":{"start":{"line":24,"column":52},"end":{"line":24,"column":386}},"line":24},"4":{"name":"(anonymous_4)","decl":{"start":{"line":24,"column":108},"end":{"line":24,"column":109}},"loc":{"start":{"line":24,"column":135},"end":{"line":24,"column":382}},"line":24},"5":{"name":"_next","decl":{"start":{"line":24,"column":178},"end":{"line":24,"column":183}},"loc":{"start":{"line":24,"column":191},"end":{"line":24,"column":266}},"line":24},"6":{"name":"_throw","decl":{"start":{"line":24,"column":276},"end":{"line":24,"column":282}},"loc":{"start":{"line":24,"column":288},"end":{"line":24,"column":362}},"line":24},"7":{"name":"_classCallCheck","decl":{"start":{"line":26,"column":9},"end":{"line":26,"column":24}},"loc":{"start":{"line":26,"column":48},"end":{"line":26,"column":153}},"line":26},"8":{"name":"_defineProperties","decl":{"start":{"line":28,"column":9},"end":{"line":28,"column":26}},"loc":{"start":{"line":28,"column":42},"end":{"line":28,"column":317}},"line":28},"9":{"name":"_createClass","decl":{"start":{"line":30,"column":9},"end":{"line":30,"column":21}},"loc":{"start":{"line":30,"column":60},"end":{"line":30,"column":215}},"line":30},"10":{"name":"(anonymous_10)","decl":{"start":{"line":40,"column":0},"end":{"line":40,"column":1}},"loc":{"start":{"line":40,"column":12},"end":{"line":401,"column":1}},"line":40},"11":{"name":"userController","decl":{"start":{"line":41,"column":11},"end":{"line":41,"column":25}},"loc":{"start":{"line":41,"column":28},"end":{"line":43,"column":3}},"line":41},"12":{"name":"index","decl":{"start":{"line":47,"column":20},"end":{"line":47,"column":25}},"loc":{"start":{"line":47,"column":36},"end":{"line":49,"column":5}},"line":47},"13":{"name":"userSignUp","decl":{"start":{"line":52,"column":20},"end":{"line":52,"column":30}},"loc":{"start":{"line":52,"column":41},"end":{"line":87,"column":5}},"line":52},"14":{"name":"(anonymous_14)","decl":{"start":{"line":60,"column":42},"end":{"line":60,"column":43}},"loc":{"start":{"line":60,"column":65},"end":{"line":86,"column":7}},"line":60},"15":{"name":"(anonymous_15)","decl":{"start":{"line":71,"column":74},"end":{"line":71,"column":75}},"loc":{"start":{"line":71,"column":91},"end":{"line":85,"column":9}},"line":71},"16":{"name":"userLogin","decl":{"start":{"line":90,"column":20},"end":{"line":90,"column":29}},"loc":{"start":{"line":90,"column":46},"end":{"line":130,"column":5}},"line":90},"17":{"name":"(anonymous_17)","decl":{"start":{"line":95,"column":52},"end":{"line":95,"column":53}},"loc":{"start":{"line":95,"column":75},"end":{"line":129,"column":7}},"line":95},"18":{"name":"getTransactionHistory","decl":{"start":{"line":133,"column":20},"end":{"line":133,"column":41}},"loc":{"start":{"line":133,"column":52},"end":{"line":173,"column":5}},"line":133},"19":{"name":"(anonymous_19)","decl":{"start":{"line":136,"column":72},"end":{"line":136,"column":73}},"loc":{"start":{"line":136,"column":96},"end":{"line":172,"column":7}},"line":136},"20":{"name":"(anonymous_20)","decl":{"start":{"line":147,"column":60},"end":{"line":147,"column":61}},"loc":{"start":{"line":147,"column":83},"end":{"line":171,"column":9}},"line":147},"21":{"name":"(anonymous_21)","decl":{"start":{"line":156,"column":50},"end":{"line":156,"column":51}},"loc":{"start":{"line":156,"column":73},"end":{"line":170,"column":11}},"line":156},"22":{"name":"getSpecificUserTransaction","decl":{"start":{"line":176,"column":20},"end":{"line":176,"column":46}},"loc":{"start":{"line":176,"column":57},"end":{"line":206,"column":5}},"line":176},"23":{"name":"(anonymous_23)","decl":{"start":{"line":179,"column":72},"end":{"line":179,"column":73}},"loc":{"start":{"line":179,"column":96},"end":{"line":205,"column":7}},"line":179},"24":{"name":"(anonymous_24)","decl":{"start":{"line":188,"column":45},"end":{"line":188,"column":46}},"loc":{"start":{"line":188,"column":68},"end":{"line":204,"column":9}},"line":188},"25":{"name":"(anonymous_25)","decl":{"start":{"line":194,"column":70},"end":{"line":194,"column":71}},"loc":{"start":{"line":194,"column":96},"end":{"line":203,"column":11}},"line":194},"26":{"name":"updateProfile","decl":{"start":{"line":209,"column":20},"end":{"line":209,"column":33}},"loc":{"start":{"line":209,"column":44},"end":{"line":285,"column":5}},"line":209},"27":{"name":"(anonymous_27)","decl":{"start":{"line":212,"column":72},"end":{"line":212,"column":73}},"loc":{"start":{"line":212,"column":96},"end":{"line":284,"column":7}},"line":212},"28":{"name":"(anonymous_28)","decl":{"start":{"line":231,"column":8},"end":{"line":231,"column":9}},"loc":{"start":{"line":231,"column":20},"end":{"line":283,"column":9}},"line":231},"29":{"name":"_callee","decl":{"start":{"line":234,"column":43},"end":{"line":234,"column":50}},"loc":{"start":{"line":234,"column":66},"end":{"line":278,"column":11}},"line":234},"30":{"name":"_callee$","decl":{"start":{"line":236,"column":52},"end":{"line":236,"column":60}},"loc":{"start":{"line":236,"column":71},"end":{"line":277,"column":13}},"line":236},"31":{"name":"(anonymous_31)","decl":{"start":{"line":265,"column":140},"end":{"line":265,"column":141}},"loc":{"start":{"line":265,"column":152},"end":{"line":270,"column":21}},"line":265},"32":{"name":"(anonymous_32)","decl":{"start":{"line":280,"column":17},"end":{"line":280,"column":18}},"loc":{"start":{"line":280,"column":36},"end":{"line":282,"column":11}},"line":280},"33":{"name":"createBankAccount","decl":{"start":{"line":288,"column":20},"end":{"line":288,"column":37}},"loc":{"start":{"line":288,"column":54},"end":{"line":328,"column":5}},"line":288},"34":{"name":"(anonymous_34)","decl":{"start":{"line":291,"column":72},"end":{"line":291,"column":73}},"loc":{"start":{"line":291,"column":96},"end":{"line":327,"column":7}},"line":291},"35":{"name":"(anonymous_35)","decl":{"start":{"line":306,"column":34},"end":{"line":306,"column":35}},"loc":{"start":{"line":306,"column":59},"end":{"line":326,"column":9}},"line":306},"36":{"name":"(anonymous_36)","decl":{"start":{"line":319,"column":67},"end":{"line":319,"column":68}},"loc":{"start":{"line":319,"column":82},"end":{"line":325,"column":11}},"line":319},"37":{"name":"resetPassword","decl":{"start":{"line":331,"column":20},"end":{"line":331,"column":33}},"loc":{"start":{"line":331,"column":44},"end":{"line":348,"column":5}},"line":331},"38":{"name":"(anonymous_38)","decl":{"start":{"line":337,"column":31},"end":{"line":337,"column":32}},"loc":{"start":{"line":337,"column":49},"end":{"line":339,"column":7}},"line":337},"39":{"name":"changePassword","decl":{"start":{"line":351,"column":20},"end":{"line":351,"column":34}},"loc":{"start":{"line":351,"column":45},"end":{"line":397,"column":5}},"line":351},"40":{"name":"(anonymous_40)","decl":{"start":{"line":354,"column":72},"end":{"line":354,"column":73}},"loc":{"start":{"line":354,"column":96},"end":{"line":396,"column":7}},"line":354},"41":{"name":"(anonymous_41)","decl":{"start":{"line":365,"column":46},"end":{"line":365,"column":47}},"loc":{"start":{"line":365,"column":69},"end":{"line":395,"column":9}},"line":365},"42":{"name":"(anonymous_42)","decl":{"start":{"line":389,"column":58},"end":{"line":389,"column":59}},"loc":{"start":{"line":389,"column":70},"end":{"line":394,"column":11}},"line":389}},"branchMap":{"0":{"loc":{"start":{"line":20,"column":46},"end":{"line":20,"column":94}},"type":"cond-expr","locations":[{"start":{"line":20,"column":70},"end":{"line":20,"column":73}},{"start":{"line":20,"column":76},"end":{"line":20,"column":94}}],"line":20},"1":{"loc":{"start":{"line":20,"column":46},"end":{"line":20,"column":67}},"type":"binary-expr","locations":[{"start":{"line":20,"column":46},"end":{"line":20,"column":49}},{"start":{"line":20,"column":53},"end":{"line":20,"column":67}}],"line":20},"2":{"loc":{"start":{"line":22,"column":176},"end":{"line":22,"column":263}},"type":"if","locations":[{"start":{"line":22,"column":176},"end":{"line":22,"column":263}},{"start":{"line":22,"column":176},"end":{"line":22,"column":263}}],"line":22},"3":{"loc":{"start":{"line":26,"column":50},"end":{"line":26,"column":151}},"type":"if","locations":[{"start":{"line":26,"column":50},"end":{"line":26,"column":151}},{"start":{"line":26,"column":50},"end":{"line":26,"column":151}}],"line":26},"4":{"loc":{"start":{"line":28,"column":136},"end":{"line":28,"column":166}},"type":"binary-expr","locations":[{"start":{"line":28,"column":136},"end":{"line":28,"column":157}},{"start":{"line":28,"column":161},"end":{"line":28,"column":166}}],"line":28},"5":{"loc":{"start":{"line":28,"column":200},"end":{"line":28,"column":254}},"type":"if","locations":[{"start":{"line":28,"column":200},"end":{"line":28,"column":254}},{"start":{"line":28,"column":200},"end":{"line":28,"column":254}}],"line":28},"6":{"loc":{"start":{"line":30,"column":62},"end":{"line":30,"column":131}},"type":"if","locations":[{"start":{"line":30,"column":62},"end":{"line":30,"column":131}},{"start":{"line":30,"column":62},"end":{"line":30,"column":131}}],"line":30},"7":{"loc":{"start":{"line":30,"column":132},"end":{"line":30,"column":193}},"type":"if","locations":[{"start":{"line":30,"column":132},"end":{"line":30,"column":193}},{"start":{"line":30,"column":132},"end":{"line":30,"column":193}}],"line":30},"8":{"loc":{"start":{"line":61,"column":8},"end":{"line":61,"column":27}},"type":"if","locations":[{"start":{"line":61,"column":8},"end":{"line":61,"column":27}},{"start":{"line":61,"column":8},"end":{"line":61,"column":27}}],"line":61},"9":{"loc":{"start":{"line":63,"column":8},"end":{"line":68,"column":9}},"type":"if","locations":[{"start":{"line":63,"column":8},"end":{"line":68,"column":9}},{"start":{"line":63,"column":8},"end":{"line":68,"column":9}}],"line":63},"10":{"loc":{"start":{"line":72,"column":10},"end":{"line":72,"column":33}},"type":"if","locations":[{"start":{"line":72,"column":10},"end":{"line":72,"column":33}},{"start":{"line":72,"column":10},"end":{"line":72,"column":33}}],"line":72},"11":{"loc":{"start":{"line":96,"column":8},"end":{"line":96,"column":34}},"type":"if","locations":[{"start":{"line":96,"column":8},"end":{"line":96,"column":34}},{"start":{"line":96,"column":8},"end":{"line":96,"column":34}}],"line":96},"12":{"loc":{"start":{"line":98,"column":8},"end":{"line":105,"column":9}},"type":"if","locations":[{"start":{"line":98,"column":8},"end":{"line":105,"column":9}},{"start":{"line":98,"column":8},"end":{"line":105,"column":9}}],"line":98},"13":{"loc":{"start":{"line":109,"column":8},"end":{"line":116,"column":9}},"type":"if","locations":[{"start":{"line":109,"column":8},"end":{"line":116,"column":9}},{"start":{"line":109,"column":8},"end":{"line":116,"column":9}}],"line":109},"14":{"loc":{"start":{"line":137,"column":8},"end":{"line":143,"column":9}},"type":"if","locations":[{"start":{"line":137,"column":8},"end":{"line":143,"column":9}},{"start":{"line":137,"column":8},"end":{"line":143,"column":9}}],"line":137},"15":{"loc":{"start":{"line":148,"column":10},"end":{"line":153,"column":11}},"type":"if","locations":[{"start":{"line":148,"column":10},"end":{"line":153,"column":11}},{"start":{"line":148,"column":10},"end":{"line":153,"column":11}}],"line":148},"16":{"loc":{"start":{"line":157,"column":12},"end":{"line":157,"column":74}},"type":"if","locations":[{"start":{"line":157,"column":12},"end":{"line":157,"column":74}},{"start":{"line":157,"column":12},"end":{"line":157,"column":74}}],"line":157},"17":{"loc":{"start":{"line":159,"column":12},"end":{"line":164,"column":13}},"type":"if","locations":[{"start":{"line":159,"column":12},"end":{"line":164,"column":13}},{"start":{"line":159,"column":12},"end":{"line":164,"column":13}}],"line":159},"18":{"loc":{"start":{"line":180,"column":8},"end":{"line":184,"column":11}},"type":"if","locations":[{"start":{"line":180,"column":8},"end":{"line":184,"column":11}},{"start":{"line":180,"column":8},"end":{"line":184,"column":11}}],"line":180},"19":{"loc":{"start":{"line":189,"column":10},"end":{"line":191,"column":13}},"type":"if","locations":[{"start":{"line":189,"column":10},"end":{"line":191,"column":13}},{"start":{"line":189,"column":10},"end":{"line":191,"column":13}}],"line":189},"20":{"loc":{"start":{"line":195,"column":12},"end":{"line":198,"column":15}},"type":"if","locations":[{"start":{"line":195,"column":12},"end":{"line":198,"column":15}},{"start":{"line":195,"column":12},"end":{"line":198,"column":15}}],"line":195},"21":{"loc":{"start":{"line":213,"column":8},"end":{"line":217,"column":11}},"type":"if","locations":[{"start":{"line":213,"column":8},"end":{"line":217,"column":11}},{"start":{"line":213,"column":8},"end":{"line":217,"column":11}}],"line":213},"22":{"loc":{"start":{"line":238,"column":16},"end":{"line":275,"column":17}},"type":"switch","locations":[{"start":{"line":239,"column":18},"end":{"line":248,"column":24}},{"start":{"line":250,"column":18},"end":{"line":260,"column":23}},{"start":{"line":262,"column":18},"end":{"line":270,"column":23}},{"start":{"line":272,"column":18},"end":{"line":272,"column":25}},{"start":{"line":273,"column":18},"end":{"line":274,"column":43}}],"line":238},"23":{"loc":{"start":{"line":240,"column":20},"end":{"line":243,"column":21}},"type":"if","locations":[{"start":{"line":240,"column":20},"end":{"line":243,"column":21}},{"start":{"line":240,"column":20},"end":{"line":243,"column":21}}],"line":240},"24":{"loc":{"start":{"line":251,"column":20},"end":{"line":254,"column":21}},"type":"if","locations":[{"start":{"line":251,"column":20},"end":{"line":254,"column":21}},{"start":{"line":251,"column":20},"end":{"line":254,"column":21}}],"line":251},"25":{"loc":{"start":{"line":292,"column":8},"end":{"line":298,"column":9}},"type":"if","locations":[{"start":{"line":292,"column":8},"end":{"line":298,"column":9}},{"start":{"line":292,"column":8},"end":{"line":298,"column":9}}],"line":292},"26":{"loc":{"start":{"line":307,"column":10},"end":{"line":309,"column":11}},"type":"if","locations":[{"start":{"line":307,"column":10},"end":{"line":309,"column":11}},{"start":{"line":307,"column":10},"end":{"line":309,"column":11}}],"line":307},"27":{"loc":{"start":{"line":311,"column":10},"end":{"line":316,"column":11}},"type":"if","locations":[{"start":{"line":311,"column":10},"end":{"line":316,"column":11}},{"start":{"line":311,"column":10},"end":{"line":316,"column":11}}],"line":311},"28":{"loc":{"start":{"line":320,"column":12},"end":{"line":320,"column":33}},"type":"if","locations":[{"start":{"line":320,"column":12},"end":{"line":320,"column":33}},{"start":{"line":320,"column":12},"end":{"line":320,"column":33}}],"line":320},"29":{"loc":{"start":{"line":332,"column":6},"end":{"line":335,"column":9}},"type":"if","locations":[{"start":{"line":332,"column":6},"end":{"line":335,"column":9}},{"start":{"line":332,"column":6},"end":{"line":335,"column":9}}],"line":332},"30":{"loc":{"start":{"line":340,"column":6},"end":{"line":343,"column":9}},"type":"if","locations":[{"start":{"line":340,"column":6},"end":{"line":343,"column":9}},{"start":{"line":340,"column":6},"end":{"line":343,"column":9}}],"line":340},"31":{"loc":{"start":{"line":355,"column":8},"end":{"line":361,"column":9}},"type":"if","locations":[{"start":{"line":355,"column":8},"end":{"line":361,"column":9}},{"start":{"line":355,"column":8},"end":{"line":361,"column":9}}],"line":355},"32":{"loc":{"start":{"line":366,"column":10},"end":{"line":371,"column":11}},"type":"if","locations":[{"start":{"line":366,"column":10},"end":{"line":371,"column":11}},{"start":{"line":366,"column":10},"end":{"line":371,"column":11}}],"line":366},"33":{"loc":{"start":{"line":379,"column":10},"end":{"line":384,"column":11}},"type":"if","locations":[{"start":{"line":379,"column":10},"end":{"line":384,"column":11}},{"start":{"line":379,"column":10},"end":{"line":384,"column":11}}],"line":379}},"s":{"0":1,"1":1,"2":1,"3":1,"4":1,"5":1,"6":1,"7":1,"8":4,"9":1,"10":1,"11":1,"12":0,"13":0,"14":1,"15":1,"16":0,"17":1,"18":1,"19":1,"20":1,"21":1,"22":1,"23":0,"24":1,"25":0,"26":0,"27":1,"28":1,"29":9,"30":9,"31":9,"32":9,"33":9,"34":9,"35":1,"36":0,"37":1,"38":1,"39":1,"40":1,"41":1,"42":1,"43":0,"44":1,"45":0,"46":2,"47":2,"48":2,"49":2,"50":2,"51":2,"52":2,"53":0,"54":2,"55":1,"56":1,"57":1,"58":1,"59":0,"60":1,"61":1,"62":5,"63":5,"64":5,"65":5,"66":5,"67":5,"68":0,"69":5,"70":1,"71":4,"72":4,"73":1,"74":3,"75":3,"76":0,"77":0,"78":0,"79":0,"80":0,"81":0,"82":0,"83":0,"84":0,"85":0,"86":0,"87":0,"88":0,"89":0,"90":0,"91":0,"92":0,"93":0,"94":0,"95":0,"96":0,"97":0,"98":0,"99":0,"100":0,"101":0,"102":0,"103":0,"104":0,"105":0,"106":0,"107":0,"108":2,"109":2,"110":2,"111":1,"112":1,"113":1,"114":1,"115":1,"116":1,"117":1,"118":1,"119":1,"120":1,"121":1,"122":1,"123":1,"124":1,"125":1,"126":1,"127":3,"128":1,"129":1,"130":1,"131":0,"132":1,"133":1,"134":1,"135":0,"136":0,"137":1,"138":1,"139":1,"140":1,"141":1,"142":1,"143":1,"144":2,"145":2,"146":2,"147":1,"148":1,"149":1,"150":1,"151":1,"152":1,"153":1,"154":1,"155":1,"156":0,"157":1,"158":0,"159":1,"160":1,"161":1,"162":0,"163":1,"164":0,"165":0,"166":0,"167":0,"168":0,"169":0,"170":0,"171":0,"172":0,"173":0,"174":0,"175":0,"176":0,"177":0,"178":0,"179":0,"180":0,"181":0,"182":0,"183":0,"184":0,"185":0,"186":0,"187":0,"188":0,"189":0,"190":0,"191":1,"192":1,"193":1},"f":{"0":4,"1":1,"2":1,"3":1,"4":1,"5":1,"6":0,"7":0,"8":1,"9":1,"10":1,"11":0,"12":0,"13":2,"14":2,"15":1,"16":5,"17":5,"18":0,"19":0,"20":0,"21":0,"22":0,"23":0,"24":0,"25":0,"26":2,"27":2,"28":1,"29":1,"30":1,"31":1,"32":1,"33":2,"34":2,"35":1,"36":1,"37":0,"38":0,"39":0,"40":0,"41":0,"42":0},"b":{"0":[1,3],"1":[4,4],"2":[1,0],"3":[0,0],"4":[9,9],"5":[9,0],"6":[0,1],"7":[1,0],"8":[0,2],"9":[1,1],"10":[0,1],"11":[0,5],"12":[1,4],"13":[1,3],"14":[0,0],"15":[0,0],"16":[0,0],"17":[0,0],"18":[0,0],"19":[0,0],"20":[0,0],"21":[1,1],"22":[1,1,1,1,1],"23":[1,0],"24":[1,0],"25":[1,1],"26":[0,1],"27":[0,1],"28":[0,1],"29":[0,0],"30":[0,0],"31":[0,0],"32":[0,0],"33":[0,0]},"_coverageSchema":"43e27e138ebf9cfc5966b082cf9a028302ed4184","hash":"df77a166b06cd2a07bb8ddd7e49ebea855e1a172","contentHash":"c090a1041101e3704877c02fb4862285ff8d07e4fdab62afe356b32f21e84a7a"},"C:\\Users\\HP-PC\\Desktop\\adc__v1\\banka\\config.js":{"path":"C:\\Users\\HP-PC\\Desktop\\adc__v1\\banka\\config.js","statementMap":{"0":{"start":{"line":3,"column":0},"end":{"line":5,"column":3}},"1":{"start":{"line":6,"column":0},"end":{"line":6,"column":28}},"2":{"start":{"line":7,"column":13},"end":{"line":9,"column":1}},"3":{"start":{"line":10,"column":15},"end":{"line":10,"column":21}},"4":{"start":{"line":11,"column":0},"end":{"line":11,"column":30}}},"fnMap":{},"branchMap":{},"s":{"0":1,"1":1,"2":1,"3":1,"4":1},"f":{},"b":{},"_coverageSchema":"43e27e138ebf9cfc5966b082cf9a028302ed4184","hash":"254200ddc7e323b12cf40ec40206604527aa4971","contentHash":"109aedc28c8527bebc7c5139e119f246a6cc388abc0bb0b30a447c1064b76002"},"C:\\Users\\HP-PC\\Desktop\\adc__v1\\banka\\api\\controllers\\staff-controller.js":{"path":"C:\\Users\\HP-PC\\Desktop\\adc__v1\\banka\\api\\controllers\\staff-controller.js","statementMap":{"0":{"start":{"line":3,"column":0},"end":{"line":5,"column":3}},"1":{"start":{"line":6,"column":0},"end":{"line":6,"column":28}},"2":{"start":{"line":8,"column":20},"end":{"line":8,"column":67}},"3":{"start":{"line":10,"column":14},"end":{"line":10,"column":55}},"4":{"start":{"line":12,"column":10},"end":{"line":12,"column":23}},"5":{"start":{"line":14,"column":14},"end":{"line":14,"column":55}},"6":{"start":{"line":16,"column":14},"end":{"line":16,"column":61}},"7":{"start":{"line":18,"column":0},"end":{"line":18,"column":27}},"8":{"start":{"line":20,"column":39},"end":{"line":20,"column":95}},"9":{"start":{"line":22,"column":77},"end":{"line":22,"column":175}},"10":{"start":{"line":22,"column":94},"end":{"line":22,"column":107}},"11":{"start":{"line":22,"column":121},"end":{"line":22,"column":131}},"12":{"start":{"line":22,"column":151},"end":{"line":22,"column":165}},"13":{"start":{"line":22,"column":166},"end":{"line":22,"column":173}},"14":{"start":{"line":22,"column":176},"end":{"line":22,"column":263}},"15":{"start":{"line":22,"column":193},"end":{"line":22,"column":208}},"16":{"start":{"line":22,"column":218},"end":{"line":22,"column":261}},"17":{"start":{"line":24,"column":33},"end":{"line":24,"column":387}},"18":{"start":{"line":24,"column":65},"end":{"line":24,"column":69}},"19":{"start":{"line":24,"column":78},"end":{"line":24,"column":87}},"20":{"start":{"line":24,"column":89},"end":{"line":24,"column":384}},"21":{"start":{"line":24,"column":147},"end":{"line":24,"column":167}},"22":{"start":{"line":24,"column":193},"end":{"line":24,"column":264}},"23":{"start":{"line":24,"column":290},"end":{"line":24,"column":360}},"24":{"start":{"line":24,"column":363},"end":{"line":24,"column":380}},"25":{"start":{"line":26,"column":50},"end":{"line":26,"column":151}},"26":{"start":{"line":26,"column":92},"end":{"line":26,"column":149}},"27":{"start":{"line":28,"column":44},"end":{"line":28,"column":315}},"28":{"start":{"line":28,"column":57},"end":{"line":28,"column":58}},"29":{"start":{"line":28,"column":102},"end":{"line":28,"column":110}},"30":{"start":{"line":28,"column":112},"end":{"line":28,"column":167}},"31":{"start":{"line":28,"column":168},"end":{"line":28,"column":199}},"32":{"start":{"line":28,"column":200},"end":{"line":28,"column":254}},"33":{"start":{"line":28,"column":227},"end":{"line":28,"column":254}},"34":{"start":{"line":28,"column":255},"end":{"line":28,"column":313}},"35":{"start":{"line":30,"column":62},"end":{"line":30,"column":131}},"36":{"start":{"line":30,"column":78},"end":{"line":30,"column":131}},"37":{"start":{"line":30,"column":132},"end":{"line":30,"column":193}},"38":{"start":{"line":30,"column":149},"end":{"line":30,"column":193}},"39":{"start":{"line":30,"column":194},"end":{"line":30,"column":213}},"40":{"start":{"line":32,"column":0},"end":{"line":32,"column":28}},"41":{"start":{"line":34,"column":11},"end":{"line":36,"column":2}},"42":{"start":{"line":38,"column":22},"end":{"line":50,"column":1}},"43":{"start":{"line":41,"column":2},"end":{"line":43,"column":3}},"44":{"start":{"line":42,"column":4},"end":{"line":42,"column":53}},"45":{"start":{"line":45,"column":2},"end":{"line":47,"column":3}},"46":{"start":{"line":46,"column":4},"end":{"line":46,"column":53}},"47":{"start":{"line":49,"column":2},"end":{"line":49,"column":20}},"48":{"start":{"line":54,"column":0},"end":{"line":486,"column":3}},"49":{"start":{"line":56,"column":4},"end":{"line":56,"column":43}},"50":{"start":{"line":59,"column":2},"end":{"line":483,"column":6}},"51":{"start":{"line":62,"column":22},"end":{"line":62,"column":30}},"52":{"start":{"line":63,"column":18},"end":{"line":63,"column":33}},"53":{"start":{"line":64,"column":21},"end":{"line":64,"column":39}},"54":{"start":{"line":65,"column":27},"end":{"line":65,"column":105}},"55":{"start":{"line":66,"column":6},"end":{"line":109,"column":9}},"56":{"start":{"line":67,"column":8},"end":{"line":67,"column":34}},"57":{"start":{"line":67,"column":17},"end":{"line":67,"column":34}},"58":{"start":{"line":69,"column":8},"end":{"line":76,"column":9}},"59":{"start":{"line":70,"column":10},"end":{"line":75,"column":13}},"60":{"start":{"line":78,"column":27},"end":{"line":78,"column":51}},"61":{"start":{"line":79,"column":23},"end":{"line":79,"column":54}},"62":{"start":{"line":80,"column":8},"end":{"line":84,"column":11}},"63":{"start":{"line":80,"column":34},"end":{"line":84,"column":11}},"64":{"start":{"line":86,"column":26},"end":{"line":86,"column":91}},"65":{"start":{"line":88,"column":8},"end":{"line":95,"column":9}},"66":{"start":{"line":89,"column":10},"end":{"line":94,"column":13}},"67":{"start":{"line":97,"column":20},"end":{"line":101,"column":10}},"68":{"start":{"line":103,"column":8},"end":{"line":108,"column":11}},"69":{"start":{"line":114,"column":18},"end":{"line":114,"column":43}},"70":{"start":{"line":116,"column":6},"end":{"line":213,"column":9}},"71":{"start":{"line":117,"column":8},"end":{"line":121,"column":11}},"72":{"start":{"line":117,"column":17},"end":{"line":121,"column":11}},"73":{"start":{"line":122,"column":25},"end":{"line":122,"column":33}},"74":{"start":{"line":123,"column":28},"end":{"line":123,"column":52}},"75":{"start":{"line":124,"column":21},"end":{"line":124,"column":38}},"76":{"start":{"line":125,"column":30},"end":{"line":125,"column":56}},"77":{"start":{"line":126,"column":24},"end":{"line":126,"column":96}},"78":{"start":{"line":127,"column":8},"end":{"line":212,"column":11}},"79":{"start":{"line":128,"column":10},"end":{"line":131,"column":13}},"80":{"start":{"line":128,"column":21},"end":{"line":131,"column":13}},"81":{"start":{"line":133,"column":10},"end":{"line":138,"column":11}},"82":{"start":{"line":134,"column":12},"end":{"line":137,"column":15}},"83":{"start":{"line":140,"column":35},"end":{"line":140,"column":146}},"84":{"start":{"line":141,"column":10},"end":{"line":211,"column":13}},"85":{"start":{"line":142,"column":12},"end":{"line":142,"column":42}},"86":{"start":{"line":142,"column":23},"end":{"line":142,"column":42}},"87":{"start":{"line":144,"column":12},"end":{"line":149,"column":13}},"88":{"start":{"line":145,"column":14},"end":{"line":148,"column":17}},"89":{"start":{"line":153,"column":28},"end":{"line":153,"column":38}},"90":{"start":{"line":154,"column":30},"end":{"line":154,"column":84}},"91":{"start":{"line":155,"column":12},"end":{"line":210,"column":15}},"92":{"start":{"line":156,"column":14},"end":{"line":156,"column":40}},"93":{"start":{"line":156,"column":23},"end":{"line":156,"column":40}},"94":{"start":{"line":158,"column":14},"end":{"line":209,"column":15}},"95":{"start":{"line":159,"column":40},"end":{"line":159,"column":90}},"96":{"start":{"line":160,"column":16},"end":{"line":181,"column":19}},"97":{"start":{"line":161,"column":18},"end":{"line":161,"column":44}},"98":{"start":{"line":161,"column":27},"end":{"line":161,"column":44}},"99":{"start":{"line":163,"column":18},"end":{"line":168,"column":19}},"100":{"start":{"line":164,"column":20},"end":{"line":167,"column":23}},"101":{"start":{"line":170,"column":18},"end":{"line":170,"column":101}},"102":{"start":{"line":171,"column":18},"end":{"line":171,"column":59}},"103":{"start":{"line":172,"column":41},"end":{"line":172,"column":193}},"104":{"start":{"line":174,"column":18},"end":{"line":180,"column":21}},"105":{"start":{"line":175,"column":20},"end":{"line":175,"column":46}},"106":{"start":{"line":175,"column":29},"end":{"line":175,"column":46}},"107":{"start":{"line":176,"column":20},"end":{"line":179,"column":23}},"108":{"start":{"line":185,"column":40},"end":{"line":185,"column":52}},"109":{"start":{"line":186,"column":16},"end":{"line":189,"column":19}},"110":{"start":{"line":187,"column":18},"end":{"line":187,"column":53}},"111":{"start":{"line":188,"column":18},"end":{"line":188,"column":43}},"112":{"start":{"line":190,"column":16},"end":{"line":190,"column":100}},"113":{"start":{"line":191,"column":16},"end":{"line":191,"column":58}},"114":{"start":{"line":193,"column":16},"end":{"line":198,"column":17}},"115":{"start":{"line":194,"column":18},"end":{"line":197,"column":21}},"116":{"start":{"line":200,"column":39},"end":{"line":200,"column":191}},"117":{"start":{"line":202,"column":16},"end":{"line":208,"column":19}},"118":{"start":{"line":203,"column":18},"end":{"line":203,"column":44}},"119":{"start":{"line":203,"column":27},"end":{"line":203,"column":44}},"120":{"start":{"line":204,"column":18},"end":{"line":207,"column":21}},"121":{"start":{"line":218,"column":18},"end":{"line":218,"column":43}},"122":{"start":{"line":219,"column":6},"end":{"line":223,"column":9}},"123":{"start":{"line":219,"column":18},"end":{"line":223,"column":9}},"124":{"start":{"line":225,"column":6},"end":{"line":280,"column":9}},"125":{"start":{"line":226,"column":8},"end":{"line":230,"column":11}},"126":{"start":{"line":226,"column":17},"end":{"line":230,"column":11}},"127":{"start":{"line":231,"column":24},"end":{"line":231,"column":123}},"128":{"start":{"line":232,"column":8},"end":{"line":238,"column":11}},"129":{"start":{"line":233,"column":10},"end":{"line":233,"column":36}},"130":{"start":{"line":233,"column":19},"end":{"line":233,"column":36}},"131":{"start":{"line":234,"column":10},"end":{"line":237,"column":13}},"132":{"start":{"line":234,"column":40},"end":{"line":237,"column":13}},"133":{"start":{"line":239,"column":28},"end":{"line":239,"column":52}},"134":{"start":{"line":240,"column":33},"end":{"line":240,"column":97}},"135":{"start":{"line":241,"column":8},"end":{"line":279,"column":11}},"136":{"start":{"line":242,"column":10},"end":{"line":245,"column":13}},"137":{"start":{"line":242,"column":19},"end":{"line":245,"column":13}},"138":{"start":{"line":246,"column":10},"end":{"line":249,"column":13}},"139":{"start":{"line":246,"column":39},"end":{"line":249,"column":13}},"140":{"start":{"line":250,"column":28},"end":{"line":250,"column":76}},"141":{"start":{"line":251,"column":10},"end":{"line":278,"column":15}},"142":{"start":{"line":254,"column":23},"end":{"line":273,"column":15}},"143":{"start":{"line":257,"column":14},"end":{"line":272,"column":26}},"144":{"start":{"line":258,"column":16},"end":{"line":271,"column":17}},"145":{"start":{"line":259,"column":18},"end":{"line":270,"column":19}},"146":{"start":{"line":261,"column":22},"end":{"line":261,"column":40}},"147":{"start":{"line":262,"column":22},"end":{"line":265,"column":25}},"148":{"start":{"line":269,"column":22},"end":{"line":269,"column":45}},"149":{"start":{"line":275,"column":12},"end":{"line":277,"column":14}},"150":{"start":{"line":276,"column":14},"end":{"line":276,"column":49}},"151":{"start":{"line":285,"column":18},"end":{"line":285,"column":43}},"152":{"start":{"line":286,"column":6},"end":{"line":289,"column":9}},"153":{"start":{"line":286,"column":18},"end":{"line":289,"column":9}},"154":{"start":{"line":291,"column":6},"end":{"line":342,"column":9}},"155":{"start":{"line":292,"column":8},"end":{"line":295,"column":11}},"156":{"start":{"line":292,"column":17},"end":{"line":295,"column
[...]
"column":8},"end":{"line":217,"column":61}},"133":{"start":{"line":218,"column":8},"end":{"line":218,"column":15}},"134":{"start":{"line":221,"column":4},"end":{"line":239,"column":7}},"135":{"start":{"line":222,"column":15},"end":{"line":222,"column":16}},"136":{"start":{"line":223,"column":17},"end":{"line":228,"column":7}},"137":{"start":{"line":230,"column":6},"end":{"line":238,"column":9}},"138":{"start":{"line":231,"column":8},"end":{"line":231,"column":34}},"139":{"start":{"line":232,"column":8},"end":{"line":232,"column":36}},"140":{"start":{"line":233,"column":8},"end":{"line":233,"column":48}},"141":{"start":{"line":234,"column":8},"end":{"line":234,"column":43}},"142":{"start":{"line":235,"column":8},"end":{"line":235,"column":45}},"143":{"start":{"line":236,"column":8},"end":{"line":236,"column":60}},"144":{"start":{"line":237,"column":8},"end":{"line":237,"column":15}},"145":{"start":{"line":240,"column":4},"end":{"line":258,"column":7}},"146":{"start":{"line":241,"column":15},"end":{"line":241,"column":16}},"147":{"start":{"line":242,"column":17},"end":{"line":247,"column":7}},"148":{"start":{"line":249,"column":6},"end":{"line":257,"column":9}},"149":{"start":{"line":250,"column":8},"end":{"line":250,"column":34}},"150":{"start":{"line":251,"column":8},"end":{"line":251,"column":36}},"151":{"start":{"line":252,"column":8},"end":{"line":252,"column":48}},"152":{"start":{"line":253,"column":8},"end":{"line":253,"column":43}},"153":{"start":{"line":254,"column":8},"end":{"line":254,"column":45}},"154":{"start":{"line":255,"column":8},"end":{"line":255,"column":63}},"155":{"start":{"line":256,"column":8},"end":{"line":256,"column":15}},"156":{"start":{"line":259,"column":4},"end":{"line":280,"column":7}},"157":{"start":{"line":260,"column":15},"end":{"line":260,"column":16}},"158":{"start":{"line":261,"column":17},"end":{"line":267,"column":7}},"159":{"start":{"line":269,"column":6},"end":{"line":279,"column":9}},"160":{"start":{"line":270,"column":8},"end":{"line":270,"column":34}},"161":{"start":{"line":271,"column":8},"end":{"line":271,"column":36}},"162":{"start":{"line":272,"column":8},"end":{"line":272,"column":48}},"163":{"start":{"line":273,"column":8},"end":{"line":273,"column":43}},"164":{"start":{"line":274,"column":8},"end":{"line":274,"column":45}},"165":{"start":{"line":275,"column":8},"end":{"line":275,"column":67}},"166":{"start":{"line":276,"column":8},"end":{"line":276,"column":46}},"167":{"start":{"line":277,"column":8},"end":{"line":277,"column":43}},"168":{"start":{"line":278,"column":8},"end":{"line":278,"column":15}},"169":{"start":{"line":281,"column":4},"end":{"line":300,"column":7}},"170":{"start":{"line":282,"column":15},"end":{"line":282,"column":16}},"171":{"start":{"line":283,"column":17},"end":{"line":289,"column":7}},"172":{"start":{"line":291,"column":6},"end":{"line":299,"column":9}},"173":{"start":{"line":292,"column":8},"end":{"line":292,"column":34}},"174":{"start":{"line":293,"column":8},"end":{"line":293,"column":36}},"175":{"start":{"line":294,"column":8},"end":{"line":294,"column":48}},"176":{"start":{"line":295,"column":8},"end":{"line":295,"column":43}},"177":{"start":{"line":296,"column":8},"end":{"line":296,"column":45}},"178":{"start":{"line":297,"column":8},"end":{"line":297,"column":54}},"179":{"start":{"line":298,"column":8},"end":{"line":298,"column":15}},"180":{"start":{"line":302,"column":2},"end":{"line":402,"column":5}},"181":{"start":{"line":303,"column":23},"end":{"line":306,"column":5}},"182":{"start":{"line":308,"column":4},"end":{"line":313,"column":7}},"183":{"start":{"line":309,"column":6},"end":{"line":312,"column":9}},"184":{"start":{"line":310,"column":8},"end":{"line":310,"column":35}},"185":{"start":{"line":311,"column":8},"end":{"line":311,"column":15}},"186":{"start":{"line":314,"column":4},"end":{"line":332,"column":7}},"187":{"start":{"line":315,"column":15},"end":{"line":315,"column":16}},"188":{"start":{"line":316,"column":24},"end":{"line":320,"column":7}},"189":{"start":{"line":322,"column":6},"end":{"line":331,"column":9}},"190":{"start":{"line":323,"column":8},"end":{"line":323,"column":36}},"191":{"start":{"line":324,"column":8},"end":{"line":324,"column":48}},"192":{"start":{"line":325,"column":8},"end":{"line":325,"column":43}},"193":{"start":{"line":326,"column":8},"end":{"line":326,"column":45}},"194":{"start":{"line":327,"column":8},"end":{"line":327,"column":52}},"195":{"start":{"line":328,"column":8},"end":{"line":328,"column":46}},"196":{"start":{"line":329,"column":8},"end":{"line":329,"column":43}},"197":{"start":{"line":330,"column":8},"end":{"line":330,"column":15}},"198":{"start":{"line":333,"column":4},"end":{"line":348,"column":7}},"199":{"start":{"line":334,"column":15},"end":{"line":334,"column":16}},"200":{"start":{"line":335,"column":24},"end":{"line":338,"column":7}},"201":{"start":{"line":340,"column":6},"end":{"line":347,"column":9}},"202":{"start":{"line":341,"column":8},"end":{"line":341,"column":36}},"203":{"start":{"line":342,"column":8},"end":{"line":342,"column":48}},"204":{"start":{"line":343,"column":8},"end":{"line":343,"column":43}},"205":{"start":{"line":344,"column":8},"end":{"line":344,"column":45}},"206":{"start":{"line":345,"column":8},"end":{"line":345,"column":64}},"207":{"start":{"line":346,"column":8},"end":{"line":346,"column":15}},"208":{"start":{"line":349,"column":4},"end":{"line":364,"column":7}},"209":{"start":{"line":350,"column":15},"end":{"line":350,"column":16}},"210":{"start":{"line":351,"column":24},"end":{"line":354,"column":7}},"211":{"start":{"line":356,"column":6},"end":{"line":363,"column":9}},"212":{"start":{"line":357,"column":8},"end":{"line":357,"column":36}},"213":{"start":{"line":358,"column":8},"end":{"line":358,"column":48}},"214":{"start":{"line":359,"column":8},"end":{"line":359,"column":43}},"215":{"start":{"line":360,"column":8},"end":{"line":360,"column":45}},"216":{"start":{"line":361,"column":8},"end":{"line":361,"column":63}},"217":{"start":{"line":362,"column":8},"end":{"line":362,"column":15}},"218":{"start":{"line":365,"column":4},"end":{"line":380,"column":7}},"219":{"start":{"line":366,"column":15},"end":{"line":366,"column":16}},"220":{"start":{"line":367,"column":24},"end":{"line":370,"column":7}},"221":{"start":{"line":372,"column":6},"end":{"line":379,"column":9}},"222":{"start":{"line":373,"column":8},"end":{"line":373,"column":36}},"223":{"start":{"line":374,"column":8},"end":{"line":374,"column":48}},"224":{"start":{"line":375,"column":8},"end":{"line":375,"column":43}},"225":{"start":{"line":376,"column":8},"end":{"line":376,"column":45}},"226":{"start":{"line":377,"column":8},"end":{"line":377,"column":66}},"227":{"start":{"line":378,"column":8},"end":{"line":378,"column":15}},"228":{"start":{"line":381,"column":4},"end":{"line":401,"column":7}},"229":{"start":{"line":382,"column":15},"end":{"line":382,"column":16}},"230":{"start":{"line":383,"column":24},"end":{"line":391,"column":7}},"231":{"start":{"line":393,"column":6},"end":{"line":400,"column":9}},"232":{"start":{"line":394,"column":8},"end":{"line":394,"column":36}},"233":{"start":{"line":395,"column":8},"end":{"line":395,"column":48}},"234":{"start":{"line":396,"column":8},"end":{"line":396,"column":45}},"235":{"start":{"line":397,"column":8},"end":{"line":397,"column":43}},"236":{"start":{"line":398,"column":8},"end":{"line":398,"column":54}},"237":{"start":{"line":399,"column":8},"end":{"line":399,"column":15}}},"fnMap":{"0":{"name":"_interopRequireDefault","decl":{"start":{"line":9,"column":9},"end":{"line":9,"column":31}},"loc":{"start":{"line":9,"column":37},"end":{"line":9,"column":97}},"line":9},"1":{"name":"(anonymous_1)","decl":{"start":{"line":15,"column":20},"end":{"line":15,"column":21}},"loc":{"start":{"line":15,"column":32},"end":{"line":403,"column":1}},"line":15},"2":{"name":"(anonymous_2)","decl":{"start":{"line":16,"column":23},"end":{"line":16,"column":24}},"loc":{"start":{"line":16,"column":35},"end":{"line":93,"column":3}},"line":16},"3":{"name":"(anonymous_3)","decl":{"start":{"line":17,"column":51},"end":{"line":17,"column":52}},"loc":{"start":{"line":17,"column":67},"end":{"line":31,"column":5}},"line":17},"4":{"name":"(anonymous_4)","decl":{"start":{"line":22,"column":93},"end":{"line":22,"column":94}},"loc":{"start":{"line":22,"column":113},"end":{"line":30,"column":7}},"line":22},"5":{"name":"(anonymous_5)","decl":{"start":{"line":32,"column":63},"end":{"line":32,"column":64}},"loc":{"start":{"line":32,"column":79},"end":{"line":46,"column":5}},"line":32},"6":{"name":"(anonymous_6)","decl":{"start":{"line":37,"column":93},"end":{"line":37,"column":94}},"loc":{"start":{"line":37,"column":113},"end":{"line":45,"column":7}},"line":37},"7":{"name":"(anonymous_7)","decl":{"start":{"line":47,"column":54},"end":{"line":47,"column":55}},"loc":{"start":{"line":47,"column":70},"end":{"line":59,"column":5}},"line":47},"8":{"name":"(anonymous_8)","decl":{"start":{"line":52,"column":93},"end":{"line":52,"column":94}},"loc":{"start":{"line":52,"column":113},"end":{"line":58,"column":7}},"line":52},"9":{"name":"(anonymous_9)","decl":{"start":{"line":60,"column":56},"end":{"line":60,"column":57}},"loc":{"start":{"line":60,"column":72},"end":{"line":75,"column":5}},"line":60},"10":{"name":"(anonymous_10)","decl":{"start":{"line":66,"column":93},"end":{"line":66,"column":94}},"loc":{"start":{"line":66,"column":113},"end":{"line":74,"column":7}},"line":66},"11":{"name":"(anonymous_11)","decl":{"start":{"line":76,"column":67},"end":{"line":76,"column":68}},"loc":{"start":{"line":76,"column":83},"end":{"line":92,"column":5}},"line":76},"12":{"name":"(anonymous_12)","decl":{"start":{"line":82,"column":93},"end":{"line":82,"column":94}},"loc":{"start":{"line":82,"column":113},"end":{"line":91,"column":7}},"line":82},"13":{"name":"(anonymous_13)","decl":{"start":{"line":94,"column":20},"end":{"line":94,"column":21}},"loc":{"start":{"line":94,"column":32},"end":{"line":189,"column":3}},"line":94},"14":{"name":"(anonymous_14)","decl":{"start":{"line":95,"column":51},"end":{"line":95,"column":52}},"loc":{"start":{"line":95,"column":67},"end":{"line":109,"column":5}},"line":95},"15":{"name":"(anonymous_15)","decl":{"start":{"line":100,"column":90},"end":{"line":100,"column":91}},"loc":{"start":{"line":100,"column":110},"end":{"line":108,"column":7}},"line":100},"16":{"name":"(anonymous_16)","decl":{"start":{"line":110,"column":63},"end":{"line":110,"column":64}},"loc":{"start":{"line":110,"column":79},"end":{"line":125,"column":5}},"line":110},"17":{"name":"(anonymous_17)","decl":{"start":{"line":116,"column":90},"end":{"line":116,"column":91}},"loc":{"start":{"line":116,"column":110},"end":{"line":124,"column":7}},"line":116},"18":{"name":"(anonymous_18)","decl":{"start":{"line":126,"column":53},"end":{"line":126,"column":54}},"loc":{"start":{"line":126,"column":69},"end":{"line":140,"column":5}},"line":126},"19":{"name":"(anonymous_19)","decl":{"start":{"line":131,"column":90},"end":{"line":131,"column":91}},"loc":{"start":{"line":131,"column":110},"end":{"line":139,"column":7}},"line":131},"20":{"name":"(anonymous_20)","decl":{"start":{"line":141,"column":69},"end":{"line":141,"column":70}},"loc":{"start":{"line":141,"column":85},"end":{"line":157,"column":5}},"line":141},"21":{"name":"(anonymous_21)","decl":{"start":{"line":147,"column":90},"end":{"line":147,"column":91}},"loc":{"start":{"line":147,"column":110},"end":{"line":156,"column":7}},"line":147},"22":{"name":"(anonymous_22)","decl":{"start":{"line":158,"column":56},"end":{"line":158,"column":57}},"loc":{"start":{"line":158,"column":72},"end":{"line":174,"column":5}},"line":158},"23":{"name":"(anonymous_23)","decl":{"start":{"line":164,"column":90},"end":{"line":164,"column":91}},"loc":{"start":{"line":164,"column":110},"end":{"line":173,"column":7}},"line":164},"24":{"name":"(anonymous_24)","decl":{"start":{"line":175,"column":30},"end":{"line":175,"column":31}},"loc":{"start":{"line":175,"column":46},"end":{"line":188,"column":5}},"line":175},"25":{"name":"(anonymous_25)","decl":{"start":{"line":181,"column":90},"end":{"line":181,"column":91}},"loc":{"start":{"line":181,"column":110},"end":{"line":187,"column":7}},"line":181},"26":{"name":"(anonymous_26)","decl":{"start":{"line":190,"column":29},"end":{"line":190,"column":30}},"loc":{"start":{"line":190,"column":41},"end":{"line":301,"column":3}},"line":190},"27":{"name":"(anonymous_27)","decl":{"start":{"line":196,"column":11},"end":{"line":196,"column":12}},"loc":{"start":{"line":196,"column":27},"end":{"line":201,"column":5}},"line":196},"28":{"name":"(anonymous_28)","decl":{"start":{"line":197,"column":98},"end":{"line":197,"column":99}},"loc":{"start":{"line":197,"column":118},"end":{"line":200,"column":7}},"line":197},"29":{"name":"(anonymous_29)","decl":{"start":{"line":202,"column":60},"end":{"line":202,"column":61}},"loc":{"start":{"line":202,"column":76},"end":{"line":220,"column":5}},"line":202},"30":{"name":"(anonymous_30)","decl":{"start":{"line":211,"column":125},"end":{"line":211,"column":126}},"loc":{"start":{"line":211,"column":145},"end":{"line":219,"column":7}},"line":211},"31":{"name":"(anonymous_31)","decl":{"start":{"line":221,"column":59},"end":{"line":221,"column":60}},"loc":{"start":{"line":221,"column":75},"end":{"line":239,"column":5}},"line":221},"32":{"name":"(anonymous_32)","decl":{"start":{"line":230,"column":125},"end":{"line":230,"column":126}},"loc":{"start":{"line":230,"column":145},"end":{"line":238,"column":7}},"line":230},"33":{"name":"(anonymous_33)","decl":{"start":{"line":240,"column":63},"end":{"line":240,"column":64}},"loc":{"start":{"line":240,"column":79},"end":{"line":258,"column":5}},"line":240},"34":{"name":"(anonymous_34)","decl":{"start":{"line":249,"column":125},"end":{"line":249,"column":126}},"loc":{"start":{"line":249,"column":145},"end":{"line":257,"column":7}},"line":249},"35":{"name":"(anonymous_35)","decl":{"start":{"line":259,"column":75},"end":{"line":259,"column":76}},"loc":{"start":{"line":259,"column":91},"end":{"line":280,"column":5}},"line":259},"36":{"name":"(anonymous_36)","decl":{"start":{"line":269,"column":146},"end":{"line":269,"column":147}},"loc":{"start":{"line":269,"column":166},"end":{"line":279,"column":7}},"line":269},"37":{"name":"(anonymous_37)","decl":{"start":{"line":281,"column":37},"end":{"line":281,"column":38}},"loc":{"start":{"line":281,"column":53},"end":{"line":300,"column":5}},"line":281},"38":{"name":"(anonymous_38)","decl":{"start":{"line":291,"column":125},"end":{"line":291,"column":126}},"loc":{"start":{"line":291,"column":145},"end":{"line":299,"column":7}},"line":291},"39":{"name":"(anonymous_39)","decl":{"start":{"line":302,"column":34},"end":{"line":302,"column":35}},"loc":{"start":{"line":302,"column":46},"end":{"line":402,"column":3}},"line":302},"40":{"name":"(anonymous_40)","decl":{"start":{"line":308,"column":11},"end":{"line":308,"column":12}},"loc":{"start":{"line":308,"column":27},"end":{"line":313,"column":5}},"line":308},"41":{"name":"(anonymous_41)","decl":{"start":{"line":309,"column":98},"end":{"line":309,"column":99}},"loc":{"start":{"line":309,"column":118},"end":{"line":312,"column":7}},"line":309},"42":{"name":"(anonymous_42)","decl":{"start":{"line":314,"column":70},"end":{"line":314,"column":71}},"loc":{"start":{"line":314,"column":86},"end":{"line":332,"column":5}},"line":314},"43":{"name":"(anonymous_43)","decl":{"start":{"line":322,"column":148},"end":{"line":322,"column":149}},"loc":{"start":{"line":322,"column":168},"end":{"line":331,"column":7}},"line":322},"44":{"name":"(anonymous_44)","decl":{"start":{"line":333,"column":67},"end":{"line":333,"column":68}},"loc":{"start":{"line":333,"column":83},"end":{"line":348,"column":5}},"line":333},"45":{"name":"(anonymous_45)","decl":{"start":{"line":340,"column":138},"end":{"line":340,"column":139}},"loc":{"start":{"line":340,"column":158},"end":{"line":347,"column":7}},"line":340},"46":{"name":"(anonymous_46)","decl":{"start":{"line":349,"column":66},"end":{"line":349,"column":67}},"loc":{"start":{"line":349,"column":82},"end":{"line":364,"column":5}},"line":349},"47":{"name":"(anonymous_47)","decl":{"start":{"line":356,"column":138},"end":{"line":356,"column":139}},"loc":{"start":{"line":356,"column":158},"end":{"line":363,"column":7}},"line":356},"48":{"name":"(anonymous_48)","decl":{"start":{"line":365,"column":69},"end":{"line":365,"column":70}},"loc":{"start":{"line":365,"column":85},"end":{"line":380,"column":5}},"line":365},"49":{"name":"(anonymous_49)","decl":{"start":{"line":372,"column":138},"end":{"line":372,"column":139}},"loc":{"start":{"line":372,"column":158},"end":{"line":379,"column":7}},"line":372},"50":{"name":"(anonymous_50)","decl":{"start":{"line":381,"column":52},"end":{"line":381,"column":53}},"loc":{"start":{"line":381,"column":68},"end":{"line":401,"column":5}},"line":381},"51":{"name":"(anonymous_51)","decl":{"start":{"line":393,"column":138},"end":{"line":393,"column":139}},"loc":{"start":{"line":393,"column":158},"end":{"line":400,"column":7}},"line":393}},"branchMap":{"0":{"loc":{"start":{"line":9,"column":46},"end":{"line":9,"column":94}},"type":"cond-expr","locations":[{"start":{"line":9,"column":70},"end":{"line":9,"column":73}},{"start":{"line":9,"column":76},"end":{"line":9,"column":94}}],"line":9},"1":{"loc":{"start":{"line":9,"column":46},"end":{"line":9,"column":67}},"type":"binary-expr","locations":[{"start":{"line":9,"column":46},"end":{"line":9,"column":49}},{"start":{"line":9,"column":53},"end":{"line":9,"column":67}}],"line":9}},"s":{"0":1,"1":1,"2":1,"3":3,"4":1,"5":1,"6":1,"7":1,"8":1,"9":1,"10":1,"11":1,"12":1,"13":1,"14":1,"15":1,"16":1,"17":1,"18":1,"19":1,"20":1,"21":1,"22":1,"23":1,"24":1,"25":1,"26":1,"27":1,"28":1,"29":1,"30":1,"31":1,"32":1,"33":1,"34":1,"35":1,"36":1,"37":1,"38":1,"39":1,"40":1,"41":1,"42":1,"43":1,"44":1,"45":1,"46":1,"47":1,"48":1,"49":1,"50":1,"51":1,"52":1,"53":1,"54":1,"55":1,"56":1,"57":1,"58":1,"59":1,"60":1,"61":1,"62":1,"63":1,"64":1,"65":1,"66":1,"67":1,"68":1,"69":1,"70":1,"71":1,"72":1,"73":1,"74":1,"75":1,"76":1,"77":1,"78":1,"79":1,"80":1,"81":1,"82":1,"83":1,"84":1,"85":1,"86":1,"87":1,"88":1,"89":1,"90":1,"91":1,"92":1,"93":1,"94":1,"95":1,"96":1,"97":1,"98":1,"99":1,"100":1,"101":1,"102":1,"103":1,"104":1,"105":1,"106":1,"107":1,"108":1,"109":1,"110":1,"111":1,"112":1,"113":1,"114":1,"115":1,"116":1,"117":1,"118":1,"119":1,"120":1,"121":1,"122":1,"123":1,"124":1,"125":1,"126":1,"127":1,"128":1,"129":1,"130":1,"131":1,"132":1,"133":1,"134":1,"135":1,"136":1,"137":1,"138":1,"139":1,"140":1,"141":1,"142":1,"143":1,"144":1,"145":1,"146":1,"147":1,"148":1,"149":1,"150":1,"151":1,"152":1,"153":1,"154":1,"155":1,"156":1,"157":1,"158":1,"159":1,"160":1,"161":1,"162":1,"163":1,"164":1,"165":1,"166":1,"167":1,"168":1,"169":1,"170":1,"171":1,"172":1,"173":1,"174":1,"175":1,"176":1,"177":1,"178":1,"179":1,"180":1,"181":1,"182":1,"183":1,"184":1,"185":1,"186":1,"187":1,"188":1,"189":1,"190":1,"191":1,"192":1,"193":1,"194":1,"195":1,"196":1,"197":1,"198":1,"199":1,"200":1,"201":1,"202":1,"203":1,"204":1,"205":1,"206":1,"207":1,"208":1,"209":1,"210":1,"211":1,"212":1,"213":1,"214":1,"215":1,"216":1,"217":1,"218":1,"219":1,"220":1,"221":1,"222":1,"223":1,"224":1,"225":1,"226":1,"227":1,"228":1,"229":1,"230":1,"231":1,"232":1,"233":1,"234":1,"235":1,"236":1,"237":1},"f":{"0":3,"1":1,"2":1,"3":1,"4":1,"5":1,"6":1,"7":1,"8":1,"9":1,"10":1,"11":1,"12":1,"13":1,"14":1,"15":1,"16":1,"17":1,"18":1,"19":1,"20":1,"21":1,"22":1,"23":1,"24":1,"25":1,"26":1,"27":1,"28":1,"29":1,"30":1,"31":1,"32":1,"33":1,"34":1,"35":1,"36":1,"37":1,"38":1,"39":1,"40":1,"41":1,"42":1,"43":1,"44":1,"45":1,"46":1,"47":1,"48":1,"49":1,"50":1,"51":1},"b":{"0":[1,2],"1":[3,3]},"_coverageSchema":"43e27e138ebf9cfc5966b082cf9a028302ed4184","hash":"33760ffb5afcdc321350e42d43250bd1840c05b6","contentHash":"b297795f9d9c98f03d323cfb0eb59dd4412236f898ee17144ab522ff1ed85a7c"}}