{"C:\\Users\\HP-PC\\Desktop\\adc__v1\\banka\\api\\test\\admin-test-spec.js":{"path":"C:\\Users\\HP-PC\\Desktop\\adc__v1\\banka\\api\\test\\admin-test-spec.js","statementMap":{"0":{"start":{"line":3,"column":12},"end":{"line":3,"column":51}},"1":{"start":{"line":5,"column":16},"end":{"line":5,"column":60}},"2":{"start":{"line":7,"column":11},"end":{"line":7,"column":52}},"3":{"start":{"line":9,"column":39},"end":{"line":9,"column":95}},"4":{"start":{"line":13,"column":0},"end":{"line":13,"column":43}},"5":{"start":{"line":15,"column":0},"end":{"line":15,"column":26}},"6":{"start":{"line":17,"column":0},"end":{"line":240,"column":3}},"7":{"start":{"line":18,"column":2},"end":{"line":91,"column":5}},"8":{"start":{"line":19,"column":4},"end":{"line":32,"column":7}},"9":{"start":{"line":20,"column":18},"end":{"line":22,"column":7}},"10":{"start":{"line":24,"column":6},"end":{"line":31,"column":9}},"11":{"start":{"line":25,"column":8},"end":{"line":25,"column":35}},"12":{"start":{"line":26,"column":8},"end":{"line":26,"column":36}},"13":{"start":{"line":27,"column":8},"end":{"line":27,"column":48}},"14":{"start":{"line":28,"column":8},"end":{"line":28,"column":45}},"15":{"start":{"line":29,"column":8},"end":{"line":29,"column":48}},"16":{"start":{"line":30,"column":8},"end":{"line":30,"column":15}},"17":{"start":{"line":33,"column":4},"end":{"line":46,"column":7}},"18":{"start":{"line":34,"column":18},"end":{"line":36,"column":7}},"19":{"start":{"line":38,"column":6},"end":{"line":45,"column":9}},"20":{"start":{"line":39,"column":8},"end":{"line":39,"column":35}},"21":{"start":{"line":40,"column":8},"end":{"line":40,"column":36}},"22":{"start":{"line":41,"column":8},"end":{"line":41,"column":48}},"23":{"start":{"line":42,"column":8},"end":{"line":42,"column":45}},"24":{"start":{"line":43,"column":8},"end":{"line":43,"column":48}},"25":{"start":{"line":44,"column":8},"end":{"line":44,"column":15}},"26":{"start":{"line":47,"column":4},"end":{"line":61,"column":7}},"27":{"start":{"line":48,"column":18},"end":{"line":51,"column":7}},"28":{"start":{"line":53,"column":6},"end":{"line":60,"column":9}},"29":{"start":{"line":54,"column":8},"end":{"line":54,"column":35}},"30":{"start":{"line":55,"column":8},"end":{"line":55,"column":36}},"31":{"start":{"line":56,"column":8},"end":{"line":56,"column":48}},"32":{"start":{"line":57,"column":8},"end":{"line":57,"column":45}},"33":{"start":{"line":58,"column":8},"end":{"line":58,"column":48}},"34":{"start":{"line":59,"column":8},"end":{"line":59,"column":15}},"35":{"start":{"line":62,"column":4},"end":{"line":75,"column":7}},"36":{"start":{"line":63,"column":18},"end":{"line":67,"column":7}},"37":{"start":{"line":69,"column":6},"end":{"line":74,"column":9}},"38":{"start":{"line":70,"column":8},"end":{"line":70,"column":35}},"39":{"start":{"line":71,"column":8},"end":{"line":71,"column":45}},"40":{"start":{"line":72,"column":8},"end":{"line":72,"column":54}},"41":{"start":{"line":73,"column":8},"end":{"line":73,"column":15}},"42":{"start":{"line":76,"column":4},"end":{"line":90,"column":7}},"43":{"start":{"line":77,"column":18},"end":{"line":81,"column":7}},"44":{"start":{"line":83,"column":6},"end":{"line":89,"column":9}},"45":{"start":{"line":84,"column":8},"end":{"line":84,"column":36}},"46":{"start":{"line":85,"column":8},"end":{"line":85,"column":47}},"47":{"start":{"line":86,"column":8},"end":{"line":86,"column":46}},"48":{"start":{"line":87,"column":8},"end":{"line":87,"column":42}},"49":{"start":{"line":88,"column":8},"end":{"line":88,"column":15}},"50":{"start":{"line":92,"column":2},"end":{"line":148,"column":5}},"51":{"start":{"line":93,"column":4},"end":{"line":105,"column":7}},"52":{"start":{"line":94,"column":26},"end":{"line":96,"column":7}},"53":{"start":{"line":98,"column":6},"end":{"line":104,"column":9}},"54":{"start":{"line":99,"column":8},"end":{"line":99,"column":35}},"55":{"start":{"line":100,"column":8},"end":{"line":100,"column":48}},"56":{"start":{"line":101,"column":8},"end":{"line":101,"column":45}},"57":{"start":{"line":102,"column":8},"end":{"line":102,"column":48}},"58":{"start":{"line":103,"column":8},"end":{"line":103,"column":15}},"59":{"start":{"line":106,"column":4},"end":{"line":118,"column":7}},"60":{"start":{"line":107,"column":26},"end":{"line":109,"column":7}},"61":{"start":{"line":111,"column":6},"end":{"line":117,"column":9}},"62":{"start":{"line":112,"column":8},"end":{"line":112,"column":35}},"63":{"start":{"line":113,"column":8},"end":{"line":113,"column":48}},"64":{"start":{"line":114,"column":8},"end":{"line":114,"column":45}},"65":{"start":{"line":115,"column":8},"end":{"line":115,"column":48}},"66":{"start":{"line":116,"column":8},"end":{"line":116,"column":15}},"67":{"start":{"line":119,"column":4},"end":{"line":132,"column":7}},"68":{"start":{"line":120,"column":26},"end":{"line":123,"column":7}},"69":{"start":{"line":125,"column":6},"end":{"line":131,"column":9}},"70":{"start":{"line":126,"column":8},"end":{"line":126,"column":35}},"71":{"start":{"line":127,"column":8},"end":{"line":127,"column":48}},"72":{"start":{"line":128,"column":8},"end":{"line":128,"column":45}},"73":{"start":{"line":129,"column":8},"end":{"line":129,"column":48}},"74":{"start":{"line":130,"column":8},"end":{"line":130,"column":15}},"75":{"start":{"line":133,"column":4},"end":{"line":147,"column":7}},"76":{"start":{"line":134,"column":26},"end":{"line":137,"column":7}},"77":{"start":{"line":139,"column":6},"end":{"line":146,"column":9}},"78":{"start":{"line":140,"column":8},"end":{"line":140,"column":35}},"79":{"start":{"line":141,"column":8},"end":{"line":141,"column":40}},"80":{"start":{"line":142,"column":8},"end":{"line":142,"column":48}},"81":{"start":{"line":143,"column":8},"end":{"line":143,"column":45}},"82":{"start":{"line":144,"column":8},"end":{"line":144,"column":49}},"83":{"start":{"line":145,"column":8},"end":{"line":145,"column":15}},"84":{"start":{"line":149,"column":2},"end":{"line":198,"column":5}},"85":{"start":{"line":150,"column":4},"end":{"line":159,"column":7}},"86":{"start":{"line":151,"column":26},"end":{"line":153,"column":7}},"87":{"start":{"line":155,"column":6},"end":{"line":158,"column":9}},"88":{"start":{"line":156,"column":8},"end":{"line":156,"column":36}},"89":{"start":{"line":157,"column":8},"end":{"line":157,"column":15}},"90":{"start":{"line":160,"column":4},"end":{"line":169,"column":7}},"91":{"start":{"line":161,"column":26},"end":{"line":163,"column":7}},"92":{"start":{"line":165,"column":6},"end":{"line":168,"column":9}},"93":{"start":{"line":166,"column":8},"end":{"line":166,"column":36}},"94":{"start":{"line":167,"column":8},"end":{"line":167,"column":15}},"95":{"start":{"line":170,"column":4},"end":{"line":183,"column":7}},"96":{"start":{"line":171,"column":26},"end":{"line":174,"column":7}},"97":{"start":{"line":176,"column":6},"end":{"line":182,"column":9}},"98":{"start":{"line":177,"column":8},"end":{"line":177,"column":36}},"99":{"start":{"line":178,"column":8},"end":{"line":178,"column":39}},"100":{"start":{"line":179,"column":8},"end":{"line":179,"column":48}},"101":{"start":{"line":180,"column":8},"end":{"line":180,"column":48}},"102":{"start":{"line":181,"column":8},"end":{"line":181,"column":15}},"103":{"start":{"line":184,"column":4},"end":{"line":197,"column":7}},"104":{"start":{"line":185,"column":26},"end":{"line":188,"column":7}},"105":{"start":{"line":190,"column":6},"end":{"line":196,"column":9}},"106":{"start":{"line":191,"column":8},"end":{"line":191,"column":36}},"107":{"start":{"line":192,"column":8},"end":{"line":192,"column":39}},"108":{"start":{"line":193,"column":8},"end":{"line":193,"column":48}},"109":{"start":{"line":194,"column":8},"end":{"line":194,"column":49}},"110":{"start":{"line":195,"column":8},"end":{"line":195,"column":15}},"111":{"start":{"line":199,"column":2},"end":{"line":239,"column":5}},"112":{"start":{"line":200,"column":4},"end":{"line":216,"column":7}},"113":{"start":{"line":201,"column":32},"end":{"line":207,"column":7}},"114":{"start":{"line":209,"column":6},"end":{"line":215,"column":9}},"115":{"start":{"line":210,"column":8},"end":{"line":210,"column":36}},"116":{"start":{"line":211,"column":8},"end":{"line":211,"column":39}},"117":{"start":{"line":212,"column":8},"end":{"line":212,"column":48}},"118":{"start":{"line":213,"column":8},"end":{"line":213,"column":48}},"119":{"start":{"line":214,"column":8},"end":{"line":214,"column":15}},"120":{"start":{"line":218,"column":4},"end":{"line":238,"column":7}},"121":{"start":{"line":219,"column":32},"end":{"line":232,"column":7}},"122":{"start":{"line":234,"column":6},"end":{"line":237,"column":9}},"123":{"start":{"line":235,"column":8},"end":{"line":235,"column":36}},"124":{"start":{"line":236,"column":8},"end":{"line":236,"column":15}}},"fnMap":{"0":{"name":"_interopRequireDefault","decl":{"start":{"line":9,"column":9},"end":{"line":9,"column":31}},"loc":{"start":{"line":9,"column":37},"end":{"line":9,"column":97}},"line":9},"1":{"name":"(anonymous_1)","decl":{"start":{"line":17,"column":20},"end":{"line":17,"column":21}},"loc":{"start":{"line":17,"column":32},"end":{"line":240,"column":1}},"line":17},"2":{"name":"(anonymous_2)","decl":{"start":{"line":18,"column":20},"end":{"line":18,"column":21}},"loc":{"start":{"line":18,"column":32},"end":{"line":91,"column":3}},"line":18},"3":{"name":"(anonymous_3)","decl":{"start":{"line":19,"column":50},"end":{"line":19,"column":51}},"loc":{"start":{"line":19,"column":66},"end":{"line":32,"column":5}},"line":19},"4":{"name":"(anonymous_4)","decl":{"start":{"line":24,"column":97},"end":{"line":24,"column":98}},"loc":{"start":{"line":24,"column":117},"end":{"line":31,"column":7}},"line":24},"5":{"name":"(anonymous_5)","decl":{"start":{"line":33,"column":53},"end":{"line":33,"column":54}},"loc":{"start":{"line":33,"column":69},"end":{"line":46,"column":5}},"line":33},"6":{"name":"(anonymous_6)","decl":{"start":{"line":38,"column":97},"end":{"line":38,"column":98}},"loc":{"start":{"line":38,"column":117},"end":{"line":45,"column":7}},"line":38},"7":{"name":"(anonymous_7)","decl":{"start":{"line":47,"column":67},"end":{"line":47,"column":68}},"loc":{"start":{"line":47,"column":83},"end":{"line":61,"column":5}},"line":47},"8":{"name":"(anonymous_8)","decl":{"start":{"line":53,"column":97},"end":{"line":53,"column":98}},"loc":{"start":{"line":53,"column":117},"end":{"line":60,"column":7}},"line":53},"9":{"name":"(anonymous_9)","decl":{"start":{"line":62,"column":66},"end":{"line":62,"column":67}},"loc":{"start":{"line":62,"column":82},"end":{"line":75,"column":5}},"line":62},"10":{"name":"(anonymous_10)","decl":{"start":{"line":69,"column":97},"end":{"line":69,"column":98}},"loc":{"start":{"line":69,"column":117},"end":{"line":74,"column":7}},"line":69},"11":{"name":"(anonymous_11)","decl":{"start":{"line":76,"column":60},"end":{"line":76,"column":61}},"loc":{"start":{"line":76,"column":76},"end":{"line":90,"column":5}},"line":76},"12":{"name":"(anonymous_12)","decl":{"start":{"line":83,"column":97},"end":{"line":83,"column":98}},"loc":{"start":{"line":83,"column":117},"end":{"line":89,"column":7}},"line":83},"13":{"name":"(anonymous_13)","decl":{"start":{"line":92,"column":36},"end":{"line":92,"column":37}},"loc":{"start":{"line":92,"column":48},"end":{"line":148,"column":3}},"line":92},"14":{"name":"(anonymous_14)","decl":{"start":{"line":93,"column":69},"end":{"line":93,"column":70}},"loc":{"start":{"line":93,"column":85},"end":{"line":105,"column":5}},"line":93},"15":{"name":"(anonymous_15)","decl":{"start":{"line":98,"column":106},"end":{"line":98,"column":107}},"loc":{"start":{"line":98,"column":126},"end":{"line":104,"column":7}},"line":98},"16":{"name":"(anonymous_16)","decl":{"start":{"line":106,"column":62},"end":{"line":106,"column":63}},"loc":{"start":{"line":106,"column":78},"end":{"line":118,"column":5}},"line":106},"17":{"name":"(anonymous_17)","decl":{"start":{"line":111,"column":106},"end":{"line":111,"column":107}},"loc":{"start":{"line":111,"column":126},"end":{"line":117,"column":7}},"line":111},"18":{"name":"(anonymous_18)","decl":{"start":{"line":119,"column":66},"end":{"line":119,"column":67}},"loc":{"start":{"line":119,"column":82},"end":{"line":132,"column":5}},"line":119},"19":{"name":"(anonymous_19)","decl":{"start":{"line":125,"column":106},"end":{"line":125,"column":107}},"loc":{"start":{"line":125,"column":126},"end":{"line":131,"column":7}},"line":125},"20":{"name":"(anonymous_20)","decl":{"start":{"line":133,"column":39},"end":{"line":133,"column":40}},"loc":{"start":{"line":133,"column":55},"end":{"line":147,"column":5}},"line":133},"21":{"name":"(anonymous_21)","decl":{"start":{"line":139,"column":106},"end":{"line":139,"column":107}},"loc":{"start":{"line":139,"column":126},"end":{"line":146,"column":7}},"line":139},"22":{"name":"(anonymous_22)","decl":{"start":{"line":149,"column":29},"end":{"line":149,"column":30}},"loc":{"start":{"line":149,"column":41},"end":{"line":198,"column":3}},"line":149},"23":{"name":"(anonymous_23)","decl":{"start":{"line":150,"column":76},"end":{"line":150,"column":77}},"loc":{"start":{"line":150,"column":92},"end":{"line":159,"column":5}},"line":150},"24":{"name":"(anonymous_24)","decl":{"start":{"line":155,"column":98},"end":{"line":155,"column":99}},"loc":{"start":{"line":155,"column":118},"end":{"line":158,"column":7}},"line":155},"25":{"name":"(anonymous_25)","decl":{"start":{"line":160,"column":76},"end":{"line":160,"column":77}},"loc":{"start":{"line":160,"column":92},"end":{"line":169,"column":5}},"line":160},"26":{"name":"(anonymous_26)","decl":{"start":{"line":165,"column":98},"end":{"line":165,"column":99}},"loc":{"start":{"line":165,"column":118},"end":{"line":168,"column":7}},"line":165},"27":{"name":"(anonymous_27)","decl":{"start":{"line":170,"column":79},"end":{"line":170,"column":80}},"loc":{"start":{"line":170,"column":95},"end":{"line":183,"column":5}},"line":170},"28":{"name":"(anonymous_28)","decl":{"start":{"line":176,"column":98},"end":{"line":176,"column":99}},"loc":{"start":{"line":176,"column":118},"end":{"line":182,"column":7}},"line":176},"29":{"name":"(anonymous_29)","decl":{"start":{"line":184,"column":39},"end":{"line":184,"column":40}},"loc":{"start":{"line":184,"column":55},"end":{"line":197,"column":5}},"line":184},"30":{"name":"(anonymous_30)","decl":{"start":{"line":190,"column":98},"end":{"line":190,"column":99}},"loc":{"start":{"line":190,"column":118},"end":{"line":196,"column":7}},"line":190},"31":{"name":"(anonymous_31)","decl":{"start":{"line":199,"column":35},"end":{"line":199,"column":36}},"loc":{"start":{"line":199,"column":47},"end":{"line":239,"column":3}},"line":199},"32":{"name":"(anonymous_32)","decl":{"start":{"line":200,"column":65},"end":{"line":200,"column":66}},"loc":{"start":{"line":200,"column":81},"end":{"line":216,"column":5}},"line":200},"33":{"name":"(anonymous_33)","decl":{"start":{"line":209,"column":118},"end":{"line":209,"column":119}},"loc":{"start":{"line":209,"column":138},"end":{"line":215,"column":7}},"line":209},"34":{"name":"(anonymous_34)","decl":{"start":{"line":218,"column":51},"end":{"line":218,"column":52}},"loc":{"start":{"line":218,"column":67},"end":{"line":238,"column":5}},"line":218},"35":{"name":"(anonymous_35)","decl":{"start":{"line":234,"column":118},"end":{"line":234,"column":119}},"loc":{"start":{"line":234,"column":138},"end":{"line":237,"column":7}},"line":234}},"branchMap":{"0":{"loc":{"start":{"line":9,"column":46},"end":{"line":9,"column":94}},"type":"cond-expr","locations":[{"start":{"line":9,"column":70},"end":{"line":9,"column":73}},{"start":{"line":9,"column":76},"end":{"line":9,"column":94}}],"line":9},"1":{"loc":{"start":{"line":9,"column":46},"end":{"line":9,"column":67}},"type":"binary-expr","locations":[{"start":{"line":9,"column":46},"end":{"line":9,"column":49}},{"start":{"line":9,"column":53},"end":{"line":9,"column":67}}],"line":9}},"s":{"0":1,"1":1,"2":1,"3":3,"4":1,"5":1,"6":1,"7":1,"8":1,"9":1,"10":1,"11":1,"12":1,"13":1,"14":1,"15":1,"16":1,"17":1,"18":1,"19":1,"20":1,"21":1,"22":1,"23":1,"24":1,"25":1,"26":1,"27":1,"28":1,"29":1,"30":1,"31":1,"32":1,"33":1,"34":1,"35":1,"36":1,"37":1,"38":1,"39":1,"40":1,"41":1,"42":1,"43":1,"44":1,"45":1,"46":1,"47":1,"48":1,"49":1,"50":1,"51":1,"52":1,"53":1,"54":1,"55":1,"56":1,"57":1,"58":1,"59":1,"60":1,"61":1,"62":1,"63":1,"64":1,"65":1,"66":1,"67":1,"68":1,"69":1,"70":1,"71":1,"72":1,"73":1,"74":1,"75":1,"76":1,"77":1,"78":1,"79":1,"80":1,"81":1,"82":1,"83":1,"84":1,"85":1,"86":1,"87":1,"88":1,"89":1,"90":1,"91":1,"92":1,"93":1,"94":1,"95":1,"96":1,"97":1,"98":1,"99":1,"100":1,"101":1,"102":1,"103":1,"104":1,"105":1,"106":1,"107":1,"108":1,"109":1,"110":1,"111":1,"112":1,"113":1,"114":1,"115":1,"116":1,"117":1,"118":1,"119":1,"120":1,"121":1,"122":1,"123":1,"124":1},"f":{"0":3,"1":1,"2":1,"3":1,"4":1,"5":1,"6":1,"7":1,"8":1,"9":1,"10":1,"11":1,"12":1,"13":1,"14":1,"15":1,"16":1,"17":1,"18":1,"19":1,"20":1,"21":1,"22":1,"23":1,"24":1,"25":1,"26":1,"27":1,"28":1,"29":1,"30":1,"31":1,"32":1,"33":1,"34":1,"35":1},"b":{"0":[1,2],"1":[3,3]},"_coverageSchema":"43e27e138ebf9cfc5966b082cf9a028302ed4184","hash":"184dd74376c3647dd8b51be592947eab56512039","contentHash":"09b421178f040c5a23c8afa1f5cec47895ee1478e18440e93fd0cdb63a8de595"},"C:\\Users\\HP-PC\\Desktop\\adc__v1\\banka\\api\\app.js":{"path":"C:\\Users\\HP-PC\\Desktop\\adc__v1\\banka\\api\\app.js","statementMap":{"0":{"start":{"line":3,"column":0},"end":{"line":5,"column":3}},"1":{"start":{"line":6,"column":0},"end":{"line":6,"column":28}},"2":{"start":{"line":8,"column":15},"end":{"line":8,"column":57}},"3":{"start":{"line":10,"column":18},"end":{"line":10,"column":64}},"4":{"start":{"line":12,"column":12},"end":{"line":12,"column":51}},"5":{"start":{"line":14,"column":19},"end":{"line":14,"column":74}},"6":{"start":{"line":16,"column":39},"end":{"line":16,"column":95}},"7":{"start":{"line":18,"column":10},"end":{"line":18,"column":36}},"8":{"start":{"line":20,"column":0},"end":{"line":20,"column":39}},"9":{"start":{"line":21,"column":0},"end":{"line":23,"column":4}},"10":{"start":{"line":24,"column":0},"end":{"line":24,"column":38}},"11":{"start":{"line":25,"column":0},"end":{"line":25,"column":82}},"12":{"start":{"line":26,"column":11},"end":{"line":26,"column":35}},"13":{"start":{"line":27,"column":0},"end":{"line":31,"column":3}},"14":{"start":{"line":28,"column":2},"end":{"line":28,"column":21}},"15":{"start":{"line":28,"column":11},"end":{"line":28,"column":21}},"16":{"start":{"line":30,"column":2},"end":{"line":30,"column":55}},"17":{"start":{"line":32,"column":15},"end":{"line":32,"column":18}},"18":{"start":{"line":33,"column":0},"end":{"line":33,"column":30}}},"fnMap":{"0":{"name":"_interopRequireDefault","decl":{"start":{"line":16,"column":9},"end":{"line":16,"column":31}},"loc":{"start":{"line":16,"column":37},"end":{"line":16,"column":97}},"line":16},"1":{"name":"(anonymous_1)","decl":{"start":{"line":27,"column":17},"end":{"line":27,"column":18}},"loc":{"start":{"line":27,"column":32},"end":{"line":31,"column":1}},"line":27}},"branchMap":{"0":{"loc":{"start":{"line":16,"column":46},"end":{"line":16,"column":94}},"type":"cond-expr","locations":[{"start":{"line":16,"column":70},"end":{"line":16,"column":73}},{"start":{"line":16,"column":76},"end":{"line":16,"column":94}}],"line":16},"1":{"loc":{"start":{"line":16,"column":46},"end":{"line":16,"column":67}},"type":"binary-expr","locations":[{"start":{"line":16,"column":46},"end":{"line":16,"column":49}},{"start":{"line":16,"column":53},"end":{"line":16,"column":67}}],"line":16},"2":{"loc":{"start":{"line":26,"column":11},"end":{"line":26,"column":35}},"type":"binary-expr","locations":[{"start":{"line":26,"column":11},"end":{"line":26,"column":27}},{"start":{"line":26,"column":31},"end":{"line":26,"column":35}}],"line":26},"3":{"loc":{"start":{"line":28,"column":2},"end":{"line":28,"column":21}},"type":"if","locations":[{"start":{"line":28,"column":2},"end":{"line":28,"column":21}},{"start":{"line":28,"column":2},"end":{"line":28,"column":21}}],"line":28}},"s":{"0":1,"1":1,"2":1,"3":1,"4":1,"5":1,"6":4,"7":1,"8":1,"9":1,"10":1,"11":1,"12":1,"13":1,"14":1,"15":0,"16":1,"17":1,"18":1},"f":{"0":4,"1":1},"b":{"0":[1,3],"1":[4,4],"2":[1,1],"3":[0,1]},"_coverageSchema":"43e27e138ebf9cfc5966b082cf9a028302ed4184","hash":"02ef714d4fcf820e6c272c579967bb91dfd4dc71","contentHash":"efbdf8ef3c923d7f4f072ed54ae04a3b4760b44ed7ef47e3f3363e10d7e75980"},"C:\\Users\\HP-PC\\Desktop\\adc__v1\\banka\\api\\routes\\bankaroutes.js":{"path":"C:\\Users\\HP-PC\\Desktop\\adc__v1\\banka\\api\\routes\\bankaroutes.js","statementMap":{"0":{"start":{"line":3,"column":0},"end":{"line":5,"column":3}},"1":{"start":{"line":6,"column":0},"end":{"line":6,"column":28}},"2":{"start":{"line":8,"column":15},"end":{"line":8,"column":33}},"3":{"start":{"line":10,"column":23},"end":{"line":10,"column":89}},"4":{"start":{"line":12,"column":23},"end":{"line":12,"column":89}},"5":{"start":{"line":14,"column":23},"end":{"line":14,"column":89}},"6":{"start":{"line":16,"column":39},"end":{"line":16,"column":95}},"7":{"start":{"line":18,"column":13},"end":{"line":18,"column":35}},"8":{"start":{"line":19,"column":0},"end":{"line":19,"column":51}},"9":{"start":{"line":20,"column":0},"end":{"line":20,"column":70}},"10":{"start":{"line":21,"column":0},"end":{"line":21,"column":77}},"11":{"start":{"line":22,"column":0},"end":{"line":22,"column":70}},"12":{"start":{"line":23,"column":0},"end":{"line":23,"column":73}},"13":{"start":{"line":24,"column":0},"end":{"line":24,"column":77}},"14":{"start":{"line":25,"column":0},"end":{"line":25,"column":83}},"15":{"start":{"line":26,"column":0},"end":{"line":26,"column":81}},"16":{"start":{"line":27,"column":0},"end":{"line":27,"column":94}},"17":{"start":{"line":28,"column":0},"end":{"line":28,"column":69}},"18":{"start":{"line":29,"column":0},"end":{"line":29,"column":87}},"19":{"start":{"line":31,"column":0},"end":{"line":31,"column":77}},"20":{"start":{"line":32,"column":0},"end":{"line":32,"column":80}},"21":{"start":{"line":33,"column":0},"end":{"line":33,"column":96}},"22":{"start":{"line":34,"column":0},"end":{"line":34,"column":94}},"23":{"start":{"line":35,"column":0},"end":{"line":35,"column":95}},"24":{"start":{"line":36,"column":0},"end":{"line":36,"column":81}},"25":{"start":{"line":38,"column":0},"end":{"line":38,"column":89}},"26":{"start":{"line":41,"column":0},"end":{"line":41,"column":80}},"27":{"start":{"line":42,"column":0},"end":{"line":42,"column":88}},"28":{"start":{"line":43,"column":0},"end":{"line":43,"column":76}},"29":{"start":{"line":44,"column":0},"end":{"line":44,"column":78}},"30":{"start":{"line":45,"column":0},"end":{"line":45,"column":90}},"31":{"start":{"line":46,"column":15},"end":{"line":46,"column":21}},"32":{"start":{"line":47,"column":0},"end":{"line":47,"column":30}}},"fnMap":{"0":{"name":"_interopRequireDefault","decl":{"start":{"line":16,"column":9},"end":{"line":16,"column":31}},"loc":{"start":{"line":16,"column":37},"end":{"line":16,"column":97}},"line":16}},"branchMap":{"0":{"loc":{"start":{"line":16,"column":46},"end":{"line":16,"column":94}},"type":"cond-expr","locations":[{"start":{"line":16,"column":70},"end":{"line":16,"column":73}},{"start":{"line":16,"column":76},"end":{"line":16,"column":94}}],"line":16},"1":{"loc":{"start":{"line":16,"column":46},"end":{"line":16,"column":67}},"type":"binary-expr","locations":[{"start":{"line":16,"column":46},"end":{"line":16,"column":49}},{"start":{"line":16,"column":53},"end":{"line":16,"column":67}}],"line":16}},"s":{"0":1,"1":1,"2":1,"3":1,"4":1,"5":1,"6":3,"7":1,"8":1,"9":1,"10":1,"11":1,"12":1,"13":1,"14":1,"15":1,"16":1,"17":1,"18":1,"19":1,"20":1,"21":1,"22":1,"23":1,"24":1,"25":1,"26":1,"27":1,"28":1,"29":1,"30":1,"31":1,"32":1},"f":{"0":3},"b":{"0":[3,0],"1":[3,3]},"_coverageSchema":"43e27e138ebf9cfc5966b082cf9a028302ed4184","hash":"080d716ce9a02764ae438a078844c6ae1583effd","contentHash":"0eba941cedeed39f163a679bc606872bc300b5704ec44a14d158ea3dcad62e38"},"C:\\Users\\HP-PC\\Desktop\\adc__v1\\banka\\api\\controllers\\users-controller.js":{"path":"C:\\Users\\HP-PC\\Desktop\\adc__v1\\banka\\api\\controllers\\users-controller.js","statementMap":{"0":{"start":{"line":3,"column":0},"end":{"line":5,"column":3}},"1":{"start":{"line":6,"column":0},"end":{"line":6,"column":28}},"2":{"start":{"line":8,"column":20},"end":{"line":8,"column":67}},"3":{"start":{"line":10,"column":14},"end":{"line":10,"column":55}},"4":{"start":{"line":12,"column":10},"end":{"line":12,"column":47}},"5":{"start":{"line":14,"column":12},"end":{"line":14,"column":51}},"6":{"start":{"line":16,"column":14},"end":{"line":16,"column":61}},"7":{"start":{"line":18,"column":13},"end":{"line":18,"column":63}},"8":{"start":{"line":20,"column":19},"end":{"line":20,"column":75}},"9":{"start":{"line":22,"column":39},"end":{"line":22,"column":95}},"10":{"start":{"line":24,"column":50},"end":{"line":24,"column":151}},"11":{"start":{"line":24,"column":92},"end":{"line":24,"column":149}},"12":{"start":{"line":26,"column":44},"end":{"line":26,"column":315}},"13":{"start":{"line":26,"column":57},"end":{"line":26,"column":58}},"14":{"start":{"line":26,"column":102},"end":{"line":26,"column":110}},"15":{"start":{"line":26,"column":112},"end":{"line":26,"column":167}},"16":{"start":{"line":26,"column":168},"end":{"line":26,"column":199}},"17":{"start":{"line":26,"column":200},"end":{"line":26,"column":254}},"18":{"start":{"line":26,"column":227},"end":{"line":26,"column":254}},"19":{"start":{"line":26,"column":255},"end":{"line":26,"column":313}},"20":{"start":{"line":28,"column":62},"end":{"line":28,"column":131}},"21":{"start":{"line":28,"column":78},"end":{"line":28,"column":131}},"22":{"start":{"line":28,"column":132},"end":{"line":28,"column":193}},"23":{"start":{"line":28,"column":149},"end":{"line":28,"column":193}},"24":{"start":{"line":28,"column":194},"end":{"line":28,"column":213}},"25":{"start":{"line":30,"column":15},"end":{"line":30,"column":59}},"26":{"start":{"line":34,"column":0},"end":{"line":355,"column":3}},"27":{"start":{"line":36,"column":4},"end":{"line":36,"column":42}},"28":{"start":{"line":39,"column":2},"end":{"line":352,"column":6}},"29":{"start":{"line":42,"column":6},"end":{"line":42,"column":39}},"30":{"start":{"line":47,"column":6},"end":{"line":56,"column":9}},"31":{"start":{"line":48,"column":8},"end":{"line":50,"column":9}},"32":{"start":{"line":49,"column":10},"end":{"line":49,"column":27}},"33":{"start":{"line":52,"column":8},"end":{"line":54,"column":11}},"34":{"start":{"line":55,"column":8},"end":{"line":55,"column":41}},"35":{"start":{"line":61,"column":6},"end":{"line":66,"column":7}},"36":{"start":{"line":62,"column":8},"end":{"line":65,"column":11}},"37":{"start":{"line":68,"column":6},"end":{"line":73,"column":7}},"38":{"start":{"line":69,"column":8},"end":{"line":72,"column":11}},"39":{"start":{"line":75,"column":27},"end":{"line":75,"column":76}},"40":{"start":{"line":77,"column":17},"end":{"line":81,"column":7}},"41":{"start":{"line":83,"column":22},"end":{"line":85,"column":8}},"42":{"start":{"line":84,"column":8},"end":{"line":84,"column":43}},"43":{"start":{"line":87,"column":6},"end":{"line":90,"column":9}},"44":{"start":{"line":87,"column":21},"end":{"line":90,"column":9}},"45":{"start":{"line":92,"column":6},"end":{"line":92,"column":35}},"46":{"start":{"line":94,"column":18},"end":{"line":98,"column":8}},"47":{"start":{"line":100,"column":6},"end":{"line":105,"column":9}},"48":{"start":{"line":110,"column":6},"end":{"line":119,"column":9}},"49":{"start":{"line":111,"column":8},"end":{"line":113,"column":9}},"50":{"start":{"line":112,"column":10},"end":{"line":112,"column":27}},"51":{"start":{"line":115,"column":8},"end":{"line":117,"column":11}},"52":{"start":{"line":118,"column":8},"end":{"line":118,"column":41}},"53":{"start":{"line":126,"column":22},"end":{"line":128,"column":8}},"54":{"start":{"line":127,"column":8},"end":{"line":127,"column":47}},"55":{"start":{"line":130,"column":6},"end":{"line":133,"column":9}},"56":{"start":{"line":130,"column":22},"end":{"line":133,"column":9}},"57":{"start":{"line":135,"column":28},"end":{"line":135,"column":97}},"58":{"start":{"line":137,"column":6},"end":{"line":141,"column":9}},"59":{"start":{"line":137,"column":28},"end":{"line":141,"column":9}},"60":{"start":{"line":143,"column":18},"end":{"line":147,"column":8}},"61":{"start":{"line":149,"column":6},"end":{"line":154,"column":9}},"62":{"start":{"line":159,"column":6},"end":{"line":159,"column":51}},"63":{"start":{"line":164,"column":6},"end":{"line":167,"column":9}},"64":{"start":{"line":164,"column":31},"end":{"line":167,"column":9}},"65":{"start":{"line":168,"column":6},"end":{"line":171,"column":9}},"66":{"start":{"line":168,"column":30},"end":{"line":171,"column":9}},"67":{"start":{"line":172,"column":6},"end":{"line":175,"column":9}},"68":{"start":{"line":172,"column":30},"end":{"line":175,"column":9}},"69":{"start":{"line":176,"column":15},"end":{"line":176,"column":28}},"70":{"start":{"line":178,"column":22},"end":{"line":180,"column":8}},"71":{"start":{"line":179,"column":8},"end":{"line":179,"column":40}},"72":{"start":{"line":182,"column":6},"end":{"line":185,"column":9}},"73":{"start":{"line":182,"column":22},"end":{"line":185,"column":9}},"74":{"start":{"line":186,"column":25},"end":{"line":201,"column":7}},"75":{"start":{"line":203,"column":6},"end":{"line":203,"column":59}},"76":{"start":{"line":205,"column":6},"end":{"line":209,"column":9}},"77":{"start":{"line":214,"column":6},"end":{"line":214,"column":49}},"78":{"start":{"line":219,"column":6},"end":{"line":222,"column":9}},"79":{"start":{"line":219,"column":27},"end":{"line":222,"column":9}},"80":{"start":{"line":223,"column":17},"end":{"line":223,"column":31}},"81":{"start":{"line":225,"column":20},"end":{"line":227,"column":8}},"82":{"start":{"line":226,"column":8},"end":{"line":226,"column":37}},"83":{"start":{"line":229,"column":6},"end":{"line":232,"column":9}},"84":{"start":{"line":229,"column":20},"end":{"line":232,"column":9}},"85":{"start":{"line":233,"column":6},"end":{"line":236,"column":9}},"86":{"start":{"line":241,"column":6},"end":{"line":250,"column":9}},"87":{"start":{"line":242,"column":8},"end":{"line":244,"column":9}},"88":{"start":{"line":243,"column":10},"end":{"line":243,"column":27}},"89":{"start":{"line":246,"column":8},"end":{"line":248,"column":11}},"90":{"start":{"line":249,"column":8},"end":{"line":249,"column":41}},"91":{"start":{"line":255,"column":15},"end":{"line":255,"column":28}},"92":{"start":{"line":257,"column":17},"end":{"line":259,"column":8}},"93":{"start":{"line":258,"column":8},"end":{"line":258,"column":40}},"94":{"start":{"line":261,"column":6},"end":{"line":264,"column":9}},"95":{"start":{"line":261,"column":17},"end":{"line":264,"column":9}},"96":{"start":{"line":265,"column":6},"end":{"line":268,"column":9}},"97":{"start":{"line":265,"column":25},"end":{"line":268,"column":9}},"98":{"start":{"line":269,"column":6},"end":{"line":272,"column":9}},"99":{"start":{"line":269,"column":33},"end":{"line":272,"column":9}},"100":{"start":{"line":273,"column":6},"end":{"line":276,"column":9}},"101":{"start":{"line":273,"column":29},"end":{"line":276,"column":9}},"102":{"start":{"line":277,"column":24},"end":{"line":286,"column":7}},"103":{"start":{"line":288,"column":6},"end":{"line":288,"column":48}},"104":{"start":{"line":290,"column":6},"end":{"line":294,"column":9}},"105":{"start":{"line":299,"column":18},"end":{"line":299,"column":47}},"106":{"start":{"line":300,"column":6},"end":{"line":304,"column":9}},"107":{"start":{"line":300,"column":18},"end":{"line":304,"column":9}},"108":{"start":{"line":306,"column":6},"end":{"line":325,"column":9}},"109":{"start":{"line":307,"column":8},"end":{"line":311,"column":11}},"110":{"start":{"line":307,"column":17},"end":{"line":311,"column":11}},"111":{"start":{"line":313,"column":22},"end":{"line":315,"column":10}},"112":{"start":{"line":314,"column":10},"end":{"line":314,"column":42}},"113":{"start":{"line":317,"column":8},"end":{"line":320,"column":11}},"114":{"start":{"line":317,"column":22},"end":{"line":320,"column":11}},"115":{"start":{"line":321,"column":8},"end":{"line":324,"column":11}},"116":{"start":{"line":330,"column":15},"end":{"line":330,"column":28}},"117":{"start":{"line":332,"column":22},"end":{"line":334,"column":8}},"118":{"start":{"line":333,"column":8},"end":{"line":333,"column":40}},"119":{"start":{"line":336,"column":6},"end":{"line":339,"column":9}},"120":{"start":{"line":336,"column":22},"end":{"line":339,"column":9}},"121":{"start":{"line":340,"column":24},"end":{"line":343,"column":7}},"122":{"start":{"line":345,"column":6},"end":{"line":345,"column":64}},"123":{"start":{"line":347,"column":6},"end":{"line":350,"column":9}},"124":{"start":{"line":354,"column":2},"end":{"line":354,"column":24}},"125":{"start":{"line":357,"column":15},"end":{"line":357,"column":29}},"126":{"start":{"line":358,"column":0},"end":{"line":358,"column":30}}},"fnMap":{"0":{"name":"_interopRequireDefault","decl":{"start":{"line":22,"column":9},"end":{"line":22,"column":31}},"loc":{"start":{"line":22,"column":37},"end":{"line":22,"column":97}},"line":22},"1":{"name":"_classCallCheck","decl":{"start":{"line":24,"column":9},"end":{"line":24,"column":24}},"loc":{"start":{"line":24,"column":48},"end":{"line":24,"column":153}},"line":24},"2":{"name":"_defineProperties","decl":{"start":{"line":26,"column":9},"end":{"line":26,"column":26}},"loc":{"start":{"line":26,"column":42},"end":{"line":26,"column":317}},"line":26},"3":{"name":"_createClass","decl":{"start":{"line":28,"column":9},"end":{"line":28,"column":21}},"loc":{"start":{"line":28,"column":60},"end":{"line":28,"column":215}},"line":28},"4":{"name":"(anonymous_4)","decl":{"start":{"line":34,"column":0},"end":{"line":34,"column":1}},"loc":{"start":{"line":34,"column":12},"end":{"line":355,"column":1}},"line":34},"5":{"name":"userController","decl":{"start":{"line":35,"column":11},"end":{"line":35,"column":25}},"loc":{"start":{"line":35,"column":28},"end":{"line":37,"column":3}},"line":35},"6":{"name":"index","decl":{"start":{"line":41,"column":20},"end":{"line":41,"column":25}},"loc":{"start":{"line":41,"column":36},"end":{"line":43,"column":5}},"line":41},"7":{"name":"getSignUp","decl":{"start":{"line":46,"column":20},"end":{"line":46,"column":29}},"loc":{"start":{"line":46,"column":46},"end":{"line":57,"column":5}},"line":46},"8":{"name":"(anonymous_8)","decl":{"start":{"line":47,"column":66},"end":{"line":47,"column":67}},"loc":{"start":{"line":47,"column":91},"end":{"line":56,"column":7}},"line":47},"9":{"name":"userSignUp","decl":{"start":{"line":60,"column":20},"end":{"line":60,"column":30}},"loc":{"start":{"line":60,"column":41},"end":{"line":106,"column":5}},"line":60},"10":{"name":"(anonymous_10)","decl":{"start":{"line":83,"column":45},"end":{"line":83,"column":46}},"loc":{"start":{"line":83,"column":63},"end":{"line":85,"column":7}},"line":83},"11":{"name":"getUserLogin","decl":{"start":{"line":109,"column":20},"end":{"line":109,"column":32}},"loc":{"start":{"line":109,"column":49},"end":{"line":120,"column":5}},"line":109},"12":{"name":"(anonymous_12)","decl":{"start":{"line":110,"column":73},"end":{"line":110,"column":74}},"loc":{"start":{"line":110,"column":98},"end":{"line":119,"column":7}},"line":110},"13":{"name":"userLogin","decl":{"start":{"line":123,"column":20},"end":{"line":123,"column":29}},"loc":{"start":{"line":123,"column":40},"end":{"line":155,"column":5}},"line":123},"14":{"name":"(anonymous_14)","decl":{"start":{"line":126,"column":45},"end":{"line":126,"column":46}},"loc":{"start":{"line":126,"column":63},"end":{"line":128,"column":7}},"line":126},"15":{"name":"getUserUpdateProfile","decl":{"start":{"line":158,"column":20},"end":{"line":158,"column":40}},"loc":{"start":{"line":158,"column":51},"end":{"line":160,"column":5}},"line":158},"16":{"name":"updateProfile","decl":{"start":{"line":163,"column":20},"end":{"line":163,"column":33}},"loc":{"start":{"line":163,"column":44},"end":{"line":210,"column":5}},"line":163},"17":{"name":"(anonymous_17)","decl":{"start":{"line":178,"column":45},"end":{"line":178,"column":46}},"loc":{"start":{"line":178,"column":63},"end":{"line":180,"column":7}},"line":178},"18":{"name":"getResetPassword","decl":{"start":{"line":213,"column":20},"end":{"line":213,"column":36}},"loc":{"start":{"line":213,"column":47},"end":{"line":215,"column":5}},"line":213},"19":{"name":"resetPassword","decl":{"start":{"line":218,"column":20},"end":{"line":218,"column":33}},"loc":{"start":{"line":218,"column":44},"end":{"line":237,"column":5}},"line":218},"20":{"name":"(anonymous_20)","decl":{"start":{"line":225,"column":43},"end":{"line":225,"column":44}},"loc":{"start":{"line":225,"column":61},"end":{"line":227,"column":7}},"line":225},"21":{"name":"getCreateBankAccount","decl":{"start":{"line":240,"column":20},"end":{"line":240,"column":40}},"loc":{"start":{"line":240,"column":51},"end":{"line":251,"column":5}},"line":240},"22":{"name":"(anonymous_22)","decl":{"start":{"line":241,"column":66},"end":{"line":241,"column":67}},"loc":{"start":{"line":241,"column":91},"end":{"line":250,"column":7}},"line":241},"23":{"name":"createBankAccount","decl":{"start":{"line":254,"column":20},"end":{"line":254,"column":37}},"loc":{"start":{"line":254,"column":48},"end":{"line":295,"column":5}},"line":254},"24":{"name":"(anonymous_24)","decl":{"start":{"line":257,"column":40},"end":{"line":257,"column":41}},"loc":{"start":{"line":257,"column":58},"end":{"line":259,"column":7}},"line":257},"25":{"name":"specificUser","decl":{"start":{"line":298,"column":20},"end":{"line":298,"column":32}},"loc":{"start":{"line":298,"column":43},"end":{"line":326,"column":5}},"line":298},"26":{"name":"(anonymous_26)","decl":{"start":{"line":306,"column":72},"end":{"line":306,"column":73}},"loc":{"start":{"line":306,"column":96},"end":{"line":325,"column":7}},"line":306},"27":{"name":"(anonymous_27)","decl":{"start":{"line":313,"column":45},"end":{"line":313,"column":46}},"loc":{"start":{"line":313,"column":63},"end":{"line":315,"column":9}},"line":313},"28":{"name":"changePassword","decl":{"start":{"line":329,"column":20},"end":{"line":329,"column":34}},"loc":{"start":{"line":329,"column":45},"end":{"line":351,"column":5}},"line":329},"29":{"name":"(anonymous_29)","decl":{"start":{"line":332,"column":45},"end":{"line":332,"column":46}},"loc":{"start":{"line":332,"column":63},"end":{"line":334,"column":7}},"line":332}},"branchMap":{"0":{"loc":{"start":{"line":22,"column":46},"end":{"line":22,"column":94}},"type":"cond-expr","locations":[{"start":{"line":22,"column":70},"end":{"line":22,"column":73}},{"start":{"line":22,"column":76},"end":{"line":22,"column":94}}],"line":22},"1":{"loc":{"start":{"line":22,"column":46},"end":{"line":22,"column":67}},"type":"binary-expr","locations":[{"start":{"line":22,"column":46},"end":{"line":22,"column":49}},{"start":{"line":22,"column":53},"end":{"line":22,"column":67}}],"line":22},"2":{"loc":{"start":{"line":24,"column":50},"end":{"line":24,"column":151}},"type":"if","locations":[{"start":{"line":24,"column":50},"end":{"line":24,"column":151}},{"start":{"line":24,"column":50},"end":{"line":24,"column":151}}],"line":24},"3":{"loc":{"start":{"line":26,"column":136},"end":{"line":26,"column":166}},"type":"binary-expr","locations":[{"start":{"line":26,"column":136},"end":{"line":26,"column":157}},{"start":{"line":26,"column":161},"end":{"line":26,"column":166}}],"line":26},"4":{"loc":{"start":{"line":26,"column":200},"end":{"line":26,"column":254}},"type":"if","locations":[{"start":{"line":26,"column":200},"end":{"line":26,"column":254}},{"start":{"line":26,"column":200},"end":{"line":26,"column":254}}],"line":26},"5":{"loc":{"start":{"line":28,"column":62},"end":{"line":28,"column":131}},"type":"if","locations":[{"start":{"line":28,"column":62},"end":{"line":28,"column":131}},{"start":{"line":28,"column":62},"end":{"line":28,"column":131}}],"line":28},"6":{"loc":{"start":{"line":28,"column":132},"end":{"line":28,"column":193}},"type":"if","locations":[{"start":{"line":28,"column":132},"end":{"line":28,"column":193}},{"start":{"line":28,"column":132},"end":{"line":28,"column":193}}],"line":28},"7":{"loc":{"start":{"line":48,"column":8},"end":{"line":50,"column":9}},"type":"if","locations":[{"start":{"line":48,"column":8},"end":{"line":50,"column":9}},{"start":{"line":48,"column":8},"end":{"line":50,"column":9}}],"line":48},"8":{"loc":{"start":{"line":61,"column":6},"end":{"line":66,"column":7}},"type":"if","locations":[{"start":{"line":61,"column":6},"end":{"line":66,"column":7}},{"start":{"line":61,"column":6},"end":{"line":66,"column":7}}],"line":61},"9":{"loc":{"start":{"line":68,"column":6},"end":{"line":73,"column":7}},"type":"if","locations":[{"start":{"line":68,"column":6},"end":{"line":73,"column":7}},{"start":{"line":68,"column":6},"end":{"line":73,"column":7}}],"line":68},"10":{"loc":{"start":{"line":87,"column":6},"end":{"line":90,"column":9}},"type":"if","locations":[{"start":{"line":87,"column":6},"end":{"line":90,"column":9}},{"start":{"line":87,"column":6},"end":{"line":90,"column":9}}],"line":87},"11":{"loc":{"start":{"line":111,"column":8},"end":{"line":113,"column":9}},"type":"if","locations":[{"start":{"line":111,"column":8},"end":{"line":113,"column":9}},{"start":{"line":111,"column":8},"end":{"line":113,"column":9}}],"line":111},"12":{"loc":{"start":{"line":130,"column":6},"end":{"line":133,"column":9}},"type":"if","locations":[{"start":{"line":130,"column":6},"end":{"line":133,"column":9}},{"start":{"line":130,"column":6},"end":{"line":133,"column":9}}],"line":130},"13":{"loc":{"start":{"line":137,"column":6},"end":{"line":141,"column":9}},"type":"if","locations":[{"start":{"line":137,"column":6},"end":{"line":141,"column":9}},{"start":{"line":137,"column":6},"end":{"line":141,"column":9}}],"line":137},"14":{"loc":{"start":{"line":164,"column":6},"end":{"line":167,"column":9}},"type":"if","locations":[{"start":{"line":164,"column":6},"end":{"line":167,"column":9}},{"start":{"line":164,"column":6},"end":{"line":167,"column":9}}],"line":164},"15":{"loc":{"start":{"line":168,"column":6},"end":{"line":171,"column":9}},"type":"if","locations":[{"start":{"line":168,"column":6},"end":{"line":171,"column":9}},{"start":{"line":168,"column":6},"end":{"line":171,"column":9}}],"line":168},"16":{"loc":{"start":{"line":172,"column":6},"end":{"line":175,"column":9}},"type":"if","locations":[{"start":{"line":172,"column":6},"end":{"line":175,"column":9}},{"start":{"line":172,"column":6},"end":{"line":175,"column":9}}],"line":172},"17":{"loc":{"start":{"line":182,"column":6},"end":{"line":185,"column":9}},"type":"if","locations":[{"start":{"line":182,"column":6},"end":{"line":185,"column":9}},{"start":{"line":182,"column":6},"end":{"line":185,"column":9}}],"line":182},"18":{"loc":{"start":{"line":219,"column":6},"end":{"line":222,"column":9}},"type":"if","locations":[{"start":{"line":219,"column":6},"end":{"line":222,"column":9}},{"start":{"line":219,"column":6},"end":{"line":222,"column":9}}],"line":219},"19":{"loc":{"start":{"line":229,"column":6},"end":{"line":232,"column":9}},"type":"if","locations":[{"start":{"line":229,"column":6},"end":{"line":232,"column":9}},{"start":{"line":229,"column":6},"end":{"line":232,"column":9}}],"line":229},"20":{"loc":{"start":{"line":242,"column":8},"end":{"line":244,"column":9}},"type":"if","locations":[{"start":{"line":242,"column":8},"end":{"line":244,"column":9}},{"start":{"line":242,"column":8},"end":{"line":244,"column":9}}],"line":242},"21":{"loc":{"start":{"line":261,"column":6},"end":{"line":264,"column":9}},"type":"if","locations":[{"start":{"line":261,"column":6},"end":{"line":264,"column":9}},{"start":{"line":261,"column":6},"end":{"line":264,"column":9}}],"line":261},"22":{"loc":{"start":{"line":265,"column":6},"end":{"line":268,"column":9}},"type":"if","locations":[{"start":{"line":265,"column":6},"end":{"line":268,"column":9}},{"start":{"line":265,"column":6},"end":{"line":268,"column":9}}],"line":265},"23":{"loc":{"start":{"line":269,"column":6},"end":{"line":272,"column":9}},"type":"if","locations":[{"start":{"line":269,"column":6},"end":{"line":272,"column":9}},{"start":{"line":269,"column":6},"end":{"line":272,"column":9}}],"line":269},"24":{"loc":{"start":{"line":273,"column":6},"end":{"line":276,"column":9}},"type":"if","locations":[{"start":{"line":273,"column":6},"end":{"line":276,"column":9}},{"start":{"line":273,"column":6},"end":{"line":276,"column":9}}],"line":273},"25":{"loc":{"start":{"line":300,"column":6},"end":{"line":304,"column":9}},"type":"if","locations":[{"start":{"line":300,"column":6},"end":{"line":304,"column":9}},{"start":{"line":300,"column":6},"end":{"line":304,"column":9}}],"line":300},"26":{"loc":{"start":{"line":307,"column":8},"end":{"line":311,"column":11}},"type":"if","locations":[{"start":{"line":307,"column":8},"end":{"line":311,"column":11}},{"start":{"line":307,"column":8},"end":{"line":311,"column":11}}],"line":307},"27":{"loc":{"start":{"line":317,"column":8},"end":{"line":320,"column":11}},"type":"if","locations":[{"start":{"line":317,"column":8},"end":{"line":320,"column":11}},{"start":{"line":317,"column":8},"end":{"line":320,"column":11}}],"line":317},"28":{"loc":{"start":{"line":336,"column":6},"end":{"line":339,"column":9}},"type":"if","locations":[{"start":{"line":336,"column":6},"end":{"line":339,"column":9}},{"start":{"line":336,"column":6},"end":{"line":339,"column":9}}],"line":336}},"s":{"0":1,"1":1,"2":1,"3":1,"4":1,"5":1,"6":1,"7":1,"8":1,"9":7,"10":0,"11":0,"12":1,"13":1,"14":13,"15":13,"16":13,"17":13,"18":13,"19":13,"20":1,"21":0,"22":1,"23":1,"24":1,"25":1,"26":1,"27":0,"28":1,"29":1,"30":1,"31":1,"32":0,"33":1,"34":1,"35":2,"36":0,"37":2,"38":1,"39":2,"40":1,"41":1,"42":6,"43":1,"44":0,"45":1,"46":1,"47":1,"48":0,"49":0,"50":0,"51":0,"52":0,"53":3,"54":9,"55":3,"56":1,"57":2,"58":2,"59":1,"60":1,"61":1,"62":0,"63":0,"64":0,"65":0,"66":0,"67":0,"68":0,"69":0,"70":0,"71":0,"72":0,"73":0,"74":0,"75":0,"76":0,"77":0,"78":0,"79":0,"80":0,"81":0,"82":0,"83":0,"84":0,"85":0,"86":0,"87":0,"88":0,"89":0,"90":0,"91":0,"92":0,"93":0,"94":0,"95":0,"96":0,"97":0,"98":0,"99":0,"100":0,"101":0,"102":0,"103":0,"104":0,"105":0,"106":0,"107":0,"108":0,"109":0,"110":0,"111":0,"112":0,"113":0,"114":0,"115":0,"116":0,"117":0,"118":0,"119":0,"120":0,"121":0,"122":0,"123":0,"124":1,"125":1,"126":1},"f":{"0":7,"1":0,"2":1,"3":1,"4":1,"5":0,"6":1,"7":1,"8":1,"9":2,"10":6,"11":0,"12":0,"13":3,"14":9,"15":0,"16":0,"17":0,"18":0,"19":0,"20":0,"21":0,"22":0,"23":0,"24":0,"25":0,"26":0,"27":0,"28":0,"29":0},"b":{"0":[3,4],"1":[7,7],"2":[0,0],"3":[13,13],"4":[13,0],"5":[0,1],"6":[1,0],"7":[0,1],"8":[0,2],"9":[1,1],"10":[0,1],"11":[0,0],"12":[1,2],"13":[1,1],"14":[0,0],"15":[0,0],"16":[0,0],"17":[0,0],"18":[0,0],"19":[0,0],"20":[0,0],"21":[0,0],"22":[0,0],"23":[0,0],"24":[0,0],"25":[0,0],"26":[0,0],"27":[0,0],"28":[0,0]},"_coverageSchema":"43e27e138ebf9cfc5966b082cf9a028302ed4184","hash":"315d932c8321dfcb752ab388afdc965b125e41e8","contentHash":"b93301f0ee3bcec19511e6e78b0bcb91dd608244248d7349fd5ad070935dafbf"},"C:\\Users\\HP-PC\\Desktop\\adc__v1\\banka\\config.js":{"path":"C:\\Users\\HP-PC\\Desktop\\adc__v1\\banka\\config.js","statementMap":{"0":{"start":{"line":3,"column":0},"end":{"line":5,"column":3}},"1":{"start":{"line":6,"column":0},"end":{"line":6,"column":28}},"2":{"start":{"line":7,"column":13},"end":{"line":9,"column":1}},"3":{"start":{"line":10,"column":15},"end":{"line":10,"column":21}},"4":{"start":{"line":11,"column":0},"end":{"line":11,"column":30}}},"fnMap":{},"branchMap":{},"s":{"0":1,"1":1,"2":1,"3":1,"4":1},"f":{},"b":{},"_coverageSchema":"43e27e138ebf9cfc5966b082cf9a028302ed4184","hash":"254200ddc7e323b12cf40ec40206604527aa4971","contentHash":"932c25fee4b3439eb6b70de34229d8a870e58cf69e73a8f660659d485491ac83"},"C:\\Users\\HP-PC\\Desktop\\adc__v1\\banka\\api\\models\\users.js":{"path":"C:\\Users\\HP-PC\\Desktop\\adc__v1\\banka\\api\\models\\users.js","statementMap":{"0":{"start":{"line":3,"column":0},"end":{"line":5,"column":3}},"1":{"start":{"line":6,"column":0},"end":{"line":6,"column":28}},"2":{"start":{"line":7,"column":12},"end":{"line":82,"column":2}},"3":{"start":{"line":83,"column":15},"end":{"line":83,"column":20}},"4":{"start":{"line":84,"column":0},"end":{"line":84,"column":30}}},"fnMap":{},"branchMap":{},"s":{"0":1,"1":1,"2":1,"3":1,"4":1},"f":{},"b":{},"_coverageSchema":"43e27e138ebf9cfc5966b082cf9a028302ed4184","hash":"8820d51fc8d73dd1f9b2cc94bcb7ee4ba1e640e8","contentHash":"46044607531bd759f46b3b9de38265e6ded6b631567bb83a090382ca522ff09f"},"C:\\Users\\HP-PC\\Desktop\\adc__v1\\banka\\api\\models\\bankaccount.js":{"path":"C:\\Users\\HP-PC\\Desktop\\adc__v1\\banka\\api\\models\\bankaccount.js","statementMap":{"0":{"start":{"line":3,"column":0},"end":{"line":5,"column":3}},"1":{"start":{"line":6,"column":0},"end":{"line":6,"column":28}},"2":{"start":{"line":7,"column":18},"end":{"line":25,"column":2}},"3":{"start":{"line":26,"column":15},"end":{"line":26,"column":26}},"4":{"start":{"line":27,"column":0},"end":{"line":27,"column":30}}},"fnMap":{},"branchMap":{},"s":{"0":1,"1":1,"2":1,"3":1,"4":1},"f":{},"b":{},"_coverageSchema":"43e27e138ebf9cfc5966b082cf9a028302ed4184","hash":"b6175178113d6f05487b5722d6304074455332ff","contentHash":"70d7c29eb9b554ca851590dc429866b102ce7d2760c433dd507b942b3ae15d23"},"C:\\Users\\HP-PC\\Desktop\\adc__v1\\banka\\api\\controllers\\staff-controller.js":{"path":"C:\\Users\\HP-PC\\Desktop\\adc__v1\\banka\\api\\controllers\\staff-controller.js","statementMap":{"0":{"start":{"line":3,"column":0},"end":{"line":5,"column":3}},"1":{"start":{"line":6,"column":0},"end":{"line":6,"column":28}},"2":{"start":{"line":8,"column":20},"end":{"line":8,"column":67}},"3":{"start":{"line":10,"column":14},"end":{"line":10,"column":55}},"4":{"start":{"line":12,"column":12},"end":{"line":12,"column":51}},"5":{"start":{"line":14,"column":10},"end":{"line":14,"column":47}},"6":{"start":{"line":16,"column":13},"end":{"line":16,"column":63}},"7":{"start":{"line":18,"column":19},"end":{"line":18,"column":75}},"8":{"start":{"line":20,"column":19},"end":{"line":20,"column":75}},"9":{"start":{"line":22,"column":14},"end":{"line":22,"column":61}},"10":{"start":{"line":24,"column":39},"end":{"line":24,"column":95}},"11":{"start":{"line":26,"column":50},"end":{"line":26,"column":151}},"12":{"start":{"line":26,"column":92},"end":{"line":26,"column":149}},"13":{"start":{"line":28,"column":44},"end":{"line":28,"column":315}},"14":{"start":{"line":28,"column":57},"end":{"line":28,"column":58}},"15":{"start":{"line":28,"column":102},"end":{"line":28,"column":110}},"16":{"start":{"line":28,"column":112},"end":{"line":28,"column":167}},"17":{"start":{"line":28,"column":168},"end":{"line":28,"column":199}},"18":{"start":{"line":28,"column":200},"end":{"line":28,"column":254}},"19":{"start":{"line":28,"column":227},"end":{"line":28,"column":254}},"20":{"start":{"line":28,"column":255},"end":{"line":28,"column":313}},"21":{"start":{"line":30,"column":62},"end":{"line":30,"column":131}},"22":{"start":{"line":30,"column":78},"end":{"line":30,"column":131}},"23":{"start":{"line":30,"column":132},"end":{"line":30,"column":193}},"24":{"start":{"line":30,"column":149},"end":{"line":30,"column":193}},"25":{"start":{"line":30,"column":194},"end":{"line":30,"column":213}},"26":{"start":{"line":32,"column":15},"end":{"line":32,"column":65}},"27":{"start":{"line":36,"column":0},"end":{"line":279,"column":3}},"28":{"start":{"line":38,"column":4},"end":{"line":38,"column":43}},"29":{"start":{"line":41,"column":2},"end":{"line":276,"column":6}},"30":{"start":{"line":44,"column":6},"end":{"line":50,"column":9}},"31":{"start":{"line":45,"column":8},"end":{"line":45,"column":63}},"32":{"start":{"line":45,"column":17},"end":{"line":45,"column":63}},"33":{"start":{"line":46,"column":8},"end":{"line":48,"column":11}},"34":{"start":{"line":49,"column":8},"end":{"line":49,"column":34}},"35":{"start":{"line":55,"column":6},"end":{"line":58,"column":9}},"36":{"start":{"line":55,"column":27},"end":{"line":58,"column":9}},"37":{"start":{"line":59,"column":6},"end":{"line":62,"column":9}},"38":{"start":{"line":59,"column":30},"end":{"line":62,"column":9}},"39":{"start":{"line":64,"column":21},"end":{"line":66,"column":8}},"40":{"start":{"line":65,"column":8},"end":{"line":65,"column":47}},"41":{"start":{"line":68,"column":6},"end":{"line":71,"column":9}},"42":{"start":{"line":68,"column":21},"end":{"line":71,"column":9}},"43":{"start":{"line":72,"column":6},"end":{"line":75,"column":9}},"44":{"start":{"line":72,"column":37},"end":{"line":75,"column":9}},"45":{"start":{"line":77,"column":28},"end":{"line":77,"column":96}},"46":{"start":{"line":79,"column":6},"end":{"line":82,"column":9}},"47":{"start":{"line":79,"column":28},"end":{"line":82,"column":9}},"48":{"start":{"line":84,"column":18},"end":{"line":88,"column":8}},"49":{"start":{"line":90,"column":6},"end":{"line":94,"column":9}},"50":{"start":{"line":99,"column":6},"end":{"line":102,"column":9}},"51":{"start":{"line":99,"column":35},"end":{"line":102,"column":9}},"52":{"start":{"line":103,"column":6},"end":{"line":106,"column":9}},"53":{"start":{"line":103,"column":28},"end":{"line":106,"column":9}},"54":{"start":{"line":108,"column":26},"end":{"line":110,"column":8}},"55":{"start":{"line":109,"column":8},"end":{"line":109,"column":78}},"56":{"start":{"line":112,"column":6},"end":{"line":115,"column":9}},"57":{"start":{"line":112,"column":26},"end":{"line":115,"column":9}},"58":{"start":{"line":120,"column":6},"end":{"line":123,"column":9}},"59":{"start":{"line":121,"column":8},"end":{"line":121,"column":43}},"60":{"start":{"line":122,"column":8},"end":{"line":122,"column":33}},"61":{"start":{"line":125,"column":23},"end":{"line":125,"column":50}},"62":{"start":{"line":126,"column":23},"end":{"line":126,"column":71}},"63":{"start":{"line":127,"column":24},"end":{"line":136,"column":7}},"64":{"start":{"line":138,"column":6},"end":{"line":138,"column":48}},"65":{"start":{"line":140,"column":6},"end":{"line":145,"column":9}},"66":{"start":{"line":150,"column":6},"end":{"line":153,"column":9}},"67":{"start":{"line":150,"column":35},"end":{"line":153,"column":9}},"68":{"start":{"line":154,"column":6},"end":{"line":157,"column":9}},"69":{"start":{"line":154,"column":28},"end":{"line":157,"column":9}},"70":{"start":{"line":159,"column":26},"end":{"line":161,"column":8}},"71":{"start":{"line":160,"column":8},"end":{"line":160,"column":78}},"72":{"start":{"line":163,"column":6},"end":{"line":166,"column":9}},"73":{"start":{"line":163,"column":26},"end":{"line":166,"column":9}},"74":{"start":{"line":171,"column":6},"end":{"line":174,"column":9}},"75":{"start":{"line":172,"column":8},"end":{"line":172,"column":43}},"76":{"start":{"line":173,"column":8},"end":{"line":173,"column":33}},"77":{"start":{"line":178,"column":6},"end":{"line":183,"column":7}},"78":{"start":{"line":179,"column":8},"end":{"line":182,"column":11}},"79":{"start":{"line":185,"column":23},"end":{"line":185,"column":50}},"80":{"start":{"line":186,"column":23},"end":{"line":186,"column":63}},"81":{"start":{"line":187,"column":24},"end":{"line":196,"column":7}},"82":{"start":{"line":198,"column":6},"end":{"line":198,"column":48}},"83":{"start":{"line":200,"column":6},"end":{"line":205,"column":9}},"84":{"start":{"line":210,"column":18},"end":{"line":210,"column":42}},"85":{"start":{"line":212,"column":24},"end":{"line":214,"column":8}},"86":{"start":{"line":213,"column":8},"end":{"line":213,"column":55}},"87":{"start":{"line":216,"column":6},"end":{"line":219,"column":9}},"88":{"start":{"line":216,"column":24},"end":{"line":219,"column":9}},"89":{"start":{"line":221,"column":23},"end":{"line":221,"column":75}},"90":{"start":{"line":223,"column":6},"end":{"line":228,"column":9}},"91":{"start":{"line":233,"column":21},"end":{"line":233,"column":51}},"92":{"start":{"line":234,"column":6},"end":{"line":237,"column":9}},"93":{"start":{"line":234,"column":25},"end":{"line":237,"column":9}},"94":{"start":{"line":238,"column":6},"end":{"line":242,"column":9}},"95":{"start":{"line":247,"column":18},"end":{"line":247,"column":42}},"96":{"start":{"line":248,"column":18},"end":{"line":248,"column":31}},"97":{"start":{"line":250,"column":20},"end":{"line":252,"column":8}},"98":{"start":{"line":251,"column":8},"end":{"line":251,"column":41}},"99":{"start":{"line":255,"column":27},"end":{"line":257,"column":8}},"100":{"start":{"line":256,"column":8},"end":{"line":256,"column":57}},"101":{"start":{"line":259,"column":6},"end":{"line":262,"column":9}},"102":{"start":{"line":259,"column":20},"end":{"line":262,"column":9}},"103":{"start":{"line":264,"column":31},"end":{"line":266,"column":8}},"104":{"start":{"line":265,"column":8},"end":{"line":265,"column":57}},"105":{"start":{"line":268,"column":6},"end":{"line":274,"column":9}},"106":{"start":{"line":278,"column":2},"end":{"line":278,"column":25}},"107":{"start":{"line":281,"column":15},"end":{"line":281,"column":30}},"108":{"start":{"line":282,"column":0},"end":{"line":282,"column":30}}},"fnMap":{"0":{"name":"_interopRequireDefault","decl":{"start":{"line":24,"column":9},"end":{"line":24,"column":31}},"loc":{"start":{"line":24,"column":37},"end":{"line":24,"column":97}},"line":24},"1":{"name":"_classCallCheck","decl":{"start":{"line":26,"column":9},"end":{"line":26,"column":24}},"loc":{"start":{"line":26,"column":48},"end":{"line":26,"column":153}},"line":26},"2":{"name":"_defineProperties","decl":{"start":{"line":28,"column":9},"end":{"line":28,"column":26}},"loc":{"start":{"line":28,"column":42},"end":{"line":28,"column":317}},"line":28},"3":{"name":"_createClass","decl":{"start":{"line":30,"column":9},"end":{"line":30,"column":21}},"loc":{"start":{"line":30,"column":60},"end":{"line":30,"column":215}},"line":30},"4":{"name":"(anonymous_4)","decl":{"start":{"line":36,"column":0},"end":{"line":36,"column":1}},"loc":{"start":{"line":36,"column":12},"end":{"line":279,"column":1}},"line":36},"5":{"name":"staffController","decl":{"start":{"line":37,"column":11},"end":{"line":37,"column":26}},"loc":{"start":{"line":37,"column":29},"end":{"line":39,"column":3}},"line":37},"6":{"name":"getStaffLogin","decl":{"start":{"line":43,"column":20},"end":{"line":43,"column":33}},"loc":{"start":{"line":43,"column":44},"end":{"line":51,"column":5}},"line":43},"7":{"name":"(anonymous_7)","decl":{"start":{"line":44,"column":66},"end":{"line":44,"column":67}},"loc":{"start":{"line":44,"column":91},"end":{"line":50,"column":7}},"line":44},"8":{"name":"staffLogin","decl":{"start":{"line":54,"column":20},"end":{"line":54,"column":30}},"loc":{"start":{"line":54,"column":41},"end":{"line":95,"column":5}},"line":54},"9":{"name":"(anonymous_9)","decl":{"start":{"line":64,"column":44},"end":{"line":64,"column":45}},"loc":{"start":{"line":64,"column":62},"end":{"line":66,"column":7}},"line":64},"10":{"name":"creditAccount","decl":{"start":{"line":98,"column":20},"end":{"line":98,"column":33}},"loc":{"start":{"line":98,"column":44},"end":{"line":146,"column":5}},"line":98},"11":{"name":"(anonymous_11)","decl":{"start":{"line":108,"column":55},"end":{"line":108,"column":56}},"loc":{"start":{"line":108,"column":80},"end":{"line":110,"column":7}},"line":108},"12":{"name":"(anonymous_12)","decl":{"start":{"line":120,"column":34},"end":{"line":120,"column":35}},"loc":{"start":{"line":120,"column":68},"end":{"line":123,"column":7}},"line":120},"13":{"name":"debitAccount","decl":{"start":{"line":149,"column":20},"end":{"line":149,"column":32}},"loc":{"start":{"line":149,"column":43},"end":{"line":206,"column":5}},"line":149},"14":{"name":"(anonymous_14)","decl":{"start":{"line":159,"column":55},"end":{"line":159,"column":56}},"loc":{"start":{"line":159,"column":80},"end":{"line":161,"column":7}},"line":159},"15":{"name":"(anonymous_15)","decl":{"start":{"line":171,"column":34},"end":{"line":171,"column":35}},"loc":{"start":{"line":171,"column":68},"end":{"line":174,"column":7}},"line":171},"16":{"name":"deleteAccount","decl":{"start":{"line":209,"column":20},"end":{"line":209,"column":33}},"loc":{"start":{"line":209,"column":44},"end":{"line":229,"column":5}},"line":209},"17":{"name":"(anonymous_17)","decl":{"start":{"line":212,"column":53},"end":{"line":212,"column":54}},"loc":{"start":{"line":212,"column":72},"end":{"line":214,"column":7}},"line":212},"18":{"name":"allUsersAccount","decl":{"start":{"line":232,"column":20},"end":{"line":232,"column":35}},"loc":{"start":{"line":232,"column":46},"end":{"line":243,"column":5}},"line":232},"19":{"name":"getSpecificAccount","decl":{"start":{"line":246,"column":20},"end":{"line":246,"column":38}},"loc":{"start":{"line":246,"column":49},"end":{"line":275,"column":5}},"line":246},"20":{"name":"(anonymous_20)","decl":{"start":{"line":250,"column":43},"end":{"line":250,"column":44}},"loc":{"start":{"line":250,"column":59},"end":{"line":252,"column":7}},"line":250},"21":{"name":"(anonymous_21)","decl":{"start":{"line":255,"column":56},"end":{"line":255,"column":57}},"loc":{"start":{"line":255,"column":77},"end":{"line":257,"column":7}},"line":255},"22":{"name":"(anonymous_22)","decl":{"start":{"line":264,"column":62},"end":{"line":264,"column":63}},"loc":{"start":{"line":264,"column":83},"end":{"line":266,"column":7}},"line":264}},"branchMap":{"0":{"loc":{"start":{"line":24,"column":46},"end":{"line":24,"column":94}},"type":"cond-expr","locations":[{"start":{"line":24,"column":70},"end":{"line":24,"column":73}},{"start":{"line":24,"column":76},"end":{"line":24,"column":94}}],"line":24},"1":{"loc":{"start":{"line":24,"column":46},"end":{"line":24,"column":67}},"type":"binary-expr","locations":[{"start":{"line":24,"column":46},"end":{"line":24,"column":49}},{"start":{"line":24,"column":53},"end":{"line":24,"column":67}}],"line":24},"2":{"loc":{"start":{"line":26,"column":50},"end":{"line":26,"column":151}},"type":"if","locations":[{"start":{"line":26,"column":50},"end":{"line":26,"column":151}},{"start":{"line":26,"column":50},"end":{"line":26,"column":151}}],"line":26},"3":{"loc":{"start":{"line":28,"column":136},"end":{"line":28,"column":166}},"type":"binary-expr","locations":[{"start":{"line":28,"column":136},"end":{"line":28,"column":157}},{"start":{"line":28,"column":161},"end":{"line":28,"column":166}}],"line":28},"4":{"loc":{"start":{"line":28,"column":200},"end":{"line":28,"column":254}},"type":"if","locations":[{"start":{"line":28,"column":200},"end":{"line":28,"column":254}},{"start":{"line":28,"column":200},"end":{"line":28,"column":254}}],"line":28},"5":{"loc":{"start":{"line":30,"column":62},"end":{"line":30,"column":131}},"type":"if","locations":[{"start":{"line":30,"column":62},"end":{"line":30,"column":131}},{"start":{"line":30,"column":62},"end":{"line":30,"column":131}}],"line":30},"6":{"loc":{"start":{"line":30,"column":132},"end":{"line":30,"column":193}},"type":"if","locations":[{"start":{"line":30,"column":132},"end":{"line":30,"column":193}},{"start":{"line":30,"column":132},"end":{"line":30,"column":193}}],"line":30},"7":{"loc":{"start":{"line":45,"column":8},"end":{"line":45,"column":63}},"type":"if","locations":[{"start":{"line":45,"column":8},"end":{"line":45,"column":63}},{"start":{"line":45,"column":8},"end":{"line":45,"column":63}}],"line":45},"8":{"loc":{"start":{"line":55,"column":6},"end":{"line":58,"column":9}},"type":"if","locations":[{"start":{"line":55,"column":6},"end":{"line":58,"column":9}},{"start":{"line":55,"column":6},"end":{"line":58,"column":9}}],"line":55},"9":{"loc":{"start":{"line":59,"column":6},"end":{"line":62,"column":9}},"type":"if","locations":[{"start":{"line":59,"column":6},"end":{"line":62,"column":9}},{"start":{"line":59,"column":6},"end":{"line":62,"column":9}}],"line":59},"10":{"loc":{"start":{"line":68,"column":6},"end":{"line":71,"column":9}},"type":"if","locations":[{"start":{"line":68,"column":6},"end":{"line":71,"column":9}},{"start":{"line":68,"column":6},"end":{"line":71,"column":9}}],"line":68},"11":{"loc":{"start":{"line":72,"column":6},"end":{"line":75,"column":9}},"type":"if","locations":[{"start":{"line":72,"column":6},"end":{"line":75,"column":9}},{"start":{"line":72,"column":6},"end":{"line":75,"column":9}}],"line":72},"12":{"loc":{"start":{"line":79,"column":6},"end":{"line":82,"column":9}},"type":"if","locations":[{"start":{"line":79,"column":6},"end":{"line":82,"column":9}},{"start":{"line":79,"column":6},"end":{"line":82,"column":9}}],"line":79},"13":{"loc":{"start":{"line":99,"column":6},"end":{"line":102,"column":9}},"type":"if","locations":[{"start":{"line":99,"column":6},"end":{"line":102,"column":9}},{"start":{"line":99,"column":6},"end":{"line":102,"column":9}}],"line":99},"14":{"loc":{"start":{"line":103,"column":6},"end":{"line":106,"column":9}},"type":"if","locations":[{"start":{"line":103,"column":6},"end":{"line":106,"column":9}},{"start":{"line":103,"column":6},"end":{"line":106,"column":9}}],"line":103},"15":{"loc":{"start":{"line":112,"column":6},"end":{"line":115,"column":9}},"type":"if","locations":[{"start":{"line":112,"column":6},"end":{"line":115,"column":9}},{"start":{"line":112,"column":6},"end":{"line":115,"column":9}}],"line":112},"16":{"loc":{"start":{"line":150,"column":6},"end":{"line":153,"column":9}},"type":"if","locations":[{"start":{"line":150,"column":6},"end":{"line":153,"column":9}},{"start":{"line":150,"column":6},"end":{"line":153,"column":9}}],"line":150},"17":{"loc":{"start":{"line":154,"column":6},"end":{"line":157,"column":9}},"type":"if","locations":[{"start":{"line":154,"column":6},"end":{"line":157,"column":9}},{"start":{"line":154,"column":6},"end":{"line":157,"column":9}}],"line":154},"18":{"loc":{"start":{"line":163,"column":6},"end":{"line":166,"column":9}},"type":"if","locations":[{"start":{"line":163,"column":6},"end":{"line":166,"column":9}},{"start":{"line":163,"column":6},"end":{"line":166,"column":9}}],"line":163},"19":{"loc":{"start":{"line":178,"column":6},"end":{"line":183,"column":7}},"type":"if","locations":[{"start":{"line":178,"column":6},"end":{"line":183,"column":7}},{"start":{"line":178,"column":6},"end":{"line":183,"column":7}}],"line":178},"20":{"loc":{"start":{"line":216,"column":6},"end":{"line":219,"column":9}},"type":"if","locations":[{"start":{"line":216,"column":6},"end":{"line":219,"column":9}},{"start":{"line":216,"column":6},"end":{"line":219,"column":9}}],"line":216},"21":{"loc":{"start":{"line":234,"column":6},"end":{"line":237,"column":9}},"type":"if","locations":[{"start":{"line":234,"column":6},"end":{"line":237,"column":9}},{"start":{"line":234,"column":6},"end":{"line":237,"column":9}}],"line":234},"22":{"loc":{"start":{"line":259,"column":6},"end":{"line":262,"column":9}},"type":"if","locations":[{"start":{"line":259,"column":6},"end":{"line":262,"column":9}},{"start":{"line":259,"column":6},"end":{"line":262,"column":9}}],"line":259}},"s":{"0":1,"1":1,"2":1,"3":1,"4":1,"5":1,"6":1,"7":1,"8":1,"9":1,"10":8,"11":0,"12":0,"13":1,"14":1,"15":7,"16":7,"17":7,"18":7,"19":7,"20":7,"21":1,"22":0,"23":1,"24":1,"25":1,"26":1,"27":1,"28":0,"29":1,"30":0,"31":0,"32":0,"33":0,"34":0,"35":5,"36":1,"37":4,"38":1,"39":3,"40":11,"41":3,"42":1,"43":2,"44":1,"45":2,"46":2,"47":1,"48":1,"49":1,"50":4,"51":1,"52":3,"53":1,"54":2,"55":5,"56":2,"57":1,"58":1,"59":1,"60":1,"61":1,"62":1,"63":1,"64":1,"65":1,"66":5,"67":1,"68":4,"69":1,"70":3,"71":6,"72":3,"73":1,"74":2,"75":4,"76":4,"77":2,"78":1,"79":1,"80":1,"81":1,"82":1,"83":1,"84":2,"85":2,"86":5,"87":2,"88":1,"89":1,"90":1,"91":2,"92":2,"93":0,"94":2,"95":2,"96":2,"97":2,"98":7,"99":2,"100":5,"101":2,"102":1,"103":1,"104":3,"105":1,"106":1,"107":1,"108":1},"f":{"0":8,"1":0,"2":1,"3":1,"4":1,"5":0,"6":0,"7":0,"8":5,"9":11,"10":4,"11":5,"12":1,"13":5,"14":6,"15":4,"16":2,"17":5,"18":2,"19":2,"20":7,"21":5,"22":3},"b":{"0":[4,4],"1":[8,8],"2":[0,0],"3":[7,7],"4":[7,0],"5":[0,1],"6":[1,0],"7":[0,0],"8":[1,4],"9":[1,3],"10":[1,2],"11":[1,1],"12":[1,1],"13":[1,3],"14":[1,2],"15":[1,1],"16":[1,4],"17":[1,3],"18":[1,2],"19":[1,1],"20":[1,1],"21":[0,2],"22":[1,1]},"_coverageSchema":"43e27e138ebf9cfc5966b082cf9a028302ed4184","hash":"528f2557055f8ea83b24d55ba40ae89d3b8453e9","contentHash":"b2c1b82bb02a8c17b954870e857bee70c284094962a543972cf240ab1b4d1ab0"},"C:\\Users\\HP-PC\\Desktop\\adc__v1\\banka\\api\\models\\transaction.js":{"path":"C:\\Users\\HP-PC\\Desktop\\adc__v1\\banka\\api\\models\\transaction.js","statementMap":{"0":{"start":{"line":3,"column":0},"end":{"line":5,"column":3}},"1":{"start":{"line":6,"column":0},"end":{"line":6,"column":28}},"2":{"start":{"line":7,"column":19},"end":{"line":16,"column":2}},"3":{"start":{"line":17,"column":15},"end":{"line":17,"column":27}},"4":{"start":{"line":18,"column":0},"end":{"line":18,"column":30}}},"fnMap":{},"branchMap":{},"s":{"0":1,"1":1,"2":1,"3":1,"4":1},"f":{},"b":{},"_coverageSchema":"43e27e138ebf9cfc5966b082cf9a028302ed4184","hash":"3ac6bf3c02bec0c6dca9c03037bb1aed50413f7b","contentHash":"45ba06bd8465a6cf0462d65d9786d4a7ae24cf12db7f1dbf567b0042a7d9f74e"},"C:\\Users\\HP-PC\\Desktop\\adc__v1\\banka\\api\\controllers\\admin-controller.js":{"path":"C:\\Users\\HP-PC\\Desktop\\adc__v1\\banka\\api\\controllers\\admin-controller.js","statementMap":{"0":{"start":{"line":3,"column":0},"end":{"line":5,"column":3}},"1":{"start":{"line":6,"column":0},"end":{"line":6,"column":28}},"2":{"start":{"line":8,"column":20},"end":{"line":8,"column":67}},"3":{"start":{"line":10,"column":14},"end":{"line":10,"column":55}},"4":{"start":{"line":12,"column":12},"end":{"line":12,"column":51}},"5":{"start":{"line":14,"column":10},"end":{"line":14,"column":47}},"6":{"start":{"line":16,"column":13},"end":{"line":16,"column":63}},"7":{"start":{"line":18,"column":19},"end":{"line":18,"column":75}},"8":{"start":{"line":20,"column":19},"end":{"line":20,"column":75}},"9":{"start":{"line":22,"column":14},"end":{"line":22,"column":61}},"10":{"start":{"line":24,"column":39},"end":{"line":24,"column":95}},"11":{"start":{"line":26,"column":50},"end":{"line":26,"column":151}},"12":{"start":{"line":26,"column":92},"end":{"line":26,"column":149}},"13":{"start":{"line":28,"column":44},"end":{"line":28,"column":315}},"14":{"start":{"line":28,"column":57},"end":{"line":28,"column":58}},"15":{"start":{"line":28,"column":102},"end":{"line":28,"column":110}},"16":{"start":{"line":28,"column":112},"end":{"line":28,"column":167}},"17":{"start":{"line":28,"column":168},"end":{"line":28,"column":199}},"18":{"start":{"line":28,"column":200},"end":{"line":28,"column":254}},"19":{"start":{"line":28,"column":227},"end":{"line":28,"column":254}},"20":{"start":{"line":28,"column":255},"end":{"line":28,"column":313}},"21":{"start":{"line":30,"column":62},"end":{"line":30,"column":131}},"22":{"start":{"line":30,"column":78},"end":{"line":30,"column":131}},"23":{"start":{"line":30,"column":132},"end":{"line":30,"column":193}},"24":{"start":{"line":30,"column":149},"end":{"line":30,"column":193}},"25":{"start":{"line":30,"column":194},"end":{"line":30,"column":213}},"26":{"start":{"line":32,"column":15},"end":{"line":32,"column":65}},"27":{"start":{"line":36,"column":0},"end":{"line":240,"column":3}},"28":{"start":{"line":38,"column":4},"end":{"line":38,"column":43}},"29":{"start":{"line":41,"column":2},"end":{"line":237,"column":6}},"30":{"start":{"line":44,"column":6},"end":{"line":50,"column":9}},"31":{"start":{"line":45,"column":8},"end":{"line":45,"column":63}},"32":{"start":{"line":45,"column":17},"end":{"line":45,"column":63}},"33":{"start":{"line":46,"column":8},"end":{"line":48,"column":11}},"34":{"start":{"line":49,"column":8},"end":{"line":49,"column":34}},"35":{"start":{"line":55,"column":6},"end":{"line":58,"column":9}},"36":{"start":{"line":55,"column":27},"end":{"line":58,"column":9}},"37":{"start":{"line":59,"column":6},"end":{"line":62,"column":9}},"38":{"start":{"line":59,"column":30},"end":{"line":62,"column":9}},"39":{"start":{"line":64,"column":21},"end":{"line":66,"column":8}},"40":{"start":{"line":65,"column":8},"end":{"line":65,"column":47}},"41":{"start":{"line":68,"column":6},"end":{"line":71,"column":9}},"42":{"start":{"line":68,"column":21},"end":{"line":71,"column":9}},"43":{"start":{"line":72,"column":6},"end":{"line":75,"column":9}},"44":{"start":{"line":72,"column":37},"end":{"line":75,"column":9}},"45":{"start":{"line":77,"column":28},"end":{"line":77,"column":96}},"46":{"start":{"line":79,"column":6},"end":{"line":82,"column":9}},"47":{"start":{"line":79,"column":28},"end":{"line":82,"column":9}},"48":{"start":{"line":84,"column":18},"end":{"line":88,"column":8}},"49":{"start":{"line":90,"column":6},"end":{"line":94,"column":9}},"50":{"start":{"line":99,"column":6},"end":{"line":102,"column":9}},"51":{"start":{"line":99,"column":24},"end":{"line":102,"column":9}},"52":{"start":{"line":103,"column":6},"end":{"line":106,"column":9}},"53":{"start":{"line":103,"column":35},"end":{"line":106,"column":9}},"54":{"start":{"line":108,"column":21},"end":{"line":110,"column":8}},"55":{"start":{"line":109,"column":8},"end":{"line":109,"column":59}},"56":{"start":{"line":112,"column":6},"end":{"line":115,"column":9}},"57":{"start":{"line":112,"column":21},"end":{"line":115,"column":9}},"58":{"start":{"line":116,"column":34},"end":{"line":125,"column":7}},"59":{"start":{"line":127,"column":6},"end":{"line":127,"column":79}},"60":{"start":{"line":129,"column":6},"end":{"line":133,"column":9}},"61":{"start":{"line":138,"column":6},"end":{"line":141,"column":9}},"62":{"start":{"line":138,"column":35},"end":{"line":141,"column":9}},"63":{"start":{"line":142,"column":6},"end":{"line":145,"column":9}},"64":{"start":{"line":142,"column":28},"end":{"line":145,"column":9}},"65":{"start":{"line":147,"column":25},"end":{"line":149,"column":8}},"66":{"start":{"line":148,"column":8},"end":{"line":148,"column":70}},"67":{"start":{"line":151,"column":6},"end":{"line":154,"column":9}},"68":{"start":{"line":151,"column":25},"end":{"line":154,"column":9}},"69":{"start":{"line":156,"column":19},"end":{"line":156,"column":64}},"70":{"start":{"line":157,"column":26},"end":{"line":166,"column":7}},"71":{"start":{"line":168,"column":6},"end":{"line":168,"column":75}},"72":{"start":{"line":170,"column":6},"end":{"line":174,"column":9}},"73":{"start":{"line":179,"column":6},"end":{"line":182,"column":9}},"74":{"start":{"line":179,"column":26},"end":{"line":182,"column":9}},"75":{"start":{"line":183,"column":6},"end":{"line":186,"column":9}},"76":{"start":{"line":183,"column":31},"end":{"line":186,"column":9}},"77":{"start":{"line":187,"column":6},"end":{"line":190,"column":9}},"78":{"start":{"line":187,"column":30},"end":{"line":190,"column":9}},"79":{"start":{"line":191,"column":6},"end":{"line":194,"column":9}},"80":{"start":{"line":191,"column":27},"end":{"line":194,"column":9}},"81":{"start":{"line":195,"column":6},"end":{"line":198,"column":9}},"82":{"start":{"line":195,"column":30},"end":{"line":198,"column":9}},"83":{"start":{"line":200,"column":28},"end":{"line":202,"column":8}},"84":{"start":{"line":201,"column":8},"end":{"line":201,"column":47}},"85":{"start":{"line":204,"column":6},"end":{"line":207,"column":9}},"86":{"start":{"line":204,"column":27},"end":{"line":207,"column":9}},"87":{"start":{"line":209,"column":27},"end":{"line":209,"column":76}},"88":{"start":{"line":211,"column":24},"end":{"line":211,"column":49}},"89":{"start":{"line":212,"column":25},"end":{"line":227,"column":7}},"90":{"start":{"line":229,"column":6},"end":{"line":229,"column":43}},"91":{"start":{"line":231,"column":6},"end":{"line":235,"column":9}},"92":{"start":{"line":239,"column":2},"end":{"line":239,"column":25}},"93":{"start":{"line":242,"column":15},"end":{"line":242,"column":30}},"94":{"start":{"line":243,"column":0},"end":{"line":243,"column":30}}},"fnMap":{"0":{"name":"_interopRequireDefault","decl":{"start":{"line":24,"column":9},"end":{"line":24,"column":31}},"loc":{"start":{"line":24,"column":37},"end":{"line":24,"column":97}},"line":24},"1":{"name":"_classCallCheck","decl":{"start":{"line":26,"column":9},"end":{"line":26,"column":24}},"loc":{"start":{"line":26,"column":48},"end":{"line":26,"column":153}},"line":26},"2":{"name":"_defineProperties","decl":{"start":{"line":28,"column":9},"end":{"line":28,"column":26}},"loc":{"start":{"line":28,"column":42},"end":{"line":28,"column":317}},"line":28},"3":{"name":"_createClass","decl":{"start":{"line":30,"column":9},"end":{"line":30,"column":21}},"loc":{"start":{"line":30,"column":60},"end":{"line":30,"column":215}},"line":30},"4":{"name":"(anonymous_4)","decl":{"start":{"line":36,"column":0},"end":{"line":36,"column":1}},"loc":{"start":{"line":36,"column":12},"end":{"line":240,"column":1}},"line":36},"5":{"name":"adminController","decl":{"start":{"line":37,"column":11},"end":{"line":37,"column":26}},"loc":{"start":{"line":37,"column":29},"end":{"line":39,"column":3}},"line":37},"6":{"name":"getAdminLogin","decl":{"start":{"line":43,"column":20},"end":{"line":43,"column":33}},"loc":{"start":{"line":43,"column":44},"end":{"line":51,"column":5}},"line":43},"7":{"name":"(anonymous_7)","decl":{"start":{"line":44,"column":66},"end":{"line":44,"column":67}},"loc":{"start":{"line":44,"column":91},"end":{"line":50,"column":7}},"line":44},"8":{"name":"adminLogin","decl":{"start":{"line":54,"column":20},"end":{"line":54,"column":30}},"loc":{"start":{"line":54,"column":41},"end":{"line":95,"column":5}},"line":54},"9":{"name":"(anonymous_9)","decl":{"start":{"line":64,"column":44},"end":{"line":64,"column":45}},"loc":{"start":{"line":64,"column":62},"end":{"line":66,"column":7}},"line":64},"10":{"name":"giveAccountNumber","decl":{"start":{"line":98,"column":20},"end":{"line":98,"column":37}},"loc":{"start":{"line":98,"column":48},"end":{"line":134,"column":5}},"line":98},"11":{"name":"(anonymous_11)","decl":{"start":{"line":108,"column":50},"end":{"line":108,"column":51}},"loc":{"start":{"line":108,"column":75},"end":{"line":110,"column":7}},"line":108},"12":{"name":"accountStatus","decl":{"start":{"line":137,"column":20},"end":{"line":137,"column":33}},"loc":{"start":{"line":137,"column":44},"end":{"line":175,"column":5}},"line":137},"13":{"name":"(anonymous_13)","decl":{"start":{"line":147,"column":54},"end":{"line":147,"column":55}},"loc":{"start":{"line":147,"column":71},"end":{"line":149,"column":7}},"line":147},"14":{"name":"adminRegister","decl":{"start":{"line":178,"column":20},"end":{"line":178,"column":33}},"loc":{"start":{"line":178,"column":44},"end":{"line":236,"column":5}},"line":178},"15":{"name":"(anonymous_15)","decl":{"start":{"line":200,"column":51},"end":{"line":200,"column":52}},"loc":{"start":{"line":200,"column":69},"end":{"line":202,"column":7}},"line":200}},"branchMap":{"0":{"loc":{"start":{"line":24,"column":46},"end":{"line":24,"column":94}},"type":"cond-expr","locations":[{"start":{"line":24,"column":70},"end":{"line":24,"column":73}},{"start":{"line":24,"column":76},"end":{"line":24,"column":94}}],"line":24},"1":{"loc":{"start":{"line":24,"column":46},"end":{"line":24,"column":67}},"type":"binary-expr","locations":[{"start":{"line":24,"column":46},"end":{"line":24,"column":49}},{"start":{"line":24,"column":53},"end":{"line":24,"column":67}}],"line":24},"2":{"loc":{"start":{"line":26,"column":50},"end":{"line":26,"column":151}},"type":"if","locations":[{"start":{"line":26,"column":50},"end":{"line":26,"column":151}},{"start":{"line":26,"column":50},"end":{"line":26,"column":151}}],"line":26},"3":{"loc":{"start":{"line":28,"column":136},"end":{"line":28,"column":166}},"type":"binary-expr","locations":[{"start":{"line":28,"column":136},"end":{"line":28,"column":157}},{"start":{"line":28,"column":161},"end":{"line":28,"column":166}}],"line":28},"4":{"loc":{"start":{"line":28,"column":200},"end":{"line":28,"column":254}},"type":"if"
[...]
:88,"column":17},"end":{"line":91,"column":7}},"51":{"start":{"line":93,"column":6},"end":{"line":100,"column":9}},"52":{"start":{"line":94,"column":8},"end":{"line":94,"column":36}},"53":{"start":{"line":95,"column":8},"end":{"line":95,"column":48}},"54":{"start":{"line":96,"column":8},"end":{"line":96,"column":38}},"55":{"start":{"line":97,"column":8},"end":{"line":97,"column":46}},"56":{"start":{"line":98,"column":8},"end":{"line":98,"column":42}},"57":{"start":{"line":99,"column":8},"end":{"line":99,"column":15}},"58":{"start":{"line":103,"column":2},"end":{"line":188,"column":5}},"59":{"start":{"line":104,"column":4},"end":{"line":119,"column":7}},"60":{"start":{"line":105,"column":15},"end":{"line":105,"column":16}},"61":{"start":{"line":106,"column":17},"end":{"line":110,"column":7}},"62":{"start":{"line":112,"column":6},"end":{"line":118,"column":9}},"63":{"start":{"line":113,"column":8},"end":{"line":113,"column":34}},"64":{"start":{"line":114,"column":8},"end":{"line":114,"column":36}},"65":{"start":{"line":115,"column":8},"end":{"line":115,"column":48}},"66":{"start":{"line":116,"column":8},"end":{"line":116,"column":43}},"67":{"start":{"line":117,"column":8},"end":{"line":117,"column":15}},"68":{"start":{"line":120,"column":4},"end":{"line":135,"column":7}},"69":{"start":{"line":121,"column":15},"end":{"line":121,"column":16}},"70":{"start":{"line":122,"column":17},"end":{"line":126,"column":7}},"71":{"start":{"line":128,"column":6},"end":{"line":134,"column":9}},"72":{"start":{"line":129,"column":8},"end":{"line":129,"column":34}},"73":{"start":{"line":130,"column":8},"end":{"line":130,"column":36}},"74":{"start":{"line":131,"column":8},"end":{"line":131,"column":48}},"75":{"start":{"line":132,"column":8},"end":{"line":132,"column":43}},"76":{"start":{"line":133,"column":8},"end":{"line":133,"column":15}},"77":{"start":{"line":136,"column":4},"end":{"line":152,"column":7}},"78":{"start":{"line":137,"column":15},"end":{"line":137,"column":16}},"79":{"start":{"line":138,"column":17},"end":{"line":143,"column":7}},"80":{"start":{"line":145,"column":6},"end":{"line":151,"column":9}},"81":{"start":{"line":146,"column":8},"end":{"line":146,"column":34}},"82":{"start":{"line":147,"column":8},"end":{"line":147,"column":36}},"83":{"start":{"line":148,"column":8},"end":{"line":148,"column":48}},"84":{"start":{"line":149,"column":8},"end":{"line":149,"column":43}},"85":{"start":{"line":150,"column":8},"end":{"line":150,"column":15}},"86":{"start":{"line":153,"column":4},"end":{"line":169,"column":7}},"87":{"start":{"line":154,"column":15},"end":{"line":154,"column":17}},"88":{"start":{"line":155,"column":17},"end":{"line":160,"column":7}},"89":{"start":{"line":162,"column":6},"end":{"line":168,"column":9}},"90":{"start":{"line":163,"column":8},"end":{"line":163,"column":34}},"91":{"start":{"line":164,"column":8},"end":{"line":164,"column":36}},"92":{"start":{"line":165,"column":8},"end":{"line":165,"column":48}},"93":{"start":{"line":166,"column":8},"end":{"line":166,"column":43}},"94":{"start":{"line":167,"column":8},"end":{"line":167,"column":15}},"95":{"start":{"line":170,"column":4},"end":{"line":187,"column":7}},"96":{"start":{"line":171,"column":15},"end":{"line":171,"column":16}},"97":{"start":{"line":172,"column":17},"end":{"line":178,"column":7}},"98":{"start":{"line":180,"column":6},"end":{"line":186,"column":9}},"99":{"start":{"line":181,"column":8},"end":{"line":181,"column":34}},"100":{"start":{"line":182,"column":8},"end":{"line":182,"column":36}},"101":{"start":{"line":183,"column":8},"end":{"line":183,"column":48}},"102":{"start":{"line":184,"column":8},"end":{"line":184,"column":43}},"103":{"start":{"line":185,"column":8},"end":{"line":185,"column":15}},"104":{"start":{"line":189,"column":2},"end":{"line":263,"column":5}},"105":{"start":{"line":190,"column":4},"end":{"line":201,"column":7}},"106":{"start":{"line":191,"column":17},"end":{"line":193,"column":7}},"107":{"start":{"line":195,"column":6},"end":{"line":200,"column":9}},"108":{"start":{"line":196,"column":8},"end":{"line":196,"column":36}},"109":{"start":{"line":197,"column":8},"end":{"line":197,"column":48}},"110":{"start":{"line":198,"column":8},"end":{"line":198,"column":45}},"111":{"start":{"line":199,"column":8},"end":{"line":199,"column":15}},"112":{"start":{"line":202,"column":4},"end":{"line":214,"column":7}},"113":{"start":{"line":203,"column":15},"end":{"line":203,"column":16}},"114":{"start":{"line":204,"column":24},"end":{"line":207,"column":7}},"115":{"start":{"line":209,"column":6},"end":{"line":213,"column":9}},"116":{"start":{"line":210,"column":8},"end":{"line":210,"column":36}},"117":{"start":{"line":211,"column":8},"end":{"line":211,"column":48}},"118":{"start":{"line":212,"column":8},"end":{"line":212,"column":15}},"119":{"start":{"line":215,"column":4},"end":{"line":227,"column":7}},"120":{"start":{"line":216,"column":15},"end":{"line":216,"column":16}},"121":{"start":{"line":217,"column":24},"end":{"line":220,"column":7}},"122":{"start":{"line":222,"column":6},"end":{"line":226,"column":9}},"123":{"start":{"line":223,"column":8},"end":{"line":223,"column":36}},"124":{"start":{"line":224,"column":8},"end":{"line":224,"column":48}},"125":{"start":{"line":225,"column":8},"end":{"line":225,"column":15}},"126":{"start":{"line":228,"column":4},"end":{"line":240,"column":7}},"127":{"start":{"line":229,"column":15},"end":{"line":229,"column":16}},"128":{"start":{"line":230,"column":24},"end":{"line":233,"column":7}},"129":{"start":{"line":235,"column":6},"end":{"line":239,"column":9}},"130":{"start":{"line":236,"column":8},"end":{"line":236,"column":36}},"131":{"start":{"line":237,"column":8},"end":{"line":237,"column":48}},"132":{"start":{"line":238,"column":8},"end":{"line":238,"column":15}},"133":{"start":{"line":241,"column":4},"end":{"line":262,"column":7}},"134":{"start":{"line":242,"column":15},"end":{"line":242,"column":16}},"135":{"start":{"line":244,"column":24},"end":{"line":253,"column":7}},"136":{"start":{"line":255,"column":6},"end":{"line":261,"column":9}},"137":{"start":{"line":256,"column":8},"end":{"line":256,"column":36}},"138":{"start":{"line":257,"column":8},"end":{"line":257,"column":48}},"139":{"start":{"line":258,"column":8},"end":{"line":258,"column":45}},"140":{"start":{"line":259,"column":8},"end":{"line":259,"column":49}},"141":{"start":{"line":260,"column":8},"end":{"line":260,"column":15}},"142":{"start":{"line":264,"column":2},"end":{"line":301,"column":5}},"143":{"start":{"line":265,"column":4},"end":{"line":276,"column":7}},"144":{"start":{"line":266,"column":17},"end":{"line":268,"column":7}},"145":{"start":{"line":270,"column":6},"end":{"line":275,"column":9}},"146":{"start":{"line":271,"column":8},"end":{"line":271,"column":36}},"147":{"start":{"line":272,"column":8},"end":{"line":272,"column":48}},"148":{"start":{"line":273,"column":8},"end":{"line":273,"column":48}},"149":{"start":{"line":274,"column":8},"end":{"line":274,"column":15}},"150":{"start":{"line":277,"column":4},"end":{"line":288,"column":7}},"151":{"start":{"line":278,"column":17},"end":{"line":280,"column":7}},"152":{"start":{"line":282,"column":6},"end":{"line":287,"column":9}},"153":{"start":{"line":283,"column":8},"end":{"line":283,"column":36}},"154":{"start":{"line":284,"column":8},"end":{"line":284,"column":48}},"155":{"start":{"line":285,"column":8},"end":{"line":285,"column":48}},"156":{"start":{"line":286,"column":8},"end":{"line":286,"column":15}},"157":{"start":{"line":289,"column":4},"end":{"line":300,"column":7}},"158":{"start":{"line":290,"column":17},"end":{"line":292,"column":7}},"159":{"start":{"line":294,"column":6},"end":{"line":299,"column":9}},"160":{"start":{"line":295,"column":8},"end":{"line":295,"column":36}},"161":{"start":{"line":296,"column":8},"end":{"line":296,"column":48}},"162":{"start":{"line":297,"column":8},"end":{"line":297,"column":49}},"163":{"start":{"line":298,"column":8},"end":{"line":298,"column":15}},"164":{"start":{"line":302,"column":2},"end":{"line":319,"column":5}},"165":{"start":{"line":303,"column":4},"end":{"line":318,"column":7}},"166":{"start":{"line":304,"column":15},"end":{"line":304,"column":16}},"167":{"start":{"line":305,"column":27},"end":{"line":308,"column":7}},"168":{"start":{"line":310,"column":6},"end":{"line":317,"column":9}},"169":{"start":{"line":311,"column":8},"end":{"line":311,"column":36}},"170":{"start":{"line":312,"column":8},"end":{"line":312,"column":39}},"171":{"start":{"line":313,"column":8},"end":{"line":313,"column":48}},"172":{"start":{"line":314,"column":8},"end":{"line":314,"column":45}},"173":{"start":{"line":315,"column":8},"end":{"line":315,"column":53}},"174":{"start":{"line":316,"column":8},"end":{"line":316,"column":15}}},"fnMap":{"0":{"name":"_interopRequireDefault","decl":{"start":{"line":9,"column":9},"end":{"line":9,"column":31}},"loc":{"start":{"line":9,"column":37},"end":{"line":9,"column":97}},"line":9},"1":{"name":"(anonymous_1)","decl":{"start":{"line":17,"column":20},"end":{"line":17,"column":21}},"loc":{"start":{"line":17,"column":32},"end":{"line":320,"column":1}},"line":17},"2":{"name":"(anonymous_2)","decl":{"start":{"line":18,"column":23},"end":{"line":18,"column":24}},"loc":{"start":{"line":18,"column":35},"end":{"line":56,"column":3}},"line":18},"3":{"name":"(anonymous_3)","decl":{"start":{"line":20,"column":48},"end":{"line":20,"column":49}},"loc":{"start":{"line":20,"column":64},"end":{"line":25,"column":5}},"line":20},"4":{"name":"(anonymous_4)","decl":{"start":{"line":21,"column":61},"end":{"line":21,"column":62}},"loc":{"start":{"line":21,"column":81},"end":{"line":24,"column":7}},"line":21},"5":{"name":"(anonymous_5)","decl":{"start":{"line":26,"column":54},"end":{"line":26,"column":55}},"loc":{"start":{"line":26,"column":70},"end":{"line":38,"column":5}},"line":26},"6":{"name":"(anonymous_6)","decl":{"start":{"line":31,"column":93},"end":{"line":31,"column":94}},"loc":{"start":{"line":31,"column":113},"end":{"line":37,"column":7}},"line":31},"7":{"name":"(anonymous_7)","decl":{"start":{"line":39,"column":67},"end":{"line":39,"column":68}},"loc":{"start":{"line":39,"column":83},"end":{"line":55,"column":5}},"line":39},"8":{"name":"(anonymous_8)","decl":{"start":{"line":45,"column":93},"end":{"line":45,"column":94}},"loc":{"start":{"line":45,"column":113},"end":{"line":54,"column":7}},"line":45},"9":{"name":"(anonymous_9)","decl":{"start":{"line":57,"column":20},"end":{"line":57,"column":21}},"loc":{"start":{"line":57,"column":32},"end":{"line":102,"column":3}},"line":57},"10":{"name":"(anonymous_10)","decl":{"start":{"line":58,"column":56},"end":{"line":58,"column":57}},"loc":{"start":{"line":58,"column":72},"end":{"line":71,"column":5}},"line":58},"11":{"name":"(anonymous_11)","decl":{"start":{"line":64,"column":90},"end":{"line":64,"column":91}},"loc":{"start":{"line":64,"column":110},"end":{"line":70,"column":7}},"line":64},"12":{"name":"(anonymous_12)","decl":{"start":{"line":72,"column":30},"end":{"line":72,"column":31}},"loc":{"start":{"line":72,"column":46},"end":{"line":86,"column":5}},"line":72},"13":{"name":"(anonymous_13)","decl":{"start":{"line":78,"column":90},"end":{"line":78,"column":91}},"loc":{"start":{"line":78,"column":110},"end":{"line":85,"column":7}},"line":78},"14":{"name":"(anonymous_14)","decl":{"start":{"line":87,"column":56},"end":{"line":87,"column":57}},"loc":{"start":{"line":87,"column":72},"end":{"line":101,"column":5}},"line":87},"15":{"name":"(anonymous_15)","decl":{"start":{"line":93,"column":90},"end":{"line":93,"column":91}},"loc":{"start":{"line":93,"column":110},"end":{"line":100,"column":7}},"line":93},"16":{"name":"(anonymous_16)","decl":{"start":{"line":103,"column":29},"end":{"line":103,"column":30}},"loc":{"start":{"line":103,"column":41},"end":{"line":188,"column":3}},"line":103},"17":{"name":"(anonymous_17)","decl":{"start":{"line":104,"column":60},"end":{"line":104,"column":61}},"loc":{"start":{"line":104,"column":76},"end":{"line":119,"column":5}},"line":104},"18":{"name":"(anonymous_18)","decl":{"start":{"line":112,"column":105},"end":{"line":112,"column":106}},"loc":{"start":{"line":112,"column":125},"end":{"line":118,"column":7}},"line":112},"19":{"name":"(anonymous_19)","decl":{"start":{"line":120,"column":59},"end":{"line":120,"column":60}},"loc":{"start":{"line":120,"column":75},"end":{"line":135,"column":5}},"line":120},"20":{"name":"(anonymous_20)","decl":{"start":{"line":128,"column":105},"end":{"line":128,"column":106}},"loc":{"start":{"line":128,"column":125},"end":{"line":134,"column":7}},"line":128},"21":{"name":"(anonymous_21)","decl":{"start":{"line":136,"column":63},"end":{"line":136,"column":64}},"loc":{"start":{"line":136,"column":79},"end":{"line":152,"column":5}},"line":136},"22":{"name":"(anonymous_22)","decl":{"start":{"line":145,"column":105},"end":{"line":145,"column":106}},"loc":{"start":{"line":145,"column":125},"end":{"line":151,"column":7}},"line":145},"23":{"name":"(anonymous_23)","decl":{"start":{"line":153,"column":60},"end":{"line":153,"column":61}},"loc":{"start":{"line":153,"column":76},"end":{"line":169,"column":5}},"line":153},"24":{"name":"(anonymous_24)","decl":{"start":{"line":162,"column":105},"end":{"line":162,"column":106}},"loc":{"start":{"line":162,"column":125},"end":{"line":168,"column":7}},"line":162},"25":{"name":"(anonymous_25)","decl":{"start":{"line":170,"column":37},"end":{"line":170,"column":38}},"loc":{"start":{"line":170,"column":53},"end":{"line":187,"column":5}},"line":170},"26":{"name":"(anonymous_26)","decl":{"start":{"line":180,"column":105},"end":{"line":180,"column":106}},"loc":{"start":{"line":180,"column":125},"end":{"line":186,"column":7}},"line":180},"27":{"name":"(anonymous_27)","decl":{"start":{"line":189,"column":34},"end":{"line":189,"column":35}},"loc":{"start":{"line":189,"column":46},"end":{"line":263,"column":3}},"line":189},"28":{"name":"(anonymous_28)","decl":{"start":{"line":190,"column":61},"end":{"line":190,"column":62}},"loc":{"start":{"line":190,"column":77},"end":{"line":201,"column":5}},"line":190},"29":{"name":"(anonymous_29)","decl":{"start":{"line":195,"column":121},"end":{"line":195,"column":122}},"loc":{"start":{"line":195,"column":141},"end":{"line":200,"column":7}},"line":195},"30":{"name":"(anonymous_30)","decl":{"start":{"line":202,"column":67},"end":{"line":202,"column":68}},"loc":{"start":{"line":202,"column":83},"end":{"line":214,"column":5}},"line":202},"31":{"name":"(anonymous_31)","decl":{"start":{"line":209,"column":123},"end":{"line":209,"column":124}},"loc":{"start":{"line":209,"column":143},"end":{"line":213,"column":7}},"line":209},"32":{"name":"(anonymous_32)","decl":{"start":{"line":215,"column":66},"end":{"line":215,"column":67}},"loc":{"start":{"line":215,"column":82},"end":{"line":227,"column":5}},"line":215},"33":{"name":"(anonymous_33)","decl":{"start":{"line":222,"column":123},"end":{"line":222,"column":124}},"loc":{"start":{"line":222,"column":143},"end":{"line":226,"column":7}},"line":222},"34":{"name":"(anonymous_34)","decl":{"start":{"line":228,"column":69},"end":{"line":228,"column":70}},"loc":{"start":{"line":228,"column":85},"end":{"line":240,"column":5}},"line":228},"35":{"name":"(anonymous_35)","decl":{"start":{"line":235,"column":123},"end":{"line":235,"column":124}},"loc":{"start":{"line":235,"column":143},"end":{"line":239,"column":7}},"line":235},"36":{"name":"(anonymous_36)","decl":{"start":{"line":241,"column":50},"end":{"line":241,"column":51}},"loc":{"start":{"line":241,"column":66},"end":{"line":262,"column":5}},"line":241},"37":{"name":"(anonymous_37)","decl":{"start":{"line":255,"column":123},"end":{"line":255,"column":124}},"loc":{"start":{"line":255,"column":143},"end":{"line":261,"column":7}},"line":255},"38":{"name":"(anonymous_38)","decl":{"start":{"line":264,"column":29},"end":{"line":264,"column":30}},"loc":{"start":{"line":264,"column":41},"end":{"line":301,"column":3}},"line":264},"39":{"name":"(anonymous_39)","decl":{"start":{"line":265,"column":58},"end":{"line":265,"column":59}},"loc":{"start":{"line":265,"column":74},"end":{"line":276,"column":5}},"line":265},"40":{"name":"(anonymous_40)","decl":{"start":{"line":270,"column":99},"end":{"line":270,"column":100}},"loc":{"start":{"line":270,"column":119},"end":{"line":275,"column":7}},"line":270},"41":{"name":"(anonymous_41)","decl":{"start":{"line":277,"column":48},"end":{"line":277,"column":49}},"loc":{"start":{"line":277,"column":64},"end":{"line":288,"column":5}},"line":277},"42":{"name":"(anonymous_42)","decl":{"start":{"line":282,"column":99},"end":{"line":282,"column":100}},"loc":{"start":{"line":282,"column":119},"end":{"line":287,"column":7}},"line":282},"43":{"name":"(anonymous_43)","decl":{"start":{"line":289,"column":37},"end":{"line":289,"column":38}},"loc":{"start":{"line":289,"column":53},"end":{"line":300,"column":5}},"line":289},"44":{"name":"(anonymous_44)","decl":{"start":{"line":294,"column":99},"end":{"line":294,"column":100}},"loc":{"start":{"line":294,"column":119},"end":{"line":299,"column":7}},"line":294},"45":{"name":"(anonymous_45)","decl":{"start":{"line":302,"column":30},"end":{"line":302,"column":31}},"loc":{"start":{"line":302,"column":42},"end":{"line":319,"column":3}},"line":302},"46":{"name":"(anonymous_46)","decl":{"start":{"line":303,"column":38},"end":{"line":303,"column":39}},"loc":{"start":{"line":303,"column":54},"end":{"line":318,"column":5}},"line":303},"47":{"name":"(anonymous_47)","decl":{"start":{"line":310,"column":122},"end":{"line":310,"column":123}},"loc":{"start":{"line":310,"column":142},"end":{"line":317,"column":7}},"line":310}},"branchMap":{"0":{"loc":{"start":{"line":9,"column":46},"end":{"line":9,"column":94}},"type":"cond-expr","locations":[{"start":{"line":9,"column":70},"end":{"line":9,"column":73}},{"start":{"line":9,"column":76},"end":{"line":9,"column":94}}],"line":9},"1":{"loc":{"start":{"line":9,"column":46},"end":{"line":9,"column":67}},"type":"binary-expr","locations":[{"start":{"line":9,"column":46},"end":{"line":9,"column":49}},{"start":{"line":9,"column":53},"end":{"line":9,"column":67}}],"line":9}},"s":{"0":1,"1":1,"2":1,"3":3,"4":1,"5":1,"6":1,"7":1,"8":1,"9":1,"10":1,"11":1,"12":1,"13":1,"14":1,"15":1,"16":1,"17":1,"18":1,"19":1,"20":1,"21":1,"22":1,"23":1,"24":1,"25":1,"26":1,"27":1,"28":1,"29":1,"30":1,"31":1,"32":1,"33":1,"34":1,"35":1,"36":1,"37":1,"38":1,"39":1,"40":1,"41":1,"42":1,"43":1,"44":1,"45":1,"46":1,"47":1,"48":1,"49":1,"50":1,"51":1,"52":1,"53":1,"54":1,"55":0,"56":0,"57":0,"58":1,"59":1,"60":1,"61":1,"62":1,"63":1,"64":1,"65":0,"66":0,"67":0,"68":1,"69":1,"70":1,"71":1,"72":1,"73":1,"74":0,"75":0,"76":0,"77":1,"78":1,"79":1,"80":1,"81":1,"82":1,"83":0,"84":0,"85":0,"86":1,"87":1,"88":1,"89":1,"90":1,"91":1,"92":1,"93":0,"94":0,"95":1,"96":1,"97":1,"98":1,"99":1,"100":1,"101":0,"102":0,"103":0,"104":1,"105":1,"106":1,"107":1,"108":1,"109":1,"110":0,"111":0,"112":1,"113":1,"114":1,"115":1,"116":1,"117":0,"118":0,"119":1,"120":1,"121":1,"122":1,"123":1,"124":0,"125":0,"126":1,"127":1,"128":1,"129":1,"130":1,"131":0,"132":0,"133":1,"134":1,"135":1,"136":1,"137":1,"138":0,"139":0,"140":0,"141":0,"142":1,"143":1,"144":1,"145":1,"146":1,"147":0,"148":0,"149":0,"150":1,"151":1,"152":1,"153":1,"154":1,"155":0,"156":0,"157":1,"158":1,"159":1,"160":1,"161":0,"162":0,"163":0,"164":1,"165":1,"166":1,"167":1,"168":1,"169":1,"170":0,"171":0,"172":0,"173":0,"174":0},"f":{"0":3,"1":1,"2":1,"3":1,"4":1,"5":1,"6":1,"7":1,"8":1,"9":1,"10":1,"11":1,"12":1,"13":1,"14":1,"15":1,"16":1,"17":1,"18":1,"19":1,"20":1,"21":1,"22":1,"23":1,"24":1,"25":1,"26":1,"27":1,"28":1,"29":1,"30":1,"31":1,"32":1,"33":1,"34":1,"35":1,"36":1,"37":1,"38":1,"39":1,"40":1,"41":1,"42":1,"43":1,"44":1,"45":1,"46":1,"47":1},"b":{"0":[1,2],"1":[3,3]},"_coverageSchema":"43e27e138ebf9cfc5966b082cf9a028302ed4184","hash":"b575e63127d0c0a844e7976bb7105d996f654a85","contentHash":"94ea3c577cacb42843b95547d844658096cf8d86b07b44e98377484e876bd96f"}}